<?xml version="1.0" encoding="UTF-8"?>
<testsuite xmlns:xsi="http://www.w3.org/2001/XMLSchema-instance" xsi:noNamespaceSchemaLocation="https://maven.apache.org/surefire/maven-surefire-plugin/xsd/surefire-test-report-3.0.xsd" version="3.0" name="net.sf.persism.TestDerby" time="7.539" tests="10" errors="0" skipped="0" failures="0">
  <properties>
[...]
</properties>
  <testcase name="testContactTable" classname="net.sf.persism.TestDerby" time="5.339">
    <system-out><![CDATA[INFO  Mar 18 23:00:49 net.sf.persism.UtilsForTests - createHomeFolder: C:/Users/Pablo/pinfderby
INFO  Mar 18 23:00:49 net.sf.persism.UtilsForTests - createHomeFolder: false
INFO  Mar 18 23:00:49 net.sf.persism.TestDerby - jdbc:derby:C:/Users/Pablo/pinfderby/pinfderby;create=true
INFO  Mar 18 23:00:53 net.sf.persism.BaseTest - DROP TABLE Orders
INFO  Mar 18 23:00:53 net.sf.persism.BaseTest - CREATE TABLE Orders ( ID INTEGER NOT NULL GENERATED ALWAYS AS IDENTITY (START WITH 1, INCREMENT BY 1),  NAME VARCHAR(30),  PAID BOOLEAN,  Customer_ID VARCHAR(10),  Created TIMESTAMP DEFAULT CURRENT_TIMESTAMP NOT NULL,  Date_Paid TIMESTAMP,  DateSomething TIMESTAMP) 
INFO  Mar 18 23:00:53 net.sf.persism.BaseTest - DROP TABLE Customers
INFO  Mar 18 23:00:53 net.sf.persism.BaseTest - CREATE TABLE Customers (  Customer_ID varchar(10) PRIMARY KEY NOT NULL,  Company_Name VARCHAR(30),  Contact_Name VARCHAR(30),  Contact_Title VARCHAR(10),  Address VARCHAR(40),  City VARCHAR(30),  Region VARCHAR(10),  Postal_Code VARCHAR(10),  Country VARCHAR(2) NOT NULL DEFAULT 'US',  Phone VARCHAR(30),  Fax VARCHAR(30),  STATUS CHAR(1),  Date_Registered TIMESTAMP DEFAULT CURRENT_TIMESTAMP,  Date_Of_Last_Order DATE,  TestLocalDate TIMESTAMP,  TestLocalDateTime TIMESTAMP ) 
INFO  Mar 18 23:00:53 net.sf.persism.BaseTest - DROP TABLE Invoices
INFO  Mar 18 23:00:53 net.sf.persism.BaseTest - CREATE TABLE Invoices ( Invoice_ID INTEGER NOT NULL GENERATED ALWAYS AS IDENTITY (START WITH 1, INCREMENT BY 1),  Customer_ID varchar(10) NOT NULL,  Paid BOOLEAN NOT NULL,  Price NUMERIC(7,3) NOT NULL,  Quantity INT NOT NULL,  Total NUMERIC(10,3) NOT NULL ) 
INFO  Mar 18 23:00:53 net.sf.persism.BaseTest - DROP TABLE TABLEMULTIPRIMARY
INFO  Mar 18 23:00:53 net.sf.persism.BaseTest - CREATE TABLE TABLEMULTIPRIMARY (  CUSTOMER_NAME VARCHAR(30) NOT NULL,  Field4 VARCHAR(30),  Field5 TIMESTAMP,  ID INT NOT NULL ) 
INFO  Mar 18 23:00:53 net.sf.persism.BaseTest - ALTER TABLE TABLEMULTIPRIMARY ADD PRIMARY KEY (ID, CUSTOMER_NAME)
INFO  Mar 18 23:00:53 net.sf.persism.BaseTest - DROP TABLE Contacts
INFO  Mar 18 23:00:53 net.sf.persism.BaseTest - CREATE TABLE Contacts(     "identity" CHAR(16) FOR BIT DATA NOT NULL PRIMARY KEY,     PartnerID varchar(36) NOT NULL,     Type char(2) NOT NULL,     Firstname varchar(50) NOT NULL,     Lastname varchar(50) NOT NULL,     ContactName varchar(50) NOT NULL,     Company varchar(50) NOT NULL,     Division varchar(50),     Email varchar(50),     Address1 varchar(50),     Address2 varchar(50),     City varchar(50),     Status SMALLINT,    StateProvince varchar(50),     ZipPostalCode varchar(10),     Country varchar(50),     DateAdded Date,     LastModified Timestamp,     Notes Clob,     AmountOwed REAL,     "BigInt" DECIMAL(20)  ,     SomeDate Timestamp,    TestINstant Timestamp,    TestINstant2 Timestamp,    WhatMiteIsIt TIME,    WhatTimeIsIt TIME) 
INFO  Mar 18 23:00:53 net.sf.persism.BaseTest - DROP TABLE DateTestLocalTypes
INFO  Mar 18 23:00:53 net.sf.persism.BaseTest - CREATE TABLE DateTestLocalTypes (  ID INT,  Description VARCHAR(100),  DateOnly DATE,  TimeOnly TIME, DateAndTime TIMESTAMP) 
INFO  Mar 18 23:00:53 net.sf.persism.BaseTest - DROP TABLE DateTestSQLTypes
INFO  Mar 18 23:00:53 net.sf.persism.BaseTest - CREATE TABLE DateTestSQLTypes (  ID INT,  Description VARCHAR(100),  DateOnly DATE,  TimeOnly TIME, UtilDateAndTime TIMESTAMP, DateAndTime TIMESTAMP) 
INFO  Mar 18 23:00:53 net.sf.persism.BaseTest - Local Date: 1994-02-17T10:23:43.997 INSTANT: 1994-02-17T10:23:43.997Z
INFO  Mar 18 23:00:53 net.sf.persism.BaseTest - Local Date: 2021-03-18T23:00:53.555 INSTANT: 2021-03-19T02:00:53.555Z
WARN  Mar 18 23:00:53 net.sf.persism.MetaData - Property not found for column: TESTINSTANT class: class net.sf.persism.dao.Contact
WARN  Mar 18 23:00:53 net.sf.persism.MetaData - Property not found for column: TESTINSTANT2 class: class net.sf.persism.dao.Contact
WARN  Mar 18 23:00:53 net.sf.persism.Session - Possible overflow column AMOUNTOWED - Target type is FLOAT and Value type is DOUBLE net.sf.persism.Session.readColumn(Session.java:780)
INFO  Mar 18 23:00:53 net.sf.persism.Session - No properties changed. No update required for Object: Contact{identity=d316ad81-946d-416b-98e3-3f3b03aa73db, partnerId=a0d00c5a-3de6-4ae8-ba11-e3e02c2b3a83, type='X', firstname='Fred', lastname='Flintstone', contactName='Fred Flintstone', company='Grouch Inc', division='Y', email='null', address1='123 Sesame Street', address2='Appt #0 (garbage can)', city='Philly?', stateProvince='null', zipPostalCode='null', country='US', dateAdded=1998-02-17, lastModified=1997-02-17 10:23:43.123, amountOwed=100.23, notes='B:AH B:AH VBLAH
 BLAH BLAY!', whatTimeIsIt=10:23:52} class: net.sf.persism.dao.Contact
INFO  Mar 18 23:00:53 net.sf.persism.BaseTest - CONTACT: Contact{identity=d316ad81-946d-416b-98e3-3f3b03aa73db, partnerId=a0d00c5a-3de6-4ae8-ba11-e3e02c2b3a83, type='X ', firstname='Fred', lastname='Flintstone', contactName='Fred Flintstone', company='Grouch Inc', division='Y', email='null', address1='123 Sesame Street', address2='Appt #0 (garbage can)', city='Philly?', stateProvince='null', zipPostalCode='null', country='US', dateAdded=1998-02-17, lastModified=1997-02-17 10:23:43.123, amountOwed=100.23, notes='B:AH B:AH VBLAH
 BLAH BLAY!', whatTimeIsIt=10:23:52}
INFO  Mar 18 23:00:53 net.sf.persism.BaseTest - contact after insert/update before commit/rollback: Contact{identity=531e0536-8154-4559-8140-33b61352829d, partnerId=a0d00c5a-3de6-4ae8-ba11-e3e02c2b3a83, type='X ', firstname='Fred', lastname='Flintstone', contactName='HELLO?!', company='Grouch Inc', division='DIVISION X', email='null', address1='123 Sesame Street', address2='Appt #0 (garbage can)', city='Philly?', stateProvince='null', zipPostalCode='null', country='US', dateAdded=1998-02-17, lastModified=1997-02-17 10:23:43.123, amountOwed=100.23, notes='B:AH B:AH VBLAH
 BLAH BLAY!', whatTimeIsIt=10:23:52}
INFO  Mar 18 23:00:53 net.sf.persism.BaseTest - FAILS?: net.sf.persism.PersismException: Table/View 'MISSING' does not exist.
]]></system-out>
  </testcase>
  <testcase name="testAllDates" classname="net.sf.persism.TestDerby" time="0.217">
    <system-out><![CDATA[INFO  Mar 18 23:00:53 net.sf.persism.UtilsForTests - createHomeFolder: C:/Users/Pablo/pinfderby
INFO  Mar 18 23:00:53 net.sf.persism.UtilsForTests - createHomeFolder: false
INFO  Mar 18 23:00:53 net.sf.persism.TestDerby - jdbc:derby:C:/Users/Pablo/pinfderby/pinfderby;create=true
INFO  Mar 18 23:00:53 net.sf.persism.BaseTest - DROP TABLE Orders
INFO  Mar 18 23:00:53 net.sf.persism.BaseTest - CREATE TABLE Orders ( ID INTEGER NOT NULL GENERATED ALWAYS AS IDENTITY (START WITH 1, INCREMENT BY 1),  NAME VARCHAR(30),  PAID BOOLEAN,  Customer_ID VARCHAR(10),  Created TIMESTAMP DEFAULT CURRENT_TIMESTAMP NOT NULL,  Date_Paid TIMESTAMP,  DateSomething TIMESTAMP) 
INFO  Mar 18 23:00:53 net.sf.persism.BaseTest - DROP TABLE Customers
INFO  Mar 18 23:00:53 net.sf.persism.BaseTest - CREATE TABLE Customers (  Customer_ID varchar(10) PRIMARY KEY NOT NULL,  Company_Name VARCHAR(30),  Contact_Name VARCHAR(30),  Contact_Title VARCHAR(10),  Address VARCHAR(40),  City VARCHAR(30),  Region VARCHAR(10),  Postal_Code VARCHAR(10),  Country VARCHAR(2) NOT NULL DEFAULT 'US',  Phone VARCHAR(30),  Fax VARCHAR(30),  STATUS CHAR(1),  Date_Registered TIMESTAMP DEFAULT CURRENT_TIMESTAMP,  Date_Of_Last_Order DATE,  TestLocalDate TIMESTAMP,  TestLocalDateTime TIMESTAMP ) 
INFO  Mar 18 23:00:54 net.sf.persism.BaseTest - DROP TABLE Invoices
INFO  Mar 18 23:00:54 net.sf.persism.BaseTest - CREATE TABLE Invoices ( Invoice_ID INTEGER NOT NULL GENERATED ALWAYS AS IDENTITY (START WITH 1, INCREMENT BY 1),  Customer_ID varchar(10) NOT NULL,  Paid BOOLEAN NOT NULL,  Price NUMERIC(7,3) NOT NULL,  Quantity INT NOT NULL,  Total NUMERIC(10,3) NOT NULL ) 
INFO  Mar 18 23:00:54 net.sf.persism.BaseTest - DROP TABLE TABLEMULTIPRIMARY
INFO  Mar 18 23:00:54 net.sf.persism.BaseTest - CREATE TABLE TABLEMULTIPRIMARY (  CUSTOMER_NAME VARCHAR(30) NOT NULL,  Field4 VARCHAR(30),  Field5 TIMESTAMP,  ID INT NOT NULL ) 
INFO  Mar 18 23:00:54 net.sf.persism.BaseTest - ALTER TABLE TABLEMULTIPRIMARY ADD PRIMARY KEY (ID, CUSTOMER_NAME)
INFO  Mar 18 23:00:54 net.sf.persism.BaseTest - DROP TABLE Contacts
INFO  Mar 18 23:00:54 net.sf.persism.BaseTest - CREATE TABLE Contacts(     "identity" CHAR(16) FOR BIT DATA NOT NULL PRIMARY KEY,     PartnerID varchar(36) NOT NULL,     Type char(2) NOT NULL,     Firstname varchar(50) NOT NULL,     Lastname varchar(50) NOT NULL,     ContactName varchar(50) NOT NULL,     Company varchar(50) NOT NULL,     Division varchar(50),     Email varchar(50),     Address1 varchar(50),     Address2 varchar(50),     City varchar(50),     Status SMALLINT,    StateProvince varchar(50),     ZipPostalCode varchar(10),     Country varchar(50),     DateAdded Date,     LastModified Timestamp,     Notes Clob,     AmountOwed REAL,     "BigInt" DECIMAL(20)  ,     SomeDate Timestamp,    TestINstant Timestamp,    TestINstant2 Timestamp,    WhatMiteIsIt TIME,    WhatTimeIsIt TIME) 
INFO  Mar 18 23:00:54 net.sf.persism.BaseTest - DROP TABLE DateTestLocalTypes
INFO  Mar 18 23:00:54 net.sf.persism.BaseTest - CREATE TABLE DateTestLocalTypes (  ID INT,  Description VARCHAR(100),  DateOnly DATE,  TimeOnly TIME, DateAndTime TIMESTAMP) 
INFO  Mar 18 23:00:54 net.sf.persism.BaseTest - DROP TABLE DateTestSQLTypes
INFO  Mar 18 23:00:54 net.sf.persism.BaseTest - CREATE TABLE DateTestSQLTypes (  ID INT,  Description VARCHAR(100),  DateOnly DATE,  TimeOnly TIME, UtilDateAndTime TIMESTAMP, DateAndTime TIMESTAMP) 
INFO  Mar 18 23:00:54 net.sf.persism.BaseTest - udate: Mon Feb 17 22:23:41 ARST 1992 698372621107
INFO  Mar 18 23:00:54 net.sf.persism.BaseTest - sdate: 1992-02-17 698372621107
INFO  Mar 18 23:00:54 net.sf.persism.BaseTest - ts: 1992-02-17 22:23:41.107
INFO  Mar 18 23:00:54 net.sf.persism.BaseTest - time: 22:23:41
INFO  Mar 18 23:00:54 net.sf.persism.BaseTest - BEFORE: DateTestSQLTypes{id=1, description='test 1', dateOnly=1992-02-17, timeOnly=22:23:41, dateAndTime=1992-02-17 22:23:41.107, utilDateAndTime=Mon Feb 17 22:23:41 ARST 1992}
INFO  Mar 18 23:00:54 net.sf.persism.BaseTest - AFTER:  DateTestSQLTypes{id=1, description='test 1', dateOnly=1992-02-17, timeOnly=22:23:41, dateAndTime=1992-02-17 22:23:41.107, utilDateAndTime=Mon Feb 17 22:23:41 ARST 1992}
INFO  Mar 18 23:00:54 net.sf.persism.BaseTest - [DateTestSQLTypes{id=1, description='test 1', dateOnly=1992-02-17, timeOnly=22:23:41, dateAndTime=1992-02-17 22:23:41.107, utilDateAndTime=Mon Feb 17 22:23:41 ARST 1992}]
INFO  Mar 18 23:00:54 net.sf.persism.BaseTest - ldt: 1998-02-17T10:23:43.567
INFO  Mar 18 23:00:54 net.sf.persism.BaseTest - ld : 1997-02-17
INFO  Mar 18 23:00:54 net.sf.persism.BaseTest - lt : 10:23:43.567
INFO  Mar 18 23:00:54 net.sf.persism.BaseTest - BEFORE: DateTestLocalTypes{id=1, description='test 1', dateOnly=1997-02-17, timeOnly=10:23:43.567, dateAndTime=1998-02-17T10:23:43.567}
INFO  Mar 18 23:00:54 net.sf.persism.BaseTest - AFTER:  DateTestLocalTypes{id=1, description='test 1', dateOnly=1997-02-17, timeOnly=10:23:43, dateAndTime=1998-02-17T10:23:43.567}
INFO  Mar 18 23:00:54 net.sf.persism.BaseTest - [DateTestLocalTypes{id=1, description='test 1', dateOnly=1997-02-17, timeOnly=10:23:43, dateAndTime=1998-02-17T10:23:43.567}, DateTestLocalTypes{id=2, description='time later in the day to test awfulness of SQLite', dateOnly=null, timeOnly=22:23:41, dateAndTime=null}]
]]></system-out>
  </testcase>
  <testcase name="testTypes" classname="net.sf.persism.TestDerby" time="0.59">
    <system-out><![CDATA[INFO  Mar 18 23:00:54 net.sf.persism.UtilsForTests - createHomeFolder: C:/Users/Pablo/pinfderby
INFO  Mar 18 23:00:54 net.sf.persism.UtilsForTests - createHomeFolder: false
INFO  Mar 18 23:00:54 net.sf.persism.TestDerby - jdbc:derby:C:/Users/Pablo/pinfderby/pinfderby;create=true
INFO  Mar 18 23:00:54 net.sf.persism.BaseTest - DROP TABLE Orders
INFO  Mar 18 23:00:54 net.sf.persism.BaseTest - CREATE TABLE Orders ( ID INTEGER NOT NULL GENERATED ALWAYS AS IDENTITY (START WITH 1, INCREMENT BY 1),  NAME VARCHAR(30),  PAID BOOLEAN,  Customer_ID VARCHAR(10),  Created TIMESTAMP DEFAULT CURRENT_TIMESTAMP NOT NULL,  Date_Paid TIMESTAMP,  DateSomething TIMESTAMP) 
INFO  Mar 18 23:00:54 net.sf.persism.BaseTest - DROP TABLE Customers
INFO  Mar 18 23:00:54 net.sf.persism.BaseTest - CREATE TABLE Customers (  Customer_ID varchar(10) PRIMARY KEY NOT NULL,  Company_Name VARCHAR(30),  Contact_Name VARCHAR(30),  Contact_Title VARCHAR(10),  Address VARCHAR(40),  City VARCHAR(30),  Region VARCHAR(10),  Postal_Code VARCHAR(10),  Country VARCHAR(2) NOT NULL DEFAULT 'US',  Phone VARCHAR(30),  Fax VARCHAR(30),  STATUS CHAR(1),  Date_Registered TIMESTAMP DEFAULT CURRENT_TIMESTAMP,  Date_Of_Last_Order DATE,  TestLocalDate TIMESTAMP,  TestLocalDateTime TIMESTAMP ) 
INFO  Mar 18 23:00:54 net.sf.persism.BaseTest - DROP TABLE Invoices
INFO  Mar 18 23:00:54 net.sf.persism.BaseTest - CREATE TABLE Invoices ( Invoice_ID INTEGER NOT NULL GENERATED ALWAYS AS IDENTITY (START WITH 1, INCREMENT BY 1),  Customer_ID varchar(10) NOT NULL,  Paid BOOLEAN NOT NULL,  Price NUMERIC(7,3) NOT NULL,  Quantity INT NOT NULL,  Total NUMERIC(10,3) NOT NULL ) 
INFO  Mar 18 23:00:54 net.sf.persism.BaseTest - DROP TABLE TABLEMULTIPRIMARY
INFO  Mar 18 23:00:54 net.sf.persism.BaseTest - CREATE TABLE TABLEMULTIPRIMARY (  CUSTOMER_NAME VARCHAR(30) NOT NULL,  Field4 VARCHAR(30),  Field5 TIMESTAMP,  ID INT NOT NULL ) 
INFO  Mar 18 23:00:54 net.sf.persism.BaseTest - ALTER TABLE TABLEMULTIPRIMARY ADD PRIMARY KEY (ID, CUSTOMER_NAME)
INFO  Mar 18 23:00:54 net.sf.persism.BaseTest - DROP TABLE Contacts
INFO  Mar 18 23:00:54 net.sf.persism.BaseTest - CREATE TABLE Contacts(     "identity" CHAR(16) FOR BIT DATA NOT NULL PRIMARY KEY,     PartnerID varchar(36) NOT NULL,     Type char(2) NOT NULL,     Firstname varchar(50) NOT NULL,     Lastname varchar(50) NOT NULL,     ContactName varchar(50) NOT NULL,     Company varchar(50) NOT NULL,     Division varchar(50),     Email varchar(50),     Address1 varchar(50),     Address2 varchar(50),     City varchar(50),     Status SMALLINT,    StateProvince varchar(50),     ZipPostalCode varchar(10),     Country varchar(50),     DateAdded Date,     LastModified Timestamp,     Notes Clob,     AmountOwed REAL,     "BigInt" DECIMAL(20)  ,     SomeDate Timestamp,    TestINstant Timestamp,    TestINstant2 Timestamp,    WhatMiteIsIt TIME,    WhatTimeIsIt TIME) 
INFO  Mar 18 23:00:54 net.sf.persism.BaseTest - DROP TABLE DateTestLocalTypes
INFO  Mar 18 23:00:54 net.sf.persism.BaseTest - CREATE TABLE DateTestLocalTypes (  ID INT,  Description VARCHAR(100),  DateOnly DATE,  TimeOnly TIME, DateAndTime TIMESTAMP) 
INFO  Mar 18 23:00:54 net.sf.persism.BaseTest - DROP TABLE DateTestSQLTypes
INFO  Mar 18 23:00:54 net.sf.persism.BaseTest - CREATE TABLE DateTestSQLTypes (  ID INT,  Description VARCHAR(100),  DateOnly DATE,  TimeOnly TIME, UtilDateAndTime TIMESTAMP, DateAndTime TIMESTAMP) 
INFO  Mar 18 23:00:54 net.sf.persism.TestDerby - Apache Derby 10.8.2.2 - (1181258)
INFO  Mar 18 23:00:54 net.sf.persism.TestDerby - FIRST? false
INFO  Mar 18 23:00:54 net.sf.persism.TestDerby - ID true 4
INFO  Mar 18 23:00:54 net.sf.persism.TestDerby - NAME false 12
INFO  Mar 18 23:00:54 net.sf.persism.TestDerby - PAID false 16
INFO  Mar 18 23:00:54 net.sf.persism.TestDerby - CUSTOMER_ID false 12
INFO  Mar 18 23:00:54 net.sf.persism.TestDerby - CREATED false 93
INFO  Mar 18 23:00:54 net.sf.persism.TestDerby - DATE_PAID false 93
INFO  Mar 18 23:00:54 net.sf.persism.TestDerby - DATESOMETHING false 93
INFO  Mar 18 23:00:54 net.sf.persism.TestDerby - ColumnInfo{columnName='CUSTOMER_ID', columnType=StringType, sqlColumnType=12, sqlColumnTypeName=VARCHAR, autoIncrement=false, primary=true, hasDefault=false, length=10}
INFO  Mar 18 23:00:54 net.sf.persism.TestDerby - ColumnInfo{columnName='COMPANY_NAME', columnType=StringType, sqlColumnType=12, sqlColumnTypeName=VARCHAR, autoIncrement=false, primary=false, hasDefault=false, length=30}
INFO  Mar 18 23:00:54 net.sf.persism.TestDerby - ColumnInfo{columnName='CONTACT_NAME', columnType=StringType, sqlColumnType=12, sqlColumnTypeName=VARCHAR, autoIncrement=false, primary=false, hasDefault=false, length=30}
INFO  Mar 18 23:00:54 net.sf.persism.TestDerby - ColumnInfo{columnName='CONTACT_TITLE', columnType=StringType, sqlColumnType=12, sqlColumnTypeName=VARCHAR, autoIncrement=false, primary=false, hasDefault=false, length=10}
INFO  Mar 18 23:00:54 net.sf.persism.TestDerby - ColumnInfo{columnName='ADDRESS', columnType=StringType, sqlColumnType=12, sqlColumnTypeName=VARCHAR, autoIncrement=false, primary=false, hasDefault=false, length=40}
INFO  Mar 18 23:00:54 net.sf.persism.TestDerby - ColumnInfo{columnName='CITY', columnType=StringType, sqlColumnType=12, sqlColumnTypeName=VARCHAR, autoIncrement=false, primary=false, hasDefault=false, length=30}
INFO  Mar 18 23:00:54 net.sf.persism.TestDerby - ColumnInfo{columnName='REGION', columnType=StringType, sqlColumnType=12, sqlColumnTypeName=VARCHAR, autoIncrement=false, primary=false, hasDefault=false, length=10}
INFO  Mar 18 23:00:54 net.sf.persism.TestDerby - ColumnInfo{columnName='POSTAL_CODE', columnType=StringType, sqlColumnType=12, sqlColumnTypeName=VARCHAR, autoIncrement=false, primary=false, hasDefault=false, length=10}
INFO  Mar 18 23:00:54 net.sf.persism.TestDerby - ColumnInfo{columnName='COUNTRY', columnType=StringType, sqlColumnType=12, sqlColumnTypeName=VARCHAR, autoIncrement=false, primary=false, hasDefault=true, length=2}
INFO  Mar 18 23:00:54 net.sf.persism.TestDerby - ColumnInfo{columnName='PHONE', columnType=StringType, sqlColumnType=12, sqlColumnTypeName=VARCHAR, autoIncrement=false, primary=false, hasDefault=false, length=30}
INFO  Mar 18 23:00:54 net.sf.persism.TestDerby - ColumnInfo{columnName='FAX', columnType=StringType, sqlColumnType=12, sqlColumnTypeName=VARCHAR, autoIncrement=false, primary=false, hasDefault=false, length=30}
INFO  Mar 18 23:00:54 net.sf.persism.TestDerby - ColumnInfo{columnName='STATUS', columnType=StringType, sqlColumnType=1, sqlColumnTypeName=CHAR, autoIncrement=false, primary=false, hasDefault=false, length=1}
INFO  Mar 18 23:00:54 net.sf.persism.TestDerby - ColumnInfo{columnName='DATE_REGISTERED', columnType=TimestampType, sqlColumnType=93, sqlColumnTypeName=TIMESTAMP, autoIncrement=false, primary=false, hasDefault=true, length=29}
INFO  Mar 18 23:00:54 net.sf.persism.TestDerby - ColumnInfo{columnName='DATE_OF_LAST_ORDER', columnType=SQLDateType, sqlColumnType=91, sqlColumnTypeName=DATE, autoIncrement=false, primary=false, hasDefault=false, length=10}
INFO  Mar 18 23:00:54 net.sf.persism.TestDerby - ColumnInfo{columnName='TESTLOCALDATE', columnType=TimestampType, sqlColumnType=93, sqlColumnTypeName=TIMESTAMP, autoIncrement=false, primary=false, hasDefault=false, length=29}
INFO  Mar 18 23:00:54 net.sf.persism.TestDerby - ColumnInfo{columnName='TESTLOCALDATETIME', columnType=TimestampType, sqlColumnType=93, sqlColumnTypeName=TIMESTAMP, autoIncrement=false, primary=false, hasDefault=false, length=29}
INFO  Mar 18 23:00:54 net.sf.persism.TestDerby - BEFORE 2021-03-18T23:00:54.603
WARN  Mar 18 23:00:54 net.sf.persism.Session - Possible overflow column ID - Target type is INT and Value type is LONG net.sf.persism.Session.fetch(Session.java:463)
INFO  Mar 18 23:00:54 net.sf.persism.TestDerby - AFTER 2021-03-18T23:00:54.603
INFO  Mar 18 23:00:54 net.sf.persism.TestDerby - ORDER:Order{id=1, name='name', created=2021-03-18, paidDate=2021-03-18T23:00:54.603, customerId='123', paid=true}
INFO  Mar 18 23:00:54 net.sf.persism.TestDerby - ColumnInfo{columnName='ID', columnType=IntegerType, sqlColumnType=4, sqlColumnTypeName=INTEGER, autoIncrement=true, primary=true, hasDefault=true, length=11}
INFO  Mar 18 23:00:54 net.sf.persism.TestDerby - ColumnInfo{columnName='NAME', columnType=StringType, sqlColumnType=12, sqlColumnTypeName=VARCHAR, autoIncrement=false, primary=false, hasDefault=false, length=30}
INFO  Mar 18 23:00:54 net.sf.persism.TestDerby - ColumnInfo{columnName='PAID', columnType=BooleanType, sqlColumnType=16, sqlColumnTypeName=BOOLEAN, autoIncrement=false, primary=false, hasDefault=false, length=5}
INFO  Mar 18 23:00:54 net.sf.persism.TestDerby - ColumnInfo{columnName='CUSTOMER_ID', columnType=StringType, sqlColumnType=12, sqlColumnTypeName=VARCHAR, autoIncrement=false, primary=false, hasDefault=false, length=10}
INFO  Mar 18 23:00:54 net.sf.persism.TestDerby - ColumnInfo{columnName='CREATED', columnType=TimestampType, sqlColumnType=93, sqlColumnTypeName=TIMESTAMP, autoIncrement=false, primary=false, hasDefault=true, length=29}
INFO  Mar 18 23:00:54 net.sf.persism.TestDerby - ColumnInfo{columnName='DATE_PAID', columnType=TimestampType, sqlColumnType=93, sqlColumnTypeName=TIMESTAMP, autoIncrement=false, primary=false, hasDefault=false, length=29}
INFO  Mar 18 23:00:54 net.sf.persism.TestDerby - ColumnInfo{columnName='DATESOMETHING', columnType=TimestampType, sqlColumnType=93, sqlColumnTypeName=TIMESTAMP, autoIncrement=false, primary=false, hasDefault=false, length=29}
INFO  Mar 18 23:00:54 net.sf.persism.TestDerby - ColumnInfo{columnName='ID', columnType=IntegerType, sqlColumnType=4, sqlColumnTypeName=INTEGER, autoIncrement=true, primary=true, hasDefault=true, length=11}
INFO  Mar 18 23:00:54 net.sf.persism.TestDerby - ColumnInfo{columnName='NAME', columnType=StringType, sqlColumnType=12, sqlColumnTypeName=VARCHAR, autoIncrement=false, primary=false, hasDefault=false, length=30}
INFO  Mar 18 23:00:54 net.sf.persism.TestDerby - ColumnInfo{columnName='PAID', columnType=BooleanType, sqlColumnType=16, sqlColumnTypeName=BOOLEAN, autoIncrement=false, primary=false, hasDefault=false, length=5}
INFO  Mar 18 23:00:54 net.sf.persism.TestDerby - ColumnInfo{columnName='CUSTOMER_ID', columnType=StringType, sqlColumnType=12, sqlColumnTypeName=VARCHAR, autoIncrement=false, primary=false, hasDefault=false, length=10}
INFO  Mar 18 23:00:54 net.sf.persism.TestDerby - ColumnInfo{columnName='CREATED', columnType=TimestampType, sqlColumnType=93, sqlColumnTypeName=TIMESTAMP, autoIncrement=false, primary=false, hasDefault=true, length=29}
INFO  Mar 18 23:00:54 net.sf.persism.TestDerby - ColumnInfo{columnName='DATE_PAID', columnType=TimestampType, sqlColumnType=93, sqlColumnTypeName=TIMESTAMP, autoIncrement=false, primary=false, hasDefault=false, length=29}
INFO  Mar 18 23:00:54 net.sf.persism.TestDerby - ColumnInfo{columnName='DATESOMETHING', columnType=TimestampType, sqlColumnType=93, sqlColumnTypeName=TIMESTAMP, autoIncrement=false, primary=false, hasDefault=false, length=29}
]]></system-out>
  </testcase>
  <testcase name="testStoredProcs" classname="net.sf.persism.TestDerby" time="0.155">
    <system-out><![CDATA[INFO  Mar 18 23:00:54 net.sf.persism.UtilsForTests - createHomeFolder: C:/Users/Pablo/pinfderby
INFO  Mar 18 23:00:54 net.sf.persism.UtilsForTests - createHomeFolder: false
INFO  Mar 18 23:00:54 net.sf.persism.TestDerby - jdbc:derby:C:/Users/Pablo/pinfderby/pinfderby;create=true
INFO  Mar 18 23:00:54 net.sf.persism.BaseTest - DROP TABLE Orders
INFO  Mar 18 23:00:54 net.sf.persism.BaseTest - CREATE TABLE Orders ( ID INTEGER NOT NULL GENERATED ALWAYS AS IDENTITY (START WITH 1, INCREMENT BY 1),  NAME VARCHAR(30),  PAID BOOLEAN,  Customer_ID VARCHAR(10),  Created TIMESTAMP DEFAULT CURRENT_TIMESTAMP NOT NULL,  Date_Paid TIMESTAMP,  DateSomething TIMESTAMP) 
INFO  Mar 18 23:00:54 net.sf.persism.BaseTest - DROP TABLE Customers
INFO  Mar 18 23:00:54 net.sf.persism.BaseTest - CREATE TABLE Customers (  Customer_ID varchar(10) PRIMARY KEY NOT NULL,  Company_Name VARCHAR(30),  Contact_Name VARCHAR(30),  Contact_Title VARCHAR(10),  Address VARCHAR(40),  City VARCHAR(30),  Region VARCHAR(10),  Postal_Code VARCHAR(10),  Country VARCHAR(2) NOT NULL DEFAULT 'US',  Phone VARCHAR(30),  Fax VARCHAR(30),  STATUS CHAR(1),  Date_Registered TIMESTAMP DEFAULT CURRENT_TIMESTAMP,  Date_Of_Last_Order DATE,  TestLocalDate TIMESTAMP,  TestLocalDateTime TIMESTAMP ) 
INFO  Mar 18 23:00:54 net.sf.persism.BaseTest - DROP TABLE Invoices
INFO  Mar 18 23:00:54 net.sf.persism.BaseTest - CREATE TABLE Invoices ( Invoice_ID INTEGER NOT NULL GENERATED ALWAYS AS IDENTITY (START WITH 1, INCREMENT BY 1),  Customer_ID varchar(10) NOT NULL,  Paid BOOLEAN NOT NULL,  Price NUMERIC(7,3) NOT NULL,  Quantity INT NOT NULL,  Total NUMERIC(10,3) NOT NULL ) 
INFO  Mar 18 23:00:54 net.sf.persism.BaseTest - DROP TABLE TABLEMULTIPRIMARY
INFO  Mar 18 23:00:54 net.sf.persism.BaseTest - CREATE TABLE TABLEMULTIPRIMARY (  CUSTOMER_NAME VARCHAR(30) NOT NULL,  Field4 VARCHAR(30),  Field5 TIMESTAMP,  ID INT NOT NULL ) 
INFO  Mar 18 23:00:54 net.sf.persism.BaseTest - ALTER TABLE TABLEMULTIPRIMARY ADD PRIMARY KEY (ID, CUSTOMER_NAME)
INFO  Mar 18 23:00:54 net.sf.persism.BaseTest - DROP TABLE Contacts
INFO  Mar 18 23:00:54 net.sf.persism.BaseTest - CREATE TABLE Contacts(     "identity" CHAR(16) FOR BIT DATA NOT NULL PRIMARY KEY,     PartnerID varchar(36) NOT NULL,     Type char(2) NOT NULL,     Firstname varchar(50) NOT NULL,     Lastname varchar(50) NOT NULL,     ContactName varchar(50) NOT NULL,     Company varchar(50) NOT NULL,     Division varchar(50),     Email varchar(50),     Address1 varchar(50),     Address2 varchar(50),     City varchar(50),     Status SMALLINT,    StateProvince varchar(50),     ZipPostalCode varchar(10),     Country varchar(50),     DateAdded Date,     LastModified Timestamp,     Notes Clob,     AmountOwed REAL,     "BigInt" DECIMAL(20)  ,     SomeDate Timestamp,    TestINstant Timestamp,    TestINstant2 Timestamp,    WhatMiteIsIt TIME,    WhatTimeIsIt TIME) 
INFO  Mar 18 23:00:54 net.sf.persism.BaseTest - DROP TABLE DateTestLocalTypes
INFO  Mar 18 23:00:54 net.sf.persism.BaseTest - CREATE TABLE DateTestLocalTypes (  ID INT,  Description VARCHAR(100),  DateOnly DATE,  TimeOnly TIME, DateAndTime TIMESTAMP) 
INFO  Mar 18 23:00:54 net.sf.persism.BaseTest - DROP TABLE DateTestSQLTypes
INFO  Mar 18 23:00:54 net.sf.persism.BaseTest - CREATE TABLE DateTestSQLTypes (  ID INT,  Description VARCHAR(100),  DateOnly DATE,  TimeOnly TIME, UtilDateAndTime TIMESTAMP, DateAndTime TIMESTAMP) 
]]></system-out>
  </testcase>
  <testcase name="testQueryResult" classname="net.sf.persism.TestDerby" time="0.216">
    <system-out><![CDATA[INFO  Mar 18 23:00:54 net.sf.persism.UtilsForTests - createHomeFolder: C:/Users/Pablo/pinfderby
INFO  Mar 18 23:00:54 net.sf.persism.UtilsForTests - createHomeFolder: false
INFO  Mar 18 23:00:54 net.sf.persism.TestDerby - jdbc:derby:C:/Users/Pablo/pinfderby/pinfderby;create=true
INFO  Mar 18 23:00:54 net.sf.persism.BaseTest - DROP TABLE Orders
INFO  Mar 18 23:00:54 net.sf.persism.BaseTest - CREATE TABLE Orders ( ID INTEGER NOT NULL GENERATED ALWAYS AS IDENTITY (START WITH 1, INCREMENT BY 1),  NAME VARCHAR(30),  PAID BOOLEAN,  Customer_ID VARCHAR(10),  Created TIMESTAMP DEFAULT CURRENT_TIMESTAMP NOT NULL,  Date_Paid TIMESTAMP,  DateSomething TIMESTAMP) 
INFO  Mar 18 23:00:54 net.sf.persism.BaseTest - DROP TABLE Customers
INFO  Mar 18 23:00:54 net.sf.persism.BaseTest - CREATE TABLE Customers (  Customer_ID varchar(10) PRIMARY KEY NOT NULL,  Company_Name VARCHAR(30),  Contact_Name VARCHAR(30),  Contact_Title VARCHAR(10),  Address VARCHAR(40),  City VARCHAR(30),  Region VARCHAR(10),  Postal_Code VARCHAR(10),  Country VARCHAR(2) NOT NULL DEFAULT 'US',  Phone VARCHAR(30),  Fax VARCHAR(30),  STATUS CHAR(1),  Date_Registered TIMESTAMP DEFAULT CURRENT_TIMESTAMP,  Date_Of_Last_Order DATE,  TestLocalDate TIMESTAMP,  TestLocalDateTime TIMESTAMP ) 
INFO  Mar 18 23:00:54 net.sf.persism.BaseTest - DROP TABLE Invoices
INFO  Mar 18 23:00:54 net.sf.persism.BaseTest - CREATE TABLE Invoices ( Invoice_ID INTEGER NOT NULL GENERATED ALWAYS AS IDENTITY (START WITH 1, INCREMENT BY 1),  Customer_ID varchar(10) NOT NULL,  Paid BOOLEAN NOT NULL,  Price NUMERIC(7,3) NOT NULL,  Quantity INT NOT NULL,  Total NUMERIC(10,3) NOT NULL ) 
INFO  Mar 18 23:00:54 net.sf.persism.BaseTest - DROP TABLE TABLEMULTIPRIMARY
INFO  Mar 18 23:00:54 net.sf.persism.BaseTest - CREATE TABLE TABLEMULTIPRIMARY (  CUSTOMER_NAME VARCHAR(30) NOT NULL,  Field4 VARCHAR(30),  Field5 TIMESTAMP,  ID INT NOT NULL ) 
INFO  Mar 18 23:00:54 net.sf.persism.BaseTest - ALTER TABLE TABLEMULTIPRIMARY ADD PRIMARY KEY (ID, CUSTOMER_NAME)
INFO  Mar 18 23:00:54 net.sf.persism.BaseTest - DROP TABLE Contacts
INFO  Mar 18 23:00:54 net.sf.persism.BaseTest - CREATE TABLE Contacts(     "identity" CHAR(16) FOR BIT DATA NOT NULL PRIMARY KEY,     PartnerID varchar(36) NOT NULL,     Type char(2) NOT NULL,     Firstname varchar(50) NOT NULL,     Lastname varchar(50) NOT NULL,     ContactName varchar(50) NOT NULL,     Company varchar(50) NOT NULL,     Division varchar(50),     Email varchar(50),     Address1 varchar(50),     Address2 varchar(50),     City varchar(50),     Status SMALLINT,    StateProvince varchar(50),     ZipPostalCode varchar(10),     Country varchar(50),     DateAdded Date,     LastModified Timestamp,     Notes Clob,     AmountOwed REAL,     "BigInt" DECIMAL(20)  ,     SomeDate Timestamp,    TestINstant Timestamp,    TestINstant2 Timestamp,    WhatMiteIsIt TIME,    WhatTimeIsIt TIME) 
INFO  Mar 18 23:00:54 net.sf.persism.BaseTest - DROP TABLE DateTestLocalTypes
INFO  Mar 18 23:00:55 net.sf.persism.BaseTest - CREATE TABLE DateTestLocalTypes (  ID INT,  Description VARCHAR(100),  DateOnly DATE,  TimeOnly TIME, DateAndTime TIMESTAMP) 
INFO  Mar 18 23:00:55 net.sf.persism.BaseTest - DROP TABLE DateTestSQLTypes
INFO  Mar 18 23:00:55 net.sf.persism.BaseTest - CREATE TABLE DateTestSQLTypes (  ID INT,  Description VARCHAR(100),  DateOnly DATE,  TimeOnly TIME, UtilDateAndTime TIMESTAMP, DateAndTime TIMESTAMP) 
INFO  Mar 18 23:00:55 net.sf.persism.BaseTest - SELECT c.Customer_ID, c.Company_Name, o.ID Order_ID, o.Name AS Description, o.Date_Paid, o.Created AS DateCreated, o.PAID  FROM Orders o JOIN Customers c ON o.Customer_ID = c.Customer_ID
INFO  Mar 18 23:00:55 net.sf.persism.BaseTest - [CustomerOrder{customerId='123', companyName='ABC INC', description='ORDER 1', orderId=1, dateCreated=Thu Mar 18 00:00:00 ART 2021, datePaid=Thu Mar 18 23:00:55 ART 2021, paid=true}, CustomerOrder{customerId='123', companyName='ABC INC', description='ORDER 2', orderId=2, dateCreated=Thu Mar 18 00:00:00 ART 2021, datePaid=null, paid=false}, CustomerOrder{customerId='456', companyName='XYZ INC', description='ORDER 3', orderId=3, dateCreated=Thu Mar 18 00:00:00 ART 2021, datePaid=null, paid=false}, CustomerOrder{customerId='456', companyName='XYZ INC', description='ORDER 4', orderId=4, dateCreated=Thu Mar 18 00:00:00 ART 2021, datePaid=null, paid=false}]
INFO  Mar 18 23:00:55 net.sf.persism.BaseTest - date created? Thu Mar 18 00:00:00 ART 2021
INFO  Mar 18 23:00:55 net.sf.persism.BaseTest - date paid? Thu Mar 18 23:00:55 ART 2021
INFO  Mar 18 23:00:55 net.sf.persism.BaseTest - date created? Thu Mar 18 00:00:00 ART 2021
INFO  Mar 18 23:00:55 net.sf.persism.BaseTest - date paid? null
INFO  Mar 18 23:00:55 net.sf.persism.BaseTest - date created? Thu Mar 18 00:00:00 ART 2021
INFO  Mar 18 23:00:55 net.sf.persism.BaseTest - date paid? null
INFO  Mar 18 23:00:55 net.sf.persism.BaseTest - date created? Thu Mar 18 00:00:00 ART 2021
INFO  Mar 18 23:00:55 net.sf.persism.BaseTest - date paid? null
]]></system-out>
  </testcase>
  <testcase name="testReadPrimitive" classname="net.sf.persism.TestDerby" time="0.187">
    <system-out><![CDATA[INFO  Mar 18 23:00:55 net.sf.persism.UtilsForTests - createHomeFolder: C:/Users/Pablo/pinfderby
INFO  Mar 18 23:00:55 net.sf.persism.UtilsForTests - createHomeFolder: false
INFO  Mar 18 23:00:55 net.sf.persism.TestDerby - jdbc:derby:C:/Users/Pablo/pinfderby/pinfderby;create=true
INFO  Mar 18 23:00:55 net.sf.persism.BaseTest - DROP TABLE Orders
INFO  Mar 18 23:00:55 net.sf.persism.BaseTest - CREATE TABLE Orders ( ID INTEGER NOT NULL GENERATED ALWAYS AS IDENTITY (START WITH 1, INCREMENT BY 1),  NAME VARCHAR(30),  PAID BOOLEAN,  Customer_ID VARCHAR(10),  Created TIMESTAMP DEFAULT CURRENT_TIMESTAMP NOT NULL,  Date_Paid TIMESTAMP,  DateSomething TIMESTAMP) 
INFO  Mar 18 23:00:55 net.sf.persism.BaseTest - DROP TABLE Customers
INFO  Mar 18 23:00:55 net.sf.persism.BaseTest - CREATE TABLE Customers (  Customer_ID varchar(10) PRIMARY KEY NOT NULL,  Company_Name VARCHAR(30),  Contact_Name VARCHAR(30),  Contact_Title VARCHAR(10),  Address VARCHAR(40),  City VARCHAR(30),  Region VARCHAR(10),  Postal_Code VARCHAR(10),  Country VARCHAR(2) NOT NULL DEFAULT 'US',  Phone VARCHAR(30),  Fax VARCHAR(30),  STATUS CHAR(1),  Date_Registered TIMESTAMP DEFAULT CURRENT_TIMESTAMP,  Date_Of_Last_Order DATE,  TestLocalDate TIMESTAMP,  TestLocalDateTime TIMESTAMP ) 
INFO  Mar 18 23:00:55 net.sf.persism.BaseTest - DROP TABLE Invoices
INFO  Mar 18 23:00:55 net.sf.persism.BaseTest - CREATE TABLE Invoices ( Invoice_ID INTEGER NOT NULL GENERATED ALWAYS AS IDENTITY (START WITH 1, INCREMENT BY 1),  Customer_ID varchar(10) NOT NULL,  Paid BOOLEAN NOT NULL,  Price NUMERIC(7,3) NOT NULL,  Quantity INT NOT NULL,  Total NUMERIC(10,3) NOT NULL ) 
INFO  Mar 18 23:00:55 net.sf.persism.BaseTest - DROP TABLE TABLEMULTIPRIMARY
INFO  Mar 18 23:00:55 net.sf.persism.BaseTest - CREATE TABLE TABLEMULTIPRIMARY (  CUSTOMER_NAME VARCHAR(30) NOT NULL,  Field4 VARCHAR(30),  Field5 TIMESTAMP,  ID INT NOT NULL ) 
INFO  Mar 18 23:00:55 net.sf.persism.BaseTest - ALTER TABLE TABLEMULTIPRIMARY ADD PRIMARY KEY (ID, CUSTOMER_NAME)
INFO  Mar 18 23:00:55 net.sf.persism.BaseTest - DROP TABLE Contacts
INFO  Mar 18 23:00:55 net.sf.persism.BaseTest - CREATE TABLE Contacts(     "identity" CHAR(16) FOR BIT DATA NOT NULL PRIMARY KEY,     PartnerID varchar(36) NOT NULL,     Type char(2) NOT NULL,     Firstname varchar(50) NOT NULL,     Lastname varchar(50) NOT NULL,     ContactName varchar(50) NOT NULL,     Company varchar(50) NOT NULL,     Division varchar(50),     Email varchar(50),     Address1 varchar(50),     Address2 varchar(50),     City varchar(50),     Status SMALLINT,    StateProvince varchar(50),     ZipPostalCode varchar(10),     Country varchar(50),     DateAdded Date,     LastModified Timestamp,     Notes Clob,     AmountOwed REAL,     "BigInt" DECIMAL(20)  ,     SomeDate Timestamp,    TestINstant Timestamp,    TestINstant2 Timestamp,    WhatMiteIsIt TIME,    WhatTimeIsIt TIME) 
INFO  Mar 18 23:00:55 net.sf.persism.BaseTest - DROP TABLE DateTestLocalTypes
INFO  Mar 18 23:00:55 net.sf.persism.BaseTest - CREATE TABLE DateTestLocalTypes (  ID INT,  Description VARCHAR(100),  DateOnly DATE,  TimeOnly TIME, DateAndTime TIMESTAMP) 
INFO  Mar 18 23:00:55 net.sf.persism.BaseTest - DROP TABLE DateTestSQLTypes
INFO  Mar 18 23:00:55 net.sf.persism.BaseTest - CREATE TABLE DateTestSQLTypes (  ID INT,  Description VARCHAR(100),  DateOnly DATE,  TimeOnly TIME, UtilDateAndTime TIMESTAMP, DateAndTime TIMESTAMP) 
INFO  Mar 18 23:00:55 net.sf.persism.BaseTest - [2021-03-18]
INFO  Mar 18 23:00:55 net.sf.persism.BaseTest - 2021-03-18
INFO  Mar 18 23:00:55 net.sf.persism.BaseTest - [2021-03-18]
INFO  Mar 18 23:00:55 net.sf.persism.BaseTest - 2021-03-18
]]></system-out>
  </testcase>
  <testcase name="testDates" classname="net.sf.persism.TestDerby" time="0.187">
    <system-out><![CDATA[INFO  Mar 18 23:00:55 net.sf.persism.UtilsForTests - createHomeFolder: C:/Users/Pablo/pinfderby
INFO  Mar 18 23:00:55 net.sf.persism.UtilsForTests - createHomeFolder: false
INFO  Mar 18 23:00:55 net.sf.persism.TestDerby - jdbc:derby:C:/Users/Pablo/pinfderby/pinfderby;create=true
INFO  Mar 18 23:00:55 net.sf.persism.BaseTest - DROP TABLE Orders
INFO  Mar 18 23:00:55 net.sf.persism.BaseTest - CREATE TABLE Orders ( ID INTEGER NOT NULL GENERATED ALWAYS AS IDENTITY (START WITH 1, INCREMENT BY 1),  NAME VARCHAR(30),  PAID BOOLEAN,  Customer_ID VARCHAR(10),  Created TIMESTAMP DEFAULT CURRENT_TIMESTAMP NOT NULL,  Date_Paid TIMESTAMP,  DateSomething TIMESTAMP) 
INFO  Mar 18 23:00:55 net.sf.persism.BaseTest - DROP TABLE Customers
INFO  Mar 18 23:00:55 net.sf.persism.BaseTest - CREATE TABLE Customers (  Customer_ID varchar(10) PRIMARY KEY NOT NULL,  Company_Name VARCHAR(30),  Contact_Name VARCHAR(30),  Contact_Title VARCHAR(10),  Address VARCHAR(40),  City VARCHAR(30),  Region VARCHAR(10),  Postal_Code VARCHAR(10),  Country VARCHAR(2) NOT NULL DEFAULT 'US',  Phone VARCHAR(30),  Fax VARCHAR(30),  STATUS CHAR(1),  Date_Registered TIMESTAMP DEFAULT CURRENT_TIMESTAMP,  Date_Of_Last_Order DATE,  TestLocalDate TIMESTAMP,  TestLocalDateTime TIMESTAMP ) 
INFO  Mar 18 23:00:55 net.sf.persism.BaseTest - DROP TABLE Invoices
INFO  Mar 18 23:00:55 net.sf.persism.BaseTest - CREATE TABLE Invoices ( Invoice_ID INTEGER NOT NULL GENERATED ALWAYS AS IDENTITY (START WITH 1, INCREMENT BY 1),  Customer_ID varchar(10) NOT NULL,  Paid BOOLEAN NOT NULL,  Price NUMERIC(7,3) NOT NULL,  Quantity INT NOT NULL,  Total NUMERIC(10,3) NOT NULL ) 
INFO  Mar 18 23:00:55 net.sf.persism.BaseTest - DROP TABLE TABLEMULTIPRIMARY
INFO  Mar 18 23:00:55 net.sf.persism.BaseTest - CREATE TABLE TABLEMULTIPRIMARY (  CUSTOMER_NAME VARCHAR(30) NOT NULL,  Field4 VARCHAR(30),  Field5 TIMESTAMP,  ID INT NOT NULL ) 
INFO  Mar 18 23:00:55 net.sf.persism.BaseTest - ALTER TABLE TABLEMULTIPRIMARY ADD PRIMARY KEY (ID, CUSTOMER_NAME)
INFO  Mar 18 23:00:55 net.sf.persism.BaseTest - DROP TABLE Contacts
INFO  Mar 18 23:00:55 net.sf.persism.BaseTest - CREATE TABLE Contacts(     "identity" CHAR(16) FOR BIT DATA NOT NULL PRIMARY KEY,     PartnerID varchar(36) NOT NULL,     Type char(2) NOT NULL,     Firstname varchar(50) NOT NULL,     Lastname varchar(50) NOT NULL,     ContactName varchar(50) NOT NULL,     Company varchar(50) NOT NULL,     Division varchar(50),     Email varchar(50),     Address1 varchar(50),     Address2 varchar(50),     City varchar(50),     Status SMALLINT,    StateProvince varchar(50),     ZipPostalCode varchar(10),     Country varchar(50),     DateAdded Date,     LastModified Timestamp,     Notes Clob,     AmountOwed REAL,     "BigInt" DECIMAL(20)  ,     SomeDate Timestamp,    TestINstant Timestamp,    TestINstant2 Timestamp,    WhatMiteIsIt TIME,    WhatTimeIsIt TIME) 
INFO  Mar 18 23:00:55 net.sf.persism.BaseTest - DROP TABLE DateTestLocalTypes
INFO  Mar 18 23:00:55 net.sf.persism.BaseTest - CREATE TABLE DateTestLocalTypes (  ID INT,  Description VARCHAR(100),  DateOnly DATE,  TimeOnly TIME, DateAndTime TIMESTAMP) 
INFO  Mar 18 23:00:55 net.sf.persism.BaseTest - DROP TABLE DateTestSQLTypes
INFO  Mar 18 23:00:55 net.sf.persism.BaseTest - CREATE TABLE DateTestSQLTypes (  ID INT,  Description VARCHAR(100),  DateOnly DATE,  TimeOnly TIME, UtilDateAndTime TIMESTAMP, DateAndTime TIMESTAMP) 
INFO  Mar 18 23:00:55 net.sf.persism.BaseTest - []
INFO  Mar 18 23:00:55 net.sf.persism.BaseTest - 2012-05-28T01:01:01
INFO  Mar 18 23:00:55 net.sf.persism.BaseTest - 2011-06-12 18:52:25.0
]]></system-out>
  </testcase>
  <testcase name="testQueryWithSpecificColumnsWhereCaseDoesNotMatch" classname="net.sf.persism.TestDerby" time="0.372">
    <system-out><![CDATA[INFO  Mar 18 23:00:55 net.sf.persism.UtilsForTests - createHomeFolder: C:/Users/Pablo/pinfderby
INFO  Mar 18 23:00:55 net.sf.persism.UtilsForTests - createHomeFolder: false
INFO  Mar 18 23:00:55 net.sf.persism.TestDerby - jdbc:derby:C:/Users/Pablo/pinfderby/pinfderby;create=true
INFO  Mar 18 23:00:55 net.sf.persism.BaseTest - DROP TABLE Orders
INFO  Mar 18 23:00:55 net.sf.persism.BaseTest - CREATE TABLE Orders ( ID INTEGER NOT NULL GENERATED ALWAYS AS IDENTITY (START WITH 1, INCREMENT BY 1),  NAME VARCHAR(30),  PAID BOOLEAN,  Customer_ID VARCHAR(10),  Created TIMESTAMP DEFAULT CURRENT_TIMESTAMP NOT NULL,  Date_Paid TIMESTAMP,  DateSomething TIMESTAMP) 
INFO  Mar 18 23:00:55 net.sf.persism.BaseTest - DROP TABLE Customers
INFO  Mar 18 23:00:55 net.sf.persism.BaseTest - CREATE TABLE Customers (  Customer_ID varchar(10) PRIMARY KEY NOT NULL,  Company_Name VARCHAR(30),  Contact_Name VARCHAR(30),  Contact_Title VARCHAR(10),  Address VARCHAR(40),  City VARCHAR(30),  Region VARCHAR(10),  Postal_Code VARCHAR(10),  Country VARCHAR(2) NOT NULL DEFAULT 'US',  Phone VARCHAR(30),  Fax VARCHAR(30),  STATUS CHAR(1),  Date_Registered TIMESTAMP DEFAULT CURRENT_TIMESTAMP,  Date_Of_Last_Order DATE,  TestLocalDate TIMESTAMP,  TestLocalDateTime TIMESTAMP ) 
INFO  Mar 18 23:00:55 net.sf.persism.BaseTest - DROP TABLE Invoices
INFO  Mar 18 23:00:55 net.sf.persism.BaseTest - CREATE TABLE Invoices ( Invoice_ID INTEGER NOT NULL GENERATED ALWAYS AS IDENTITY (START WITH 1, INCREMENT BY 1),  Customer_ID varchar(10) NOT NULL,  Paid BOOLEAN NOT NULL,  Price NUMERIC(7,3) NOT NULL,  Quantity INT NOT NULL,  Total NUMERIC(10,3) NOT NULL ) 
INFO  Mar 18 23:00:55 net.sf.persism.BaseTest - DROP TABLE TABLEMULTIPRIMARY
INFO  Mar 18 23:00:55 net.sf.persism.BaseTest - CREATE TABLE TABLEMULTIPRIMARY (  CUSTOMER_NAME VARCHAR(30) NOT NULL,  Field4 VARCHAR(30),  Field5 TIMESTAMP,  ID INT NOT NULL ) 
INFO  Mar 18 23:00:55 net.sf.persism.BaseTest - ALTER TABLE TABLEMULTIPRIMARY ADD PRIMARY KEY (ID, CUSTOMER_NAME)
INFO  Mar 18 23:00:55 net.sf.persism.BaseTest - DROP TABLE Contacts
INFO  Mar 18 23:00:55 net.sf.persism.BaseTest - CREATE TABLE Contacts(     "identity" CHAR(16) FOR BIT DATA NOT NULL PRIMARY KEY,     PartnerID varchar(36) NOT NULL,     Type char(2) NOT NULL,     Firstname varchar(50) NOT NULL,     Lastname varchar(50) NOT NULL,     ContactName varchar(50) NOT NULL,     Company varchar(50) NOT NULL,     Division varchar(50),     Email varchar(50),     Address1 varchar(50),     Address2 varchar(50),     City varchar(50),     Status SMALLINT,    StateProvince varchar(50),     ZipPostalCode varchar(10),     Country varchar(50),     DateAdded Date,     LastModified Timestamp,     Notes Clob,     AmountOwed REAL,     "BigInt" DECIMAL(20)  ,     SomeDate Timestamp,    TestINstant Timestamp,    TestINstant2 Timestamp,    WhatMiteIsIt TIME,    WhatTimeIsIt TIME) 
INFO  Mar 18 23:00:55 net.sf.persism.BaseTest - DROP TABLE DateTestLocalTypes
INFO  Mar 18 23:00:55 net.sf.persism.BaseTest - CREATE TABLE DateTestLocalTypes (  ID INT,  Description VARCHAR(100),  DateOnly DATE,  TimeOnly TIME, DateAndTime TIMESTAMP) 
INFO  Mar 18 23:00:55 net.sf.persism.BaseTest - DROP TABLE DateTestSQLTypes
INFO  Mar 18 23:00:55 net.sf.persism.BaseTest - CREATE TABLE DateTestSQLTypes (  ID INT,  Description VARCHAR(100),  DateOnly DATE,  TimeOnly TIME, UtilDateAndTime TIMESTAMP, DateAndTime TIMESTAMP) 
INFO  Mar 18 23:00:55 net.sf.persism.BaseTest - testQueryWithSpecificColumnsWhereCaseDoesNotMatch with : jdbc:derby:C:/Users/Pablo/pinfderby/pinfderby
ERROR Mar 18 23:00:55 net.sf.persism.BaseTest - Object class net.sf.persism.dao.Customer was not properly initialized. Some properties not initialized by the queried columns: [COUNTRY, PHONE] Missing:[CONTACT_NAME, TESTLOCALDATE, CONTACT_TITLE, TESTLOCALDATETIME, CUSTOMER_ID, REGION, COMPANY_NAME, STATUS, CITY, POSTAL_CODE, ADDRESS, DATE_REGISTERED, DATE_OF_LAST_ORDER, FAX]
net.sf.persism.PersismException: Object class net.sf.persism.dao.Customer was not properly initialized. Some properties not initialized by the queried columns: [COUNTRY, PHONE] Missing:[CONTACT_NAME, TESTLOCALDATE, CONTACT_TITLE, TESTLOCALDATETIME, CUSTOMER_ID, REGION, COMPANY_NAME, STATUS, CITY, POSTAL_CODE, ADDRESS, DATE_REGISTERED, DATE_OF_LAST_ORDER, FAX]
	at net.sf.persism.Session.query(Session.java:412)
	at net.sf.persism.BaseTest.testQueryWithSpecificColumnsWhereCaseDoesNotMatch(BaseTest.java:189)
	at sun.reflect.NativeMethodAccessorImpl.invoke0(Native Method)
	at sun.reflect.NativeMethodAccessorImpl.invoke(NativeMethodAccessorImpl.java:62)
	at sun.reflect.DelegatingMethodAccessorImpl.invoke(DelegatingMethodAccessorImpl.java:43)
	at java.lang.reflect.Method.invoke(Method.java:498)
	at junit.framework.TestCase.runTest(TestCase.java:177)
	at junit.framework.TestCase.runBare(TestCase.java:142)
	at junit.framework.TestResult$1.protect(TestResult.java:122)
	at junit.framework.TestResult.runProtected(TestResult.java:142)
	at junit.framework.TestResult.run(TestResult.java:125)
	at junit.framework.TestCase.run(TestCase.java:130)
	at junit.framework.TestSuite.runTest(TestSuite.java:241)
	at junit.framework.TestSuite.run(TestSuite.java:236)
	at org.junit.internal.runners.JUnit38ClassRunner.run(JUnit38ClassRunner.java:90)
	at org.junit.runners.Suite.runChild(Suite.java:128)
	at org.junit.runners.Suite.runChild(Suite.java:27)
	at org.junit.runners.ParentRunner$4.run(ParentRunner.java:331)
	at org.junit.runners.ParentRunner$1.schedule(ParentRunner.java:79)
	at org.junit.runners.ParentRunner.runChildren(ParentRunner.java:329)
	at org.junit.runners.ParentRunner.access$100(ParentRunner.java:66)
	at org.junit.runners.ParentRunner$2.evaluate(ParentRunner.java:293)
	at org.junit.runners.ParentRunner$3.evaluate(ParentRunner.java:306)
	at org.junit.runners.ParentRunner.run(ParentRunner.java:413)
	at org.apache.maven.surefire.junitcore.JUnitCore.run(JUnitCore.java:55)
	at org.apache.maven.surefire.junitcore.JUnitCoreWrapper.createRequestAndRun(JUnitCoreWrapper.java:137)
	at org.apache.maven.surefire.junitcore.JUnitCoreWrapper.executeEager(JUnitCoreWrapper.java:107)
	at org.apache.maven.surefire.junitcore.JUnitCoreWrapper.execute(JUnitCoreWrapper.java:83)
	at org.apache.maven.surefire.junitcore.JUnitCoreWrapper.execute(JUnitCoreWrapper.java:75)
	at org.apache.maven.surefire.junitcore.JUnitCoreProvider.invoke(JUnitCoreProvider.java:157)
	at org.apache.maven.surefire.booter.ForkedBooter.runSuitesInProcess(ForkedBooter.java:428)
	at org.apache.maven.surefire.booter.ForkedBooter.execute(ForkedBooter.java:162)
	at org.apache.maven.surefire.booter.ForkedBooter.run(ForkedBooter.java:562)
	at org.apache.maven.surefire.booter.ForkedBooter.main(ForkedBooter.java:548)
Caused by: net.sf.persism.PersismException: Object class net.sf.persism.dao.Customer was not properly initialized. Some properties not initialized by the queried columns: [COUNTRY, PHONE] Missing:[CONTACT_NAME, TESTLOCALDATE, CONTACT_TITLE, TESTLOCALDATETIME, CUSTOMER_ID, REGION, COMPANY_NAME, STATUS, CITY, POSTAL_CODE, ADDRESS, DATE_REGISTERED, DATE_OF_LAST_ORDER, FAX]
	at net.sf.persism.Session.readObject(Session.java:641)
	at net.sf.persism.Session.query(Session.java:404)
	... 33 common frames omitted
Caused by: java.lang.Throwable: Object class net.sf.persism.dao.Customer was not properly initialized. Some properties not initialized by the queried columns: [COUNTRY, PHONE] Missing:[CONTACT_NAME, TESTLOCALDATE, CONTACT_TITLE, TESTLOCALDATETIME, CUSTOMER_ID, REGION, COMPANY_NAME, STATUS, CITY, POSTAL_CODE, ADDRESS, DATE_REGISTERED, DATE_OF_LAST_ORDER, FAX]
	at net.sf.persism.PersismException.<init>(PersismException.java:18)
	... 35 common frames omitted
INFO  Mar 18 23:00:55 net.sf.persism.BaseTest - [Customer{customerId='MOO', companyName='TEST', contactName='fred flintstone', contactTitle='Lord', address='123 sesame street', city='city', region=North, postalCode='54321', country='US', phone='456-678-1234', fax='123-456-7890', dateRegistered=2021-03-18 23:00:55.719, dateOfLastOrder=null}]
]]></system-out>
  </testcase>
  <testcase name="testRefreshObject" classname="net.sf.persism.TestDerby" time="0.152">
    <system-out><![CDATA[INFO  Mar 18 23:00:55 net.sf.persism.UtilsForTests - createHomeFolder: C:/Users/Pablo/pinfderby
INFO  Mar 18 23:00:55 net.sf.persism.UtilsForTests - createHomeFolder: false
INFO  Mar 18 23:00:55 net.sf.persism.TestDerby - jdbc:derby:C:/Users/Pablo/pinfderby/pinfderby;create=true
INFO  Mar 18 23:00:55 net.sf.persism.BaseTest - DROP TABLE Orders
INFO  Mar 18 23:00:55 net.sf.persism.BaseTest - CREATE TABLE Orders ( ID INTEGER NOT NULL GENERATED ALWAYS AS IDENTITY (START WITH 1, INCREMENT BY 1),  NAME VARCHAR(30),  PAID BOOLEAN,  Customer_ID VARCHAR(10),  Created TIMESTAMP DEFAULT CURRENT_TIMESTAMP NOT NULL,  Date_Paid TIMESTAMP,  DateSomething TIMESTAMP) 
INFO  Mar 18 23:00:55 net.sf.persism.BaseTest - DROP TABLE Customers
INFO  Mar 18 23:00:55 net.sf.persism.BaseTest - CREATE TABLE Customers (  Customer_ID varchar(10) PRIMARY KEY NOT NULL,  Company_Name VARCHAR(30),  Contact_Name VARCHAR(30),  Contact_Title VARCHAR(10),  Address VARCHAR(40),  City VARCHAR(30),  Region VARCHAR(10),  Postal_Code VARCHAR(10),  Country VARCHAR(2) NOT NULL DEFAULT 'US',  Phone VARCHAR(30),  Fax VARCHAR(30),  STATUS CHAR(1),  Date_Registered TIMESTAMP DEFAULT CURRENT_TIMESTAMP,  Date_Of_Last_Order DATE,  TestLocalDate TIMESTAMP,  TestLocalDateTime TIMESTAMP ) 
INFO  Mar 18 23:00:55 net.sf.persism.BaseTest - DROP TABLE Invoices
INFO  Mar 18 23:00:55 net.sf.persism.BaseTest - CREATE TABLE Invoices ( Invoice_ID INTEGER NOT NULL GENERATED ALWAYS AS IDENTITY (START WITH 1, INCREMENT BY 1),  Customer_ID varchar(10) NOT NULL,  Paid BOOLEAN NOT NULL,  Price NUMERIC(7,3) NOT NULL,  Quantity INT NOT NULL,  Total NUMERIC(10,3) NOT NULL ) 
INFO  Mar 18 23:00:55 net.sf.persism.BaseTest - DROP TABLE TABLEMULTIPRIMARY
INFO  Mar 18 23:00:55 net.sf.persism.BaseTest - CREATE TABLE TABLEMULTIPRIMARY (  CUSTOMER_NAME VARCHAR(30) NOT NULL,  Field4 VARCHAR(30),  Field5 TIMESTAMP,  ID INT NOT NULL ) 
INFO  Mar 18 23:00:55 net.sf.persism.BaseTest - ALTER TABLE TABLEMULTIPRIMARY ADD PRIMARY KEY (ID, CUSTOMER_NAME)
INFO  Mar 18 23:00:55 net.sf.persism.BaseTest - DROP TABLE Contacts
INFO  Mar 18 23:00:55 net.sf.persism.BaseTest - CREATE TABLE Contacts(     "identity" CHAR(16) FOR BIT DATA NOT NULL PRIMARY KEY,     PartnerID varchar(36) NOT NULL,     Type char(2) NOT NULL,     Firstname varchar(50) NOT NULL,     Lastname varchar(50) NOT NULL,     ContactName varchar(50) NOT NULL,     Company varchar(50) NOT NULL,     Division varchar(50),     Email varchar(50),     Address1 varchar(50),     Address2 varchar(50),     City varchar(50),     Status SMALLINT,    StateProvince varchar(50),     ZipPostalCode varchar(10),     Country varchar(50),     DateAdded Date,     LastModified Timestamp,     Notes Clob,     AmountOwed REAL,     "BigInt" DECIMAL(20)  ,     SomeDate Timestamp,    TestINstant Timestamp,    TestINstant2 Timestamp,    WhatMiteIsIt TIME,    WhatTimeIsIt TIME) 
INFO  Mar 18 23:00:55 net.sf.persism.BaseTest - DROP TABLE DateTestLocalTypes
INFO  Mar 18 23:00:55 net.sf.persism.BaseTest - CREATE TABLE DateTestLocalTypes (  ID INT,  Description VARCHAR(100),  DateOnly DATE,  TimeOnly TIME, DateAndTime TIMESTAMP) 
INFO  Mar 18 23:00:55 net.sf.persism.BaseTest - DROP TABLE DateTestSQLTypes
INFO  Mar 18 23:00:55 net.sf.persism.BaseTest - CREATE TABLE DateTestSQLTypes (  ID INT,  Description VARCHAR(100),  DateOnly DATE,  TimeOnly TIME, UtilDateAndTime TIMESTAMP, DateAndTime TIMESTAMP) 
INFO  Mar 18 23:00:55 net.sf.persism.BaseTest - testRefreshObject with : jdbc:derby:C:/Users/Pablo/pinfderby/pinfderby
INFO  Mar 18 23:00:55 net.sf.persism.BaseTest - 2021-03-18 = ? 2021-03-18
]]></system-out>
  </testcase>
  <testcase name="testGetDbMetaData" classname="net.sf.persism.TestDerby" time="0.124">
    <system-out><![CDATA[INFO  Mar 18 23:00:55 net.sf.persism.UtilsForTests - createHomeFolder: C:/Users/Pablo/pinfderby
INFO  Mar 18 23:00:55 net.sf.persism.UtilsForTests - createHomeFolder: false
INFO  Mar 18 23:00:55 net.sf.persism.TestDerby - jdbc:derby:C:/Users/Pablo/pinfderby/pinfderby;create=true
INFO  Mar 18 23:00:55 net.sf.persism.BaseTest - DROP TABLE Orders
INFO  Mar 18 23:00:55 net.sf.persism.BaseTest - CREATE TABLE Orders ( ID INTEGER NOT NULL GENERATED ALWAYS AS IDENTITY (START WITH 1, INCREMENT BY 1),  NAME VARCHAR(30),  PAID BOOLEAN,  Customer_ID VARCHAR(10),  Created TIMESTAMP DEFAULT CURRENT_TIMESTAMP NOT NULL,  Date_Paid TIMESTAMP,  DateSomething TIMESTAMP) 
INFO  Mar 18 23:00:55 net.sf.persism.BaseTest - DROP TABLE Customers
INFO  Mar 18 23:00:56 net.sf.persism.BaseTest - CREATE TABLE Customers (  Customer_ID varchar(10) PRIMARY KEY NOT NULL,  Company_Name VARCHAR(30),  Contact_Name VARCHAR(30),  Contact_Title VARCHAR(10),  Address VARCHAR(40),  City VARCHAR(30),  Region VARCHAR(10),  Postal_Code VARCHAR(10),  Country VARCHAR(2) NOT NULL DEFAULT 'US',  Phone VARCHAR(30),  Fax VARCHAR(30),  STATUS CHAR(1),  Date_Registered TIMESTAMP DEFAULT CURRENT_TIMESTAMP,  Date_Of_Last_Order DATE,  TestLocalDate TIMESTAMP,  TestLocalDateTime TIMESTAMP ) 
INFO  Mar 18 23:00:56 net.sf.persism.BaseTest - DROP TABLE Invoices
INFO  Mar 18 23:00:56 net.sf.persism.BaseTest - CREATE TABLE Invoices ( Invoice_ID INTEGER NOT NULL GENERATED ALWAYS AS IDENTITY (START WITH 1, INCREMENT BY 1),  Customer_ID varchar(10) NOT NULL,  Paid BOOLEAN NOT NULL,  Price NUMERIC(7,3) NOT NULL,  Quantity INT NOT NULL,  Total NUMERIC(10,3) NOT NULL ) 
INFO  Mar 18 23:00:56 net.sf.persism.BaseTest - DROP TABLE TABLEMULTIPRIMARY
INFO  Mar 18 23:00:56 net.sf.persism.BaseTest - CREATE TABLE TABLEMULTIPRIMARY (  CUSTOMER_NAME VARCHAR(30) NOT NULL,  Field4 VARCHAR(30),  Field5 TIMESTAMP,  ID INT NOT NULL ) 
INFO  Mar 18 23:00:56 net.sf.persism.BaseTest - ALTER TABLE TABLEMULTIPRIMARY ADD PRIMARY KEY (ID, CUSTOMER_NAME)
INFO  Mar 18 23:00:56 net.sf.persism.BaseTest - DROP TABLE Contacts
INFO  Mar 18 23:00:56 net.sf.persism.BaseTest - CREATE TABLE Contacts(     "identity" CHAR(16) FOR BIT DATA NOT NULL PRIMARY KEY,     PartnerID varchar(36) NOT NULL,     Type char(2) NOT NULL,     Firstname varchar(50) NOT NULL,     Lastname varchar(50) NOT NULL,     ContactName varchar(50) NOT NULL,     Company varchar(50) NOT NULL,     Division varchar(50),     Email varchar(50),     Address1 varchar(50),     Address2 varchar(50),     City varchar(50),     Status SMALLINT,    StateProvince varchar(50),     ZipPostalCode varchar(10),     Country varchar(50),     DateAdded Date,     LastModified Timestamp,     Notes Clob,     AmountOwed REAL,     "BigInt" DECIMAL(20)  ,     SomeDate Timestamp,    TestINstant Timestamp,    TestINstant2 Timestamp,    WhatMiteIsIt TIME,    WhatTimeIsIt TIME) 
INFO  Mar 18 23:00:56 net.sf.persism.BaseTest - DROP TABLE DateTestLocalTypes
INFO  Mar 18 23:00:56 net.sf.persism.BaseTest - CREATE TABLE DateTestLocalTypes (  ID INT,  Description VARCHAR(100),  DateOnly DATE,  TimeOnly TIME, DateAndTime TIMESTAMP) 
INFO  Mar 18 23:00:56 net.sf.persism.BaseTest - DROP TABLE DateTestSQLTypes
INFO  Mar 18 23:00:56 net.sf.persism.BaseTest - CREATE TABLE DateTestSQLTypes (  ID INT,  Description VARCHAR(100),  DateOnly DATE,  TimeOnly TIME, UtilDateAndTime TIMESTAMP, DateAndTime TIMESTAMP) 
]]></system-out>
  </testcase>
</testsuite>