<?xml version="1.0" encoding="UTF-8"?>
<testsuite xmlns:xsi="http://www.w3.org/2001/XMLSchema-instance" xsi:noNamespaceSchemaLocation="https://maven.apache.org/surefire/maven-surefire-plugin/xsd/surefire-test-report-3.0.xsd" version="3.0" name="net.sf.persism.TestFirebird" time="21.542" tests="11" errors="0" skipped="0" failures="0">
  <properties>
[...]
</properties>
  <testcase name="testContactTable" classname="net.sf.persism.TestFirebird" time="7.873">
    <system-out><![CDATA[INFO  Mar 18 23:00:59 docker[jacobalberty/firebird:3.0.7] - Creating container for image: jacobalberty/firebird:3.0.7
INFO  Mar 18 23:00:59 docker[jacobalberty/firebird:3.0.7] - Starting container with ID: f5897daa9332534b0c824d2fffd1f7bb2b76ee2a3939e1b018ef54ae51203afe
INFO  Mar 18 23:01:00 docker[jacobalberty/firebird:3.0.7] - Container jacobalberty/firebird:3.0.7 is starting: f5897daa9332534b0c824d2fffd1f7bb2b76ee2a3939e1b018ef54ae51203afe
INFO  Mar 18 23:01:01 docker[jacobalberty/firebird:3.0.7] - Waiting for database connection to become available at jdbc:firebirdsql://localhost:49396/test using query 'select 1 from RDB$DATABASE'
INFO  Mar 18 23:01:02 docker[jacobalberty/firebird:3.0.7] - Container is started (JDBC URL: jdbc:firebirdsql://localhost:49396/test)
INFO  Mar 18 23:01:02 docker[jacobalberty/firebird:3.0.7] - Container jacobalberty/firebird:3.0.7 started in PT2.612S
INFO  Mar 18 23:01:02 net.sf.persism.TestFirebird - Firebird 3.0
INFO  Mar 18 23:01:02 net.sf.persism.BaseTest - CREATE TABLE ORDERS ( id integer generated by default as identity primary key,  NAME VARCHAR(30),  PAID BOOLEAN,  CUSTOMER_ID VARCHAR(10),  CREATED TIMESTAMP DEFAULT 'NOW',  DATE_PAID TIMESTAMP,  DATE_SOMETHING TIMESTAMP ); 
INFO  Mar 18 23:01:02 net.sf.persism.BaseTest - CREATE GENERATOR GEN_CUSTOMER_ID; 
INFO  Mar 18 23:01:02 net.sf.persism.BaseTest - CREATE TABLE CUSTOMERS (   CUSTOMER_ID VARCHAR(10) NOT NULL,   COMPANY_NAME VARCHAR(30) NOT NULL,   CONTACT_NAME VARCHAR(30),   CONTACT_TITLE VARCHAR(10),   ADDRESS VARCHAR(40),   CITY VARCHAR(30),   REGION VARCHAR(10),   POSTAL_CODE VARCHAR(20),   COUNTRY VARCHAR(2),   PHONE VARCHAR(30),   FAX VARCHAR(30),   STATUS CHAR(1),   DATE_REGISTERED TIMESTAMP,   DATE_OF_LAST_ORDER DATE,  TestLocalDate DATE,  TestLocalDateTime TIMESTAMP,   CONSTRAINT PK_CUSTOMER PRIMARY KEY (CUSTOMER_ID) ); 
INFO  Mar 18 23:01:03 net.sf.persism.BaseTest - CREATE TABLE Contacts(    identity varchar(40) NOT NULL PRIMARY KEY, 
   PartnerID varchar(36) NOT NULL, 
   Type char(2) NOT NULL, 
   Firstname varchar(50) NOT NULL, 
   Lastname varchar(50) NOT NULL, 
   ContactName varchar(50) NOT NULL, 
   Company varchar(50) NOT NULL, 
   Division varchar(50), 
   Email varchar(50), 
   Address1 varchar(50), 
   Address2 varchar(50), 
   City varchar(50), 
   StateProvince varchar(50), 
   ZipPostalCode varchar(10), 
   Country varchar(50), 
   Status SMALLINT, 
   DateAdded Date, 
   LastModified TIMESTAMP, 
   Notes BLOB SUB_TYPE TEXT, 
   AmountOwed REAL, 
   "BigInt" DECIMAL(18), 
   SomeDate TIMESTAMP, 
   TestInstant TIMESTAMP, 
   TestInstant2 TIMESTAMP, 
   WhatMiteIsIt TIME, 
     WhatTimeIsIt TIME ) 
INFO  Mar 18 23:01:03 net.sf.persism.BaseTest - CREATE TABLE DateTestLocalTypes (  ID INT,  Description VARCHAR(100),  DateOnly DATE,  TimeOnly TIME, DateAndTime TIMESTAMP) 
INFO  Mar 18 23:01:03 net.sf.persism.BaseTest - CREATE TABLE DateTestSQLTypes (  ID INT,  Description VARCHAR(100),  DateOnly DATE,  TimeOnly TIME, UtilDateAndTime TIMESTAMP, DateAndTime TIMESTAMP) 
INFO  Mar 18 23:01:03 net.sf.persism.BaseTest - Local Date: 1994-02-17T10:23:43.997 INSTANT: 1994-02-17T10:23:43.997Z
INFO  Mar 18 23:01:03 net.sf.persism.BaseTest - Local Date: 2021-03-18T23:01:03.454 INSTANT: 2021-03-19T02:01:03.454Z
WARN  Mar 18 23:01:03 net.sf.persism.MetaData - Property not found for column: TESTINSTANT class: class net.sf.persism.dao.Contact
WARN  Mar 18 23:01:03 net.sf.persism.MetaData - Property not found for column: TESTINSTANT2 class: class net.sf.persism.dao.Contact
INFO  Mar 18 23:01:03 net.sf.persism.Session - No properties changed. No update required for Object: Contact{identity=d316ad81-946d-416b-98e3-3f3b03aa73db, partnerId=a0d00c5a-3de6-4ae8-ba11-e3e02c2b3a83, type='X', firstname='Fred', lastname='Flintstone', contactName='Fred Flintstone', company='Grouch Inc', division='Y', email='null', address1='123 Sesame Street', address2='Appt #0 (garbage can)', city='Philly?', stateProvince='null', zipPostalCode='null', country='US', dateAdded=1998-02-17, lastModified=1997-02-17 10:23:43.123, amountOwed=100.23, notes='B:AH B:AH VBLAH
 BLAH BLAY!', whatTimeIsIt=10:23:52} class: net.sf.persism.dao.Contact
INFO  Mar 18 23:01:03 net.sf.persism.BaseTest - CONTACT: Contact{identity=d316ad81-946d-416b-98e3-3f3b03aa73db, partnerId=a0d00c5a-3de6-4ae8-ba11-e3e02c2b3a83, type='X ', firstname='Fred', lastname='Flintstone', contactName='Fred Flintstone', company='Grouch Inc', division='Y', email='null', address1='123 Sesame Street', address2='Appt #0 (garbage can)', city='Philly?', stateProvince='null', zipPostalCode='null', country='US', dateAdded=1998-02-17, lastModified=1997-02-17 10:23:43.123, amountOwed=100.23, notes='B:AH B:AH VBLAH
 BLAH BLAY!', whatTimeIsIt=10:23:52}
INFO  Mar 18 23:01:03 net.sf.persism.BaseTest - contact after insert/update before commit/rollback: Contact{identity=1857f0cc-e093-400c-9222-e88e399a4dcd, partnerId=a0d00c5a-3de6-4ae8-ba11-e3e02c2b3a83, type='X ', firstname='Fred', lastname='Flintstone', contactName='HELLO?!', company='Grouch Inc', division='DIVISION X', email='null', address1='123 Sesame Street', address2='Appt #0 (garbage can)', city='Philly?', stateProvince='null', zipPostalCode='null', country='US', dateAdded=1998-02-17, lastModified=1997-02-17 10:23:43.123, amountOwed=100.23, notes='B:AH B:AH VBLAH
 BLAH BLAY!', whatTimeIsIt=10:23:52}
INFO  Mar 18 23:01:04 net.sf.persism.BaseTest - FAILS?: net.sf.persism.PersismException: Dynamic SQL Error; SQL error code = -204; Table unknown; MISSING; At line 1, column 15 [SQLState:42S02, ISC error code:335544580]
]]></system-out>
    <system-err><![CDATA[Mar 18, 2021 11:01:01 PM org.firebirdsql.logging.JulLogger warn
WARNING: WARNING: No connection character set specified (property lc_ctype, encoding, charSet or localEncoding), defaulting to character set NONE
Mar 18, 2021 11:01:02 PM org.firebirdsql.logging.JulLogger warn
WARNING: WARNING: No connection character set specified (property lc_ctype, encoding, charSet or localEncoding), defaulting to character set NONE
]]></system-err>
  </testcase>
  <testcase name="testAllDates" classname="net.sf.persism.TestFirebird" time="1.674">
    <system-out><![CDATA[INFO  Mar 18 23:01:04 net.sf.persism.TestFirebird - Firebird 3.0
INFO  Mar 18 23:01:04 net.sf.persism.BaseTest - DROP TABLE ORDERS;
INFO  Mar 18 23:01:04 net.sf.persism.BaseTest - CREATE TABLE ORDERS ( id integer generated by default as identity primary key,  NAME VARCHAR(30),  PAID BOOLEAN,  CUSTOMER_ID VARCHAR(10),  CREATED TIMESTAMP DEFAULT 'NOW',  DATE_PAID TIMESTAMP,  DATE_SOMETHING TIMESTAMP ); 
INFO  Mar 18 23:01:04 net.sf.persism.BaseTest - DROP TABLE CUSTOMERS;
INFO  Mar 18 23:01:04 net.sf.persism.BaseTest - DROP GENERATOR GEN_CUSTOMER_ID;
INFO  Mar 18 23:01:04 net.sf.persism.BaseTest - CREATE GENERATOR GEN_CUSTOMER_ID; 
INFO  Mar 18 23:01:04 net.sf.persism.BaseTest - CREATE TABLE CUSTOMERS (   CUSTOMER_ID VARCHAR(10) NOT NULL,   COMPANY_NAME VARCHAR(30) NOT NULL,   CONTACT_NAME VARCHAR(30),   CONTACT_TITLE VARCHAR(10),   ADDRESS VARCHAR(40),   CITY VARCHAR(30),   REGION VARCHAR(10),   POSTAL_CODE VARCHAR(20),   COUNTRY VARCHAR(2),   PHONE VARCHAR(30),   FAX VARCHAR(30),   STATUS CHAR(1),   DATE_REGISTERED TIMESTAMP,   DATE_OF_LAST_ORDER DATE,  TestLocalDate DATE,  TestLocalDateTime TIMESTAMP,   CONSTRAINT PK_CUSTOMER PRIMARY KEY (CUSTOMER_ID) ); 
INFO  Mar 18 23:01:04 net.sf.persism.BaseTest - DROP TABLE Contacts
INFO  Mar 18 23:01:04 net.sf.persism.BaseTest - CREATE TABLE Contacts(    identity varchar(40) NOT NULL PRIMARY KEY, 
   PartnerID varchar(36) NOT NULL, 
   Type char(2) NOT NULL, 
   Firstname varchar(50) NOT NULL, 
   Lastname varchar(50) NOT NULL, 
   ContactName varchar(50) NOT NULL, 
   Company varchar(50) NOT NULL, 
   Division varchar(50), 
   Email varchar(50), 
   Address1 varchar(50), 
   Address2 varchar(50), 
   City varchar(50), 
   StateProvince varchar(50), 
   ZipPostalCode varchar(10), 
   Country varchar(50), 
   Status SMALLINT, 
   DateAdded Date, 
   LastModified TIMESTAMP, 
   Notes BLOB SUB_TYPE TEXT, 
   AmountOwed REAL, 
   "BigInt" DECIMAL(18), 
   SomeDate TIMESTAMP, 
   TestInstant TIMESTAMP, 
   TestInstant2 TIMESTAMP, 
   WhatMiteIsIt TIME, 
     WhatTimeIsIt TIME ) 
INFO  Mar 18 23:01:04 net.sf.persism.BaseTest - DROP TABLE DateTestLocalTypes
INFO  Mar 18 23:01:05 net.sf.persism.BaseTest - CREATE TABLE DateTestLocalTypes (  ID INT,  Description VARCHAR(100),  DateOnly DATE,  TimeOnly TIME, DateAndTime TIMESTAMP) 
INFO  Mar 18 23:01:05 net.sf.persism.BaseTest - DROP TABLE DateTestSQLTypes
INFO  Mar 18 23:01:05 net.sf.persism.BaseTest - CREATE TABLE DateTestSQLTypes (  ID INT,  Description VARCHAR(100),  DateOnly DATE,  TimeOnly TIME, UtilDateAndTime TIMESTAMP, DateAndTime TIMESTAMP) 
INFO  Mar 18 23:01:05 net.sf.persism.BaseTest - udate: Mon Feb 17 22:23:41 ARST 1992 698372621107
INFO  Mar 18 23:01:05 net.sf.persism.BaseTest - sdate: 1992-02-17 698372621107
INFO  Mar 18 23:01:05 net.sf.persism.BaseTest - ts: 1992-02-17 22:23:41.107
INFO  Mar 18 23:01:05 net.sf.persism.BaseTest - time: 22:23:41
INFO  Mar 18 23:01:05 net.sf.persism.BaseTest - BEFORE: DateTestSQLTypes{id=1, description='test 1', dateOnly=1992-02-17, timeOnly=22:23:41, dateAndTime=1992-02-17 22:23:41.107, utilDateAndTime=Mon Feb 17 22:23:41 ARST 1992}
INFO  Mar 18 23:01:05 net.sf.persism.BaseTest - AFTER:  DateTestSQLTypes{id=1, description='test 1', dateOnly=1992-02-17, timeOnly=22:23:41, dateAndTime=1992-02-17 22:23:41.107, utilDateAndTime=Mon Feb 17 22:23:41 ARST 1992}
INFO  Mar 18 23:01:05 net.sf.persism.BaseTest - [DateTestSQLTypes{id=1, description='test 1', dateOnly=1992-02-17, timeOnly=22:23:41, dateAndTime=1992-02-17 22:23:41.107, utilDateAndTime=Mon Feb 17 22:23:41 ARST 1992}]
INFO  Mar 18 23:01:05 net.sf.persism.BaseTest - ldt: 1998-02-17T10:23:43.567
INFO  Mar 18 23:01:05 net.sf.persism.BaseTest - ld : 1997-02-17
INFO  Mar 18 23:01:05 net.sf.persism.BaseTest - lt : 10:23:43.567
INFO  Mar 18 23:01:05 net.sf.persism.BaseTest - BEFORE: DateTestLocalTypes{id=1, description='test 1', dateOnly=1997-02-17, timeOnly=10:23:43.567, dateAndTime=1998-02-17T10:23:43.567}
INFO  Mar 18 23:01:05 net.sf.persism.BaseTest - AFTER:  DateTestLocalTypes{id=1, description='test 1', dateOnly=1997-02-17, timeOnly=10:23:43, dateAndTime=1998-02-17T10:23:43.567}
INFO  Mar 18 23:01:05 net.sf.persism.BaseTest - [DateTestLocalTypes{id=1, description='test 1', dateOnly=1997-02-17, timeOnly=10:23:43, dateAndTime=1998-02-17T10:23:43.567}, DateTestLocalTypes{id=2, description='time later in the day to test awfulness of SQLite', dateOnly=null, timeOnly=22:23:41, dateAndTime=null}]
]]></system-out>
    <system-err><![CDATA[Mar 18, 2021 11:01:04 PM org.firebirdsql.logging.JulLogger warn
WARNING: WARNING: No connection character set specified (property lc_ctype, encoding, charSet or localEncoding), defaulting to character set NONE
]]></system-err>
  </testcase>
  <testcase name="testSomething" classname="net.sf.persism.TestFirebird" time="1.38">
    <system-out><![CDATA[INFO  Mar 18 23:01:05 net.sf.persism.TestFirebird - Firebird 3.0
INFO  Mar 18 23:01:05 net.sf.persism.BaseTest - DROP TABLE ORDERS;
INFO  Mar 18 23:01:05 net.sf.persism.BaseTest - CREATE TABLE ORDERS ( id integer generated by default as identity primary key,  NAME VARCHAR(30),  PAID BOOLEAN,  CUSTOMER_ID VARCHAR(10),  CREATED TIMESTAMP DEFAULT 'NOW',  DATE_PAID TIMESTAMP,  DATE_SOMETHING TIMESTAMP ); 
INFO  Mar 18 23:01:06 net.sf.persism.BaseTest - DROP TABLE CUSTOMERS;
INFO  Mar 18 23:01:06 net.sf.persism.BaseTest - DROP GENERATOR GEN_CUSTOMER_ID;
INFO  Mar 18 23:01:06 net.sf.persism.BaseTest - CREATE GENERATOR GEN_CUSTOMER_ID; 
INFO  Mar 18 23:01:06 net.sf.persism.BaseTest - CREATE TABLE CUSTOMERS (   CUSTOMER_ID VARCHAR(10) NOT NULL,   COMPANY_NAME VARCHAR(30) NOT NULL,   CONTACT_NAME VARCHAR(30),   CONTACT_TITLE VARCHAR(10),   ADDRESS VARCHAR(40),   CITY VARCHAR(30),   REGION VARCHAR(10),   POSTAL_CODE VARCHAR(20),   COUNTRY VARCHAR(2),   PHONE VARCHAR(30),   FAX VARCHAR(30),   STATUS CHAR(1),   DATE_REGISTERED TIMESTAMP,   DATE_OF_LAST_ORDER DATE,  TestLocalDate DATE,  TestLocalDateTime TIMESTAMP,   CONSTRAINT PK_CUSTOMER PRIMARY KEY (CUSTOMER_ID) ); 
INFO  Mar 18 23:01:06 net.sf.persism.BaseTest - DROP TABLE Contacts
INFO  Mar 18 23:01:06 net.sf.persism.BaseTest - CREATE TABLE Contacts(    identity varchar(40) NOT NULL PRIMARY KEY, 
   PartnerID varchar(36) NOT NULL, 
   Type char(2) NOT NULL, 
   Firstname varchar(50) NOT NULL, 
   Lastname varchar(50) NOT NULL, 
   ContactName varchar(50) NOT NULL, 
   Company varchar(50) NOT NULL, 
   Division varchar(50), 
   Email varchar(50), 
   Address1 varchar(50), 
   Address2 varchar(50), 
   City varchar(50), 
   StateProvince varchar(50), 
   ZipPostalCode varchar(10), 
   Country varchar(50), 
   Status SMALLINT, 
   DateAdded Date, 
   LastModified TIMESTAMP, 
   Notes BLOB SUB_TYPE TEXT, 
   AmountOwed REAL, 
   "BigInt" DECIMAL(18), 
   SomeDate TIMESTAMP, 
   TestInstant TIMESTAMP, 
   TestInstant2 TIMESTAMP, 
   WhatMiteIsIt TIME, 
     WhatTimeIsIt TIME ) 
INFO  Mar 18 23:01:06 net.sf.persism.BaseTest - DROP TABLE DateTestLocalTypes
INFO  Mar 18 23:01:06 net.sf.persism.BaseTest - CREATE TABLE DateTestLocalTypes (  ID INT,  Description VARCHAR(100),  DateOnly DATE,  TimeOnly TIME, DateAndTime TIMESTAMP) 
INFO  Mar 18 23:01:06 net.sf.persism.BaseTest - DROP TABLE DateTestSQLTypes
INFO  Mar 18 23:01:06 net.sf.persism.BaseTest - CREATE TABLE DateTestSQLTypes (  ID INT,  Description VARCHAR(100),  DateOnly DATE,  TimeOnly TIME, UtilDateAndTime TIMESTAMP, DateAndTime TIMESTAMP) 
WARN  Mar 18 23:01:06 net.sf.persism.TestFirebird - PropertyInfo{propertyName='country', getter=public java.lang.String net.sf.persism.dao.Customer.getCountry(), setter=public void net.sf.persism.dao.Customer.setCountry(java.lang.String), annotations={}}
WARN  Mar 18 23:01:06 net.sf.persism.TestFirebird - PropertyInfo{propertyName='address', getter=public java.lang.String net.sf.persism.dao.Customer.getAddress(), setter=public void net.sf.persism.dao.Customer.setAddress(java.lang.String), annotations={}}
WARN  Mar 18 23:01:06 net.sf.persism.TestFirebird - PropertyInfo{propertyName='testlocaldatetime', getter=public java.time.LocalDateTime net.sf.persism.dao.Customer.getTestLocalDateTime(), setter=public void net.sf.persism.dao.Customer.setTestLocalDateTime(java.time.LocalDateTime), annotations={}}
WARN  Mar 18 23:01:06 net.sf.persism.TestFirebird - PropertyInfo{propertyName='city', getter=public java.lang.String net.sf.persism.dao.Customer.getCity(), setter=public void net.sf.persism.dao.Customer.setCity(java.lang.String), annotations={}}
WARN  Mar 18 23:01:06 net.sf.persism.TestFirebird - PropertyInfo{propertyName='testlocaldate', getter=public java.time.LocalDate net.sf.persism.dao.Customer.getTestLocalDate(), setter=public void net.sf.persism.dao.Customer.setTestLocalDate(java.time.LocalDate), annotations={}}
WARN  Mar 18 23:01:06 net.sf.persism.TestFirebird - PropertyInfo{propertyName='contactname', getter=public java.lang.String net.sf.persism.dao.Customer.getContactName(), setter=public void net.sf.persism.dao.Customer.setContactName(java.lang.String), annotations={}}
WARN  Mar 18 23:01:06 net.sf.persism.TestFirebird - PropertyInfo{propertyName='dateoflastorder', getter=public java.time.LocalDateTime net.sf.persism.dao.Customer.getDateOfLastOrder(), setter=public void net.sf.persism.dao.Customer.setDateOfLastOrder(java.time.LocalDateTime), annotations={}}
WARN  Mar 18 23:01:06 net.sf.persism.TestFirebird - PropertyInfo{propertyName='phone', getter=public java.lang.String net.sf.persism.dao.Customer.getPhone(), setter=public void net.sf.persism.dao.Customer.setPhone(java.lang.String), annotations={}}
WARN  Mar 18 23:01:06 net.sf.persism.TestFirebird - PropertyInfo{propertyName='postalcode', getter=public java.lang.String net.sf.persism.dao.Customer.getPostalCode(), setter=public void net.sf.persism.dao.Customer.setPostalCode(java.lang.String), annotations={}}
WARN  Mar 18 23:01:06 net.sf.persism.TestFirebird - PropertyInfo{propertyName='contacttitle', getter=public java.lang.String net.sf.persism.dao.Customer.getContactTitle(), setter=public void net.sf.persism.dao.Customer.setContactTitle(java.lang.String), annotations={}}
WARN  Mar 18 23:01:06 net.sf.persism.TestFirebird - PropertyInfo{propertyName='companyname', getter=public java.lang.String net.sf.persism.dao.Customer.getCompanyName(), setter=public void net.sf.persism.dao.Customer.setCompanyName(java.lang.String), annotations={}}
WARN  Mar 18 23:01:06 net.sf.persism.TestFirebird - PropertyInfo{propertyName='customerid', getter=public java.lang.String net.sf.persism.dao.Customer.getCustomerId(), setter=public void net.sf.persism.dao.Customer.setCustomerId(java.lang.String), annotations={}}
WARN  Mar 18 23:01:06 net.sf.persism.TestFirebird - PropertyInfo{propertyName='region', getter=public net.sf.persism.dao.Regions net.sf.persism.dao.Customer.getRegion(), setter=public void net.sf.persism.dao.Customer.setRegion(net.sf.persism.dao.Regions), annotations={}}
WARN  Mar 18 23:01:06 net.sf.persism.TestFirebird - PropertyInfo{propertyName='dateregistered', getter=public java.sql.Timestamp net.sf.persism.dao.Customer.getDateRegistered(), setter=public void net.sf.persism.dao.Customer.setDateRegistered(java.sql.Timestamp), annotations={interface net.sf.persism.annotations.Column=@net.sf.persism.annotations.Column(name=, hasDefault=true, autoIncrement=false, primary=false)}}
WARN  Mar 18 23:01:06 net.sf.persism.TestFirebird - PropertyInfo{propertyName='fax', getter=public java.lang.String net.sf.persism.dao.Customer.getFax(), setter=public void net.sf.persism.dao.Customer.setFax(java.lang.String), annotations={}}
WARN  Mar 18 23:01:06 net.sf.persism.TestFirebird - PropertyInfo{propertyName='status', getter=public char net.sf.persism.dao.Customer.getStatus(), setter=public void net.sf.persism.dao.Customer.setStatus(char), annotations={}}
]]></system-out>
    <system-err><![CDATA[Mar 18, 2021 11:01:05 PM org.firebirdsql.logging.JulLogger warn
WARNING: WARNING: No connection character set specified (property lc_ctype, encoding, charSet or localEncoding), defaulting to character set NONE
]]></system-err>
  </testcase>
  <testcase name="testOrders" classname="net.sf.persism.TestFirebird" time="1.179">
    <system-out><![CDATA[INFO  Mar 18 23:01:07 net.sf.persism.TestFirebird - Firebird 3.0
INFO  Mar 18 23:01:07 net.sf.persism.BaseTest - DROP TABLE ORDERS;
INFO  Mar 18 23:01:07 net.sf.persism.BaseTest - CREATE TABLE ORDERS ( id integer generated by default as identity primary key,  NAME VARCHAR(30),  PAID BOOLEAN,  CUSTOMER_ID VARCHAR(10),  CREATED TIMESTAMP DEFAULT 'NOW',  DATE_PAID TIMESTAMP,  DATE_SOMETHING TIMESTAMP ); 
INFO  Mar 18 23:01:07 net.sf.persism.BaseTest - DROP TABLE CUSTOMERS;
INFO  Mar 18 23:01:07 net.sf.persism.BaseTest - DROP GENERATOR GEN_CUSTOMER_ID;
INFO  Mar 18 23:01:07 net.sf.persism.BaseTest - CREATE GENERATOR GEN_CUSTOMER_ID; 
INFO  Mar 18 23:01:07 net.sf.persism.BaseTest - CREATE TABLE CUSTOMERS (   CUSTOMER_ID VARCHAR(10) NOT NULL,   COMPANY_NAME VARCHAR(30) NOT NULL,   CONTACT_NAME VARCHAR(30),   CONTACT_TITLE VARCHAR(10),   ADDRESS VARCHAR(40),   CITY VARCHAR(30),   REGION VARCHAR(10),   POSTAL_CODE VARCHAR(20),   COUNTRY VARCHAR(2),   PHONE VARCHAR(30),   FAX VARCHAR(30),   STATUS CHAR(1),   DATE_REGISTERED TIMESTAMP,   DATE_OF_LAST_ORDER DATE,  TestLocalDate DATE,  TestLocalDateTime TIMESTAMP,   CONSTRAINT PK_CUSTOMER PRIMARY KEY (CUSTOMER_ID) ); 
INFO  Mar 18 23:01:07 net.sf.persism.BaseTest - DROP TABLE Contacts
INFO  Mar 18 23:01:07 net.sf.persism.BaseTest - CREATE TABLE Contacts(    identity varchar(40) NOT NULL PRIMARY KEY, 
   PartnerID varchar(36) NOT NULL, 
   Type char(2) NOT NULL, 
   Firstname varchar(50) NOT NULL, 
   Lastname varchar(50) NOT NULL, 
   ContactName varchar(50) NOT NULL, 
   Company varchar(50) NOT NULL, 
   Division varchar(50), 
   Email varchar(50), 
   Address1 varchar(50), 
   Address2 varchar(50), 
   City varchar(50), 
   StateProvince varchar(50), 
   ZipPostalCode varchar(10), 
   Country varchar(50), 
   Status SMALLINT, 
   DateAdded Date, 
   LastModified TIMESTAMP, 
   Notes BLOB SUB_TYPE TEXT, 
   AmountOwed REAL, 
   "BigInt" DECIMAL(18), 
   SomeDate TIMESTAMP, 
   TestInstant TIMESTAMP, 
   TestInstant2 TIMESTAMP, 
   WhatMiteIsIt TIME, 
     WhatTimeIsIt TIME ) 
INFO  Mar 18 23:01:07 net.sf.persism.BaseTest - DROP TABLE DateTestLocalTypes
INFO  Mar 18 23:01:07 net.sf.persism.BaseTest - CREATE TABLE DateTestLocalTypes (  ID INT,  Description VARCHAR(100),  DateOnly DATE,  TimeOnly TIME, DateAndTime TIMESTAMP) 
INFO  Mar 18 23:01:08 net.sf.persism.BaseTest - DROP TABLE DateTestSQLTypes
INFO  Mar 18 23:01:08 net.sf.persism.BaseTest - CREATE TABLE DateTestSQLTypes (  ID INT,  Description VARCHAR(100),  DateOnly DATE,  TimeOnly TIME, UtilDateAndTime TIMESTAMP, DateAndTime TIMESTAMP) 
]]></system-out>
    <system-err><![CDATA[Mar 18, 2021 11:01:06 PM org.firebirdsql.logging.JulLogger warn
WARNING: WARNING: No connection character set specified (property lc_ctype, encoding, charSet or localEncoding), defaulting to character set NONE
]]></system-err>
  </testcase>
  <testcase name="testStoredProcs" classname="net.sf.persism.TestFirebird" time="1.262">
    <system-out><![CDATA[INFO  Mar 18 23:01:08 net.sf.persism.TestFirebird - Firebird 3.0
INFO  Mar 18 23:01:08 net.sf.persism.BaseTest - DROP TABLE ORDERS;
INFO  Mar 18 23:01:08 net.sf.persism.BaseTest - CREATE TABLE ORDERS ( id integer generated by default as identity primary key,  NAME VARCHAR(30),  PAID BOOLEAN,  CUSTOMER_ID VARCHAR(10),  CREATED TIMESTAMP DEFAULT 'NOW',  DATE_PAID TIMESTAMP,  DATE_SOMETHING TIMESTAMP ); 
INFO  Mar 18 23:01:08 net.sf.persism.BaseTest - DROP TABLE CUSTOMERS;
INFO  Mar 18 23:01:08 net.sf.persism.BaseTest - DROP GENERATOR GEN_CUSTOMER_ID;
INFO  Mar 18 23:01:08 net.sf.persism.BaseTest - CREATE GENERATOR GEN_CUSTOMER_ID; 
INFO  Mar 18 23:01:09 net.sf.persism.BaseTest - CREATE TABLE CUSTOMERS (   CUSTOMER_ID VARCHAR(10) NOT NULL,   COMPANY_NAME VARCHAR(30) NOT NULL,   CONTACT_NAME VARCHAR(30),   CONTACT_TITLE VARCHAR(10),   ADDRESS VARCHAR(40),   CITY VARCHAR(30),   REGION VARCHAR(10),   POSTAL_CODE VARCHAR(20),   COUNTRY VARCHAR(2),   PHONE VARCHAR(30),   FAX VARCHAR(30),   STATUS CHAR(1),   DATE_REGISTERED TIMESTAMP,   DATE_OF_LAST_ORDER DATE,  TestLocalDate DATE,  TestLocalDateTime TIMESTAMP,   CONSTRAINT PK_CUSTOMER PRIMARY KEY (CUSTOMER_ID) ); 
INFO  Mar 18 23:01:09 net.sf.persism.BaseTest - DROP TABLE Contacts
INFO  Mar 18 23:01:09 net.sf.persism.BaseTest - CREATE TABLE Contacts(    identity varchar(40) NOT NULL PRIMARY KEY, 
   PartnerID varchar(36) NOT NULL, 
   Type char(2) NOT NULL, 
   Firstname varchar(50) NOT NULL, 
   Lastname varchar(50) NOT NULL, 
   ContactName varchar(50) NOT NULL, 
   Company varchar(50) NOT NULL, 
   Division varchar(50), 
   Email varchar(50), 
   Address1 varchar(50), 
   Address2 varchar(50), 
   City varchar(50), 
   StateProvince varchar(50), 
   ZipPostalCode varchar(10), 
   Country varchar(50), 
   Status SMALLINT, 
   DateAdded Date, 
   LastModified TIMESTAMP, 
   Notes BLOB SUB_TYPE TEXT, 
   AmountOwed REAL, 
   "BigInt" DECIMAL(18), 
   SomeDate TIMESTAMP, 
   TestInstant TIMESTAMP, 
   TestInstant2 TIMESTAMP, 
   WhatMiteIsIt TIME, 
     WhatTimeIsIt TIME ) 
INFO  Mar 18 23:01:09 net.sf.persism.BaseTest - DROP TABLE DateTestLocalTypes
INFO  Mar 18 23:01:09 net.sf.persism.BaseTest - CREATE TABLE DateTestLocalTypes (  ID INT,  Description VARCHAR(100),  DateOnly DATE,  TimeOnly TIME, DateAndTime TIMESTAMP) 
INFO  Mar 18 23:01:09 net.sf.persism.BaseTest - DROP TABLE DateTestSQLTypes
INFO  Mar 18 23:01:09 net.sf.persism.BaseTest - CREATE TABLE DateTestSQLTypes (  ID INT,  Description VARCHAR(100),  DateOnly DATE,  TimeOnly TIME, UtilDateAndTime TIMESTAMP, DateAndTime TIMESTAMP) 
]]></system-out>
    <system-err><![CDATA[Mar 18, 2021 11:01:08 PM org.firebirdsql.logging.JulLogger warn
WARNING: WARNING: No connection character set specified (property lc_ctype, encoding, charSet or localEncoding), defaulting to character set NONE
]]></system-err>
  </testcase>
  <testcase name="testQueryResult" classname="net.sf.persism.TestFirebird" time="1.558">
    <system-out><![CDATA[INFO  Mar 18 23:01:09 net.sf.persism.TestFirebird - Firebird 3.0
INFO  Mar 18 23:01:09 net.sf.persism.BaseTest - DROP TABLE ORDERS;
INFO  Mar 18 23:01:09 net.sf.persism.BaseTest - CREATE TABLE ORDERS ( id integer generated by default as identity primary key,  NAME VARCHAR(30),  PAID BOOLEAN,  CUSTOMER_ID VARCHAR(10),  CREATED TIMESTAMP DEFAULT 'NOW',  DATE_PAID TIMESTAMP,  DATE_SOMETHING TIMESTAMP ); 
INFO  Mar 18 23:01:10 net.sf.persism.BaseTest - DROP TABLE CUSTOMERS;
INFO  Mar 18 23:01:10 net.sf.persism.BaseTest - DROP GENERATOR GEN_CUSTOMER_ID;
INFO  Mar 18 23:01:10 net.sf.persism.BaseTest - CREATE GENERATOR GEN_CUSTOMER_ID; 
INFO  Mar 18 23:01:10 net.sf.persism.BaseTest - CREATE TABLE CUSTOMERS (   CUSTOMER_ID VARCHAR(10) NOT NULL,   COMPANY_NAME VARCHAR(30) NOT NULL,   CONTACT_NAME VARCHAR(30),   CONTACT_TITLE VARCHAR(10),   ADDRESS VARCHAR(40),   CITY VARCHAR(30),   REGION VARCHAR(10),   POSTAL_CODE VARCHAR(20),   COUNTRY VARCHAR(2),   PHONE VARCHAR(30),   FAX VARCHAR(30),   STATUS CHAR(1),   DATE_REGISTERED TIMESTAMP,   DATE_OF_LAST_ORDER DATE,  TestLocalDate DATE,  TestLocalDateTime TIMESTAMP,   CONSTRAINT PK_CUSTOMER PRIMARY KEY (CUSTOMER_ID) ); 
INFO  Mar 18 23:01:10 net.sf.persism.BaseTest - DROP TABLE Contacts
INFO  Mar 18 23:01:10 net.sf.persism.BaseTest - CREATE TABLE Contacts(    identity varchar(40) NOT NULL PRIMARY KEY, 
   PartnerID varchar(36) NOT NULL, 
   Type char(2) NOT NULL, 
   Firstname varchar(50) NOT NULL, 
   Lastname varchar(50) NOT NULL, 
   ContactName varchar(50) NOT NULL, 
   Company varchar(50) NOT NULL, 
   Division varchar(50), 
   Email varchar(50), 
   Address1 varchar(50), 
   Address2 varchar(50), 
   City varchar(50), 
   StateProvince varchar(50), 
   ZipPostalCode varchar(10), 
   Country varchar(50), 
   Status SMALLINT, 
   DateAdded Date, 
   LastModified TIMESTAMP, 
   Notes BLOB SUB_TYPE TEXT, 
   AmountOwed REAL, 
   "BigInt" DECIMAL(18), 
   SomeDate TIMESTAMP, 
   TestInstant TIMESTAMP, 
   TestInstant2 TIMESTAMP, 
   WhatMiteIsIt TIME, 
     WhatTimeIsIt TIME ) 
INFO  Mar 18 23:01:10 net.sf.persism.BaseTest - DROP TABLE DateTestLocalTypes
INFO  Mar 18 23:01:10 net.sf.persism.BaseTest - CREATE TABLE DateTestLocalTypes (  ID INT,  Description VARCHAR(100),  DateOnly DATE,  TimeOnly TIME, DateAndTime TIMESTAMP) 
INFO  Mar 18 23:01:10 net.sf.persism.BaseTest - DROP TABLE DateTestSQLTypes
INFO  Mar 18 23:01:10 net.sf.persism.BaseTest - CREATE TABLE DateTestSQLTypes (  ID INT,  Description VARCHAR(100),  DateOnly DATE,  TimeOnly TIME, UtilDateAndTime TIMESTAMP, DateAndTime TIMESTAMP) 
INFO  Mar 18 23:01:11 net.sf.persism.BaseTest - SELECT c.Customer_ID, c.Company_Name, o.ID Order_ID, o.Name AS Description, o.Date_Paid, o.Created AS DateCreated, o.PAID  FROM Orders o JOIN Customers c ON o.Customer_ID = c.Customer_ID
INFO  Mar 18 23:01:11 net.sf.persism.BaseTest - [CustomerOrder{customerId='123', companyName='ABC INC', description='ORDER 1', orderId=1, dateCreated=Thu Mar 18 00:00:00 ART 2021, datePaid=Thu Mar 18 23:01:11 ART 2021, paid=true}, CustomerOrder{customerId='123', companyName='ABC INC', description='ORDER 2', orderId=2, dateCreated=Thu Mar 18 00:00:00 ART 2021, datePaid=null, paid=false}, CustomerOrder{customerId='456', companyName='XYZ INC', description='ORDER 3', orderId=3, dateCreated=Thu Mar 18 00:00:00 ART 2021, datePaid=null, paid=false}, CustomerOrder{customerId='456', companyName='XYZ INC', description='ORDER 4', orderId=4, dateCreated=Thu Mar 18 00:00:00 ART 2021, datePaid=null, paid=false}]
INFO  Mar 18 23:01:11 net.sf.persism.BaseTest - date created? Thu Mar 18 00:00:00 ART 2021
INFO  Mar 18 23:01:11 net.sf.persism.BaseTest - date paid? Thu Mar 18 23:01:11 ART 2021
INFO  Mar 18 23:01:11 net.sf.persism.BaseTest - date created? Thu Mar 18 00:00:00 ART 2021
INFO  Mar 18 23:01:11 net.sf.persism.BaseTest - date paid? null
INFO  Mar 18 23:01:11 net.sf.persism.BaseTest - date created? Thu Mar 18 00:00:00 ART 2021
INFO  Mar 18 23:01:11 net.sf.persism.BaseTest - date paid? null
INFO  Mar 18 23:01:11 net.sf.persism.BaseTest - date created? Thu Mar 18 00:00:00 ART 2021
INFO  Mar 18 23:01:11 net.sf.persism.BaseTest - date paid? null
]]></system-out>
    <system-err><![CDATA[Mar 18, 2021 11:01:09 PM org.firebirdsql.logging.JulLogger warn
WARNING: WARNING: No connection character set specified (property lc_ctype, encoding, charSet or localEncoding), defaulting to character set NONE
]]></system-err>
  </testcase>
  <testcase name="testReadPrimitive" classname="net.sf.persism.TestFirebird" time="1.514">
    <system-out><![CDATA[INFO  Mar 18 23:01:11 net.sf.persism.TestFirebird - Firebird 3.0
INFO  Mar 18 23:01:11 net.sf.persism.BaseTest - DROP TABLE ORDERS;
INFO  Mar 18 23:01:11 net.sf.persism.BaseTest - CREATE TABLE ORDERS ( id integer generated by default as identity primary key,  NAME VARCHAR(30),  PAID BOOLEAN,  CUSTOMER_ID VARCHAR(10),  CREATED TIMESTAMP DEFAULT 'NOW',  DATE_PAID TIMESTAMP,  DATE_SOMETHING TIMESTAMP ); 
INFO  Mar 18 23:01:11 net.sf.persism.BaseTest - DROP TABLE CUSTOMERS;
INFO  Mar 18 23:01:11 net.sf.persism.BaseTest - DROP GENERATOR GEN_CUSTOMER_ID;
INFO  Mar 18 23:01:11 net.sf.persism.BaseTest - CREATE GENERATOR GEN_CUSTOMER_ID; 
INFO  Mar 18 23:01:11 net.sf.persism.BaseTest - CREATE TABLE CUSTOMERS (   CUSTOMER_ID VARCHAR(10) NOT NULL,   COMPANY_NAME VARCHAR(30) NOT NULL,   CONTACT_NAME VARCHAR(30),   CONTACT_TITLE VARCHAR(10),   ADDRESS VARCHAR(40),   CITY VARCHAR(30),   REGION VARCHAR(10),   POSTAL_CODE VARCHAR(20),   COUNTRY VARCHAR(2),   PHONE VARCHAR(30),   FAX VARCHAR(30),   STATUS CHAR(1),   DATE_REGISTERED TIMESTAMP,   DATE_OF_LAST_ORDER DATE,  TestLocalDate DATE,  TestLocalDateTime TIMESTAMP,   CONSTRAINT PK_CUSTOMER PRIMARY KEY (CUSTOMER_ID) ); 
INFO  Mar 18 23:01:11 net.sf.persism.BaseTest - DROP TABLE Contacts
INFO  Mar 18 23:01:11 net.sf.persism.BaseTest - CREATE TABLE Contacts(    identity varchar(40) NOT NULL PRIMARY KEY, 
   PartnerID varchar(36) NOT NULL, 
   Type char(2) NOT NULL, 
   Firstname varchar(50) NOT NULL, 
   Lastname varchar(50) NOT NULL, 
   ContactName varchar(50) NOT NULL, 
   Company varchar(50) NOT NULL, 
   Division varchar(50), 
   Email varchar(50), 
   Address1 varchar(50), 
   Address2 varchar(50), 
   City varchar(50), 
   StateProvince varchar(50), 
   ZipPostalCode varchar(10), 
   Country varchar(50), 
   Status SMALLINT, 
   DateAdded Date, 
   LastModified TIMESTAMP, 
   Notes BLOB SUB_TYPE TEXT, 
   AmountOwed REAL, 
   "BigInt" DECIMAL(18), 
   SomeDate TIMESTAMP, 
   TestInstant TIMESTAMP, 
   TestInstant2 TIMESTAMP, 
   WhatMiteIsIt TIME, 
     WhatTimeIsIt TIME ) 
INFO  Mar 18 23:01:12 net.sf.persism.BaseTest - DROP TABLE DateTestLocalTypes
INFO  Mar 18 23:01:12 net.sf.persism.BaseTest - CREATE TABLE DateTestLocalTypes (  ID INT,  Description VARCHAR(100),  DateOnly DATE,  TimeOnly TIME, DateAndTime TIMESTAMP) 
INFO  Mar 18 23:01:12 net.sf.persism.BaseTest - DROP TABLE DateTestSQLTypes
INFO  Mar 18 23:01:12 net.sf.persism.BaseTest - CREATE TABLE DateTestSQLTypes (  ID INT,  Description VARCHAR(100),  DateOnly DATE,  TimeOnly TIME, UtilDateAndTime TIMESTAMP, DateAndTime TIMESTAMP) 
INFO  Mar 18 23:01:12 net.sf.persism.BaseTest - [2021-03-18]
INFO  Mar 18 23:01:12 net.sf.persism.BaseTest - 2021-03-18
INFO  Mar 18 23:01:12 net.sf.persism.BaseTest - [2021-03-18]
INFO  Mar 18 23:01:12 net.sf.persism.BaseTest - 2021-03-18
]]></system-out>
    <system-err><![CDATA[Mar 18, 2021 11:01:11 PM org.firebirdsql.logging.JulLogger warn
WARNING: WARNING: No connection character set specified (property lc_ctype, encoding, charSet or localEncoding), defaulting to character set NONE
]]></system-err>
  </testcase>
  <testcase name="testDates" classname="net.sf.persism.TestFirebird" time="1.315">
    <system-out><![CDATA[INFO  Mar 18 23:01:12 net.sf.persism.TestFirebird - Firebird 3.0
INFO  Mar 18 23:01:12 net.sf.persism.BaseTest - DROP TABLE ORDERS;
INFO  Mar 18 23:01:12 net.sf.persism.BaseTest - CREATE TABLE ORDERS ( id integer generated by default as identity primary key,  NAME VARCHAR(30),  PAID BOOLEAN,  CUSTOMER_ID VARCHAR(10),  CREATED TIMESTAMP DEFAULT 'NOW',  DATE_PAID TIMESTAMP,  DATE_SOMETHING TIMESTAMP ); 
INFO  Mar 18 23:01:13 net.sf.persism.BaseTest - DROP TABLE CUSTOMERS;
INFO  Mar 18 23:01:13 net.sf.persism.BaseTest - DROP GENERATOR GEN_CUSTOMER_ID;
INFO  Mar 18 23:01:13 net.sf.persism.BaseTest - CREATE GENERATOR GEN_CUSTOMER_ID; 
INFO  Mar 18 23:01:13 net.sf.persism.BaseTest - CREATE TABLE CUSTOMERS (   CUSTOMER_ID VARCHAR(10) NOT NULL,   COMPANY_NAME VARCHAR(30) NOT NULL,   CONTACT_NAME VARCHAR(30),   CONTACT_TITLE VARCHAR(10),   ADDRESS VARCHAR(40),   CITY VARCHAR(30),   REGION VARCHAR(10),   POSTAL_CODE VARCHAR(20),   COUNTRY VARCHAR(2),   PHONE VARCHAR(30),   FAX VARCHAR(30),   STATUS CHAR(1),   DATE_REGISTERED TIMESTAMP,   DATE_OF_LAST_ORDER DATE,  TestLocalDate DATE,  TestLocalDateTime TIMESTAMP,   CONSTRAINT PK_CUSTOMER PRIMARY KEY (CUSTOMER_ID) ); 
INFO  Mar 18 23:01:13 net.sf.persism.BaseTest - DROP TABLE Contacts
INFO  Mar 18 23:01:13 net.sf.persism.BaseTest - CREATE TABLE Contacts(    identity varchar(40) NOT NULL PRIMARY KEY, 
   PartnerID varchar(36) NOT NULL, 
   Type char(2) NOT NULL, 
   Firstname varchar(50) NOT NULL, 
   Lastname varchar(50) NOT NULL, 
   ContactName varchar(50) NOT NULL, 
   Company varchar(50) NOT NULL, 
   Division varchar(50), 
   Email varchar(50), 
   Address1 varchar(50), 
   Address2 varchar(50), 
   City varchar(50), 
   StateProvince varchar(50), 
   ZipPostalCode varchar(10), 
   Country varchar(50), 
   Status SMALLINT, 
   DateAdded Date, 
   LastModified TIMESTAMP, 
   Notes BLOB SUB_TYPE TEXT, 
   AmountOwed REAL, 
   "BigInt" DECIMAL(18), 
   SomeDate TIMESTAMP, 
   TestInstant TIMESTAMP, 
   TestInstant2 TIMESTAMP, 
   WhatMiteIsIt TIME, 
     WhatTimeIsIt TIME ) 
INFO  Mar 18 23:01:13 net.sf.persism.BaseTest - DROP TABLE DateTestLocalTypes
INFO  Mar 18 23:01:13 net.sf.persism.BaseTest - CREATE TABLE DateTestLocalTypes (  ID INT,  Description VARCHAR(100),  DateOnly DATE,  TimeOnly TIME, DateAndTime TIMESTAMP) 
INFO  Mar 18 23:01:13 net.sf.persism.BaseTest - DROP TABLE DateTestSQLTypes
INFO  Mar 18 23:01:13 net.sf.persism.BaseTest - CREATE TABLE DateTestSQLTypes (  ID INT,  Description VARCHAR(100),  DateOnly DATE,  TimeOnly TIME, UtilDateAndTime TIMESTAMP, DateAndTime TIMESTAMP) 
INFO  Mar 18 23:01:14 net.sf.persism.BaseTest - []
INFO  Mar 18 23:01:14 net.sf.persism.BaseTest - 2012-05-28T01:01:01
INFO  Mar 18 23:01:14 net.sf.persism.BaseTest - 2011-06-12 18:52:25.0
]]></system-out>
    <system-err><![CDATA[Mar 18, 2021 11:01:12 PM org.firebirdsql.logging.JulLogger warn
WARNING: WARNING: No connection character set specified (property lc_ctype, encoding, charSet or localEncoding), defaulting to character set NONE
]]></system-err>
  </testcase>
  <testcase name="testQueryWithSpecificColumnsWhereCaseDoesNotMatch" classname="net.sf.persism.TestFirebird" time="1.708">
    <system-out><![CDATA[INFO  Mar 18 23:01:14 net.sf.persism.TestFirebird - Firebird 3.0
INFO  Mar 18 23:01:14 net.sf.persism.BaseTest - DROP TABLE ORDERS;
INFO  Mar 18 23:01:14 net.sf.persism.BaseTest - CREATE TABLE ORDERS ( id integer generated by default as identity primary key,  NAME VARCHAR(30),  PAID BOOLEAN,  CUSTOMER_ID VARCHAR(10),  CREATED TIMESTAMP DEFAULT 'NOW',  DATE_PAID TIMESTAMP,  DATE_SOMETHING TIMESTAMP ); 
INFO  Mar 18 23:01:14 net.sf.persism.BaseTest - DROP TABLE CUSTOMERS;
INFO  Mar 18 23:01:14 net.sf.persism.BaseTest - DROP GENERATOR GEN_CUSTOMER_ID;
INFO  Mar 18 23:01:14 net.sf.persism.BaseTest - CREATE GENERATOR GEN_CUSTOMER_ID; 
INFO  Mar 18 23:01:14 net.sf.persism.BaseTest - CREATE TABLE CUSTOMERS (   CUSTOMER_ID VARCHAR(10) NOT NULL,   COMPANY_NAME VARCHAR(30) NOT NULL,   CONTACT_NAME VARCHAR(30),   CONTACT_TITLE VARCHAR(10),   ADDRESS VARCHAR(40),   CITY VARCHAR(30),   REGION VARCHAR(10),   POSTAL_CODE VARCHAR(20),   COUNTRY VARCHAR(2),   PHONE VARCHAR(30),   FAX VARCHAR(30),   STATUS CHAR(1),   DATE_REGISTERED TIMESTAMP,   DATE_OF_LAST_ORDER DATE,  TestLocalDate DATE,  TestLocalDateTime TIMESTAMP,   CONSTRAINT PK_CUSTOMER PRIMARY KEY (CUSTOMER_ID) ); 
INFO  Mar 18 23:01:14 net.sf.persism.BaseTest - DROP TABLE Contacts
INFO  Mar 18 23:01:14 net.sf.persism.BaseTest - CREATE TABLE Contacts(    identity varchar(40) NOT NULL PRIMARY KEY, 
   PartnerID varchar(36) NOT NULL, 
   Type char(2) NOT NULL, 
   Firstname varchar(50) NOT NULL, 
   Lastname varchar(50) NOT NULL, 
   ContactName varchar(50) NOT NULL, 
   Company varchar(50) NOT NULL, 
   Division varchar(50), 
   Email varchar(50), 
   Address1 varchar(50), 
   Address2 varchar(50), 
   City varchar(50), 
   StateProvince varchar(50), 
   ZipPostalCode varchar(10), 
   Country varchar(50), 
   Status SMALLINT, 
   DateAdded Date, 
   LastModified TIMESTAMP, 
   Notes BLOB SUB_TYPE TEXT, 
   AmountOwed REAL, 
   "BigInt" DECIMAL(18), 
   SomeDate TIMESTAMP, 
   TestInstant TIMESTAMP, 
   TestInstant2 TIMESTAMP, 
   WhatMiteIsIt TIME, 
     WhatTimeIsIt TIME ) 
INFO  Mar 18 23:01:15 net.sf.persism.BaseTest - DROP TABLE DateTestLocalTypes
INFO  Mar 18 23:01:15 net.sf.persism.BaseTest - CREATE TABLE DateTestLocalTypes (  ID INT,  Description VARCHAR(100),  DateOnly DATE,  TimeOnly TIME, DateAndTime TIMESTAMP) 
INFO  Mar 18 23:01:15 net.sf.persism.BaseTest - DROP TABLE DateTestSQLTypes
INFO  Mar 18 23:01:15 net.sf.persism.BaseTest - CREATE TABLE DateTestSQLTypes (  ID INT,  Description VARCHAR(100),  DateOnly DATE,  TimeOnly TIME, UtilDateAndTime TIMESTAMP, DateAndTime TIMESTAMP) 
INFO  Mar 18 23:01:15 net.sf.persism.BaseTest - testQueryWithSpecificColumnsWhereCaseDoesNotMatch with : jdbc:firebirdsql://localhost:49396/test
ERROR Mar 18 23:01:15 net.sf.persism.BaseTest - Object class net.sf.persism.dao.Customer was not properly initialized. Some properties not initialized by the queried columns: [COUNTRY, PHONE] Missing:[CONTACT_NAME, TESTLOCALDATE, CONTACT_TITLE, TESTLOCALDATETIME, CUSTOMER_ID, REGION, COMPANY_NAME, STATUS, CITY, POSTAL_CODE, ADDRESS, DATE_REGISTERED, DATE_OF_LAST_ORDER, FAX]
net.sf.persism.PersismException: Object class net.sf.persism.dao.Customer was not properly initialized. Some properties not initialized by the queried columns: [COUNTRY, PHONE] Missing:[CONTACT_NAME, TESTLOCALDATE, CONTACT_TITLE, TESTLOCALDATETIME, CUSTOMER_ID, REGION, COMPANY_NAME, STATUS, CITY, POSTAL_CODE, ADDRESS, DATE_REGISTERED, DATE_OF_LAST_ORDER, FAX]
	at net.sf.persism.Session.query(Session.java:412)
	at net.sf.persism.BaseTest.testQueryWithSpecificColumnsWhereCaseDoesNotMatch(BaseTest.java:189)
	at sun.reflect.NativeMethodAccessorImpl.invoke0(Native Method)
	at sun.reflect.NativeMethodAccessorImpl.invoke(NativeMethodAccessorImpl.java:62)
	at sun.reflect.DelegatingMethodAccessorImpl.invoke(DelegatingMethodAccessorImpl.java:43)
	at java.lang.reflect.Method.invoke(Method.java:498)
	at junit.framework.TestCase.runTest(TestCase.java:177)
	at junit.framework.TestCase.runBare(TestCase.java:142)
	at junit.framework.TestResult$1.protect(TestResult.java:122)
	at junit.framework.TestResult.runProtected(TestResult.java:142)
	at junit.framework.TestResult.run(TestResult.java:125)
	at junit.framework.TestCase.run(TestCase.java:130)
	at junit.framework.TestSuite.runTest(TestSuite.java:241)
	at junit.framework.TestSuite.run(TestSuite.java:236)
	at org.junit.internal.runners.JUnit38ClassRunner.run(JUnit38ClassRunner.java:90)
	at org.junit.runners.Suite.runChild(Suite.java:128)
	at org.junit.runners.Suite.runChild(Suite.java:27)
	at org.junit.runners.ParentRunner$4.run(ParentRunner.java:331)
	at org.junit.runners.ParentRunner$1.schedule(ParentRunner.java:79)
	at org.junit.runners.ParentRunner.runChildren(ParentRunner.java:329)
	at org.junit.runners.ParentRunner.access$100(ParentRunner.java:66)
	at org.junit.runners.ParentRunner$2.evaluate(ParentRunner.java:293)
	at org.junit.runners.ParentRunner$3.evaluate(ParentRunner.java:306)
	at org.junit.runners.ParentRunner.run(ParentRunner.java:413)
	at org.apache.maven.surefire.junitcore.JUnitCore.run(JUnitCore.java:55)
	at org.apache.maven.surefire.junitcore.JUnitCoreWrapper.createRequestAndRun(JUnitCoreWrapper.java:137)
	at org.apache.maven.surefire.junitcore.JUnitCoreWrapper.executeEager(JUnitCoreWrapper.java:107)
	at org.apache.maven.surefire.junitcore.JUnitCoreWrapper.execute(JUnitCoreWrapper.java:83)
	at org.apache.maven.surefire.junitcore.JUnitCoreWrapper.execute(JUnitCoreWrapper.java:75)
	at org.apache.maven.surefire.junitcore.JUnitCoreProvider.invoke(JUnitCoreProvider.java:157)
	at org.apache.maven.surefire.booter.ForkedBooter.runSuitesInProcess(ForkedBooter.java:428)
	at org.apache.maven.surefire.booter.ForkedBooter.execute(ForkedBooter.java:162)
	at org.apache.maven.surefire.booter.ForkedBooter.run(ForkedBooter.java:562)
	at org.apache.maven.surefire.booter.ForkedBooter.main(ForkedBooter.java:548)
Caused by: net.sf.persism.PersismException: Object class net.sf.persism.dao.Customer was not properly initialized. Some properties not initialized by the queried columns: [COUNTRY, PHONE] Missing:[CONTACT_NAME, TESTLOCALDATE, CONTACT_TITLE, TESTLOCALDATETIME, CUSTOMER_ID, REGION, COMPANY_NAME, STATUS, CITY, POSTAL_CODE, ADDRESS, DATE_REGISTERED, DATE_OF_LAST_ORDER, FAX]
	at net.sf.persism.Session.readObject(Session.java:641)
	at net.sf.persism.Session.query(Session.java:404)
	... 33 common frames omitted
Caused by: java.lang.Throwable: Object class net.sf.persism.dao.Customer was not properly initialized. Some properties not initialized by the queried columns: [COUNTRY, PHONE] Missing:[CONTACT_NAME, TESTLOCALDATE, CONTACT_TITLE, TESTLOCALDATETIME, CUSTOMER_ID, REGION, COMPANY_NAME, STATUS, CITY, POSTAL_CODE, ADDRESS, DATE_REGISTERED, DATE_OF_LAST_ORDER, FAX]
	at net.sf.persism.PersismException.<init>(PersismException.java:18)
	... 35 common frames omitted
INFO  Mar 18 23:01:15 net.sf.persism.BaseTest - [Customer{customerId='MOO', companyName='TEST', contactName='fred flintstone', contactTitle='Lord', address='123 sesame street', city='city', region=North, postalCode='54321', country='US', phone='456-678-1234', fax='123-456-7890', dateRegistered=2021-03-18 23:01:15.35, dateOfLastOrder=null}]
]]></system-out>
    <system-err><![CDATA[Mar 18, 2021 11:01:14 PM org.firebirdsql.logging.JulLogger warn
WARNING: WARNING: No connection character set specified (property lc_ctype, encoding, charSet or localEncoding), defaulting to character set NONE
]]></system-err>
  </testcase>
  <testcase name="testRefreshObject" classname="net.sf.persism.TestFirebird" time="0.958">
    <system-out><![CDATA[INFO  Mar 18 23:01:15 net.sf.persism.TestFirebird - Firebird 3.0
INFO  Mar 18 23:01:15 net.sf.persism.BaseTest - DROP TABLE ORDERS;
INFO  Mar 18 23:01:15 net.sf.persism.BaseTest - CREATE TABLE ORDERS ( id integer generated by default as identity primary key,  NAME VARCHAR(30),  PAID BOOLEAN,  CUSTOMER_ID VARCHAR(10),  CREATED TIMESTAMP DEFAULT 'NOW',  DATE_PAID TIMESTAMP,  DATE_SOMETHING TIMESTAMP ); 
INFO  Mar 18 23:01:15 net.sf.persism.BaseTest - DROP TABLE CUSTOMERS;
INFO  Mar 18 23:01:15 net.sf.persism.BaseTest - DROP GENERATOR GEN_CUSTOMER_ID;
INFO  Mar 18 23:01:15 net.sf.persism.BaseTest - CREATE GENERATOR GEN_CUSTOMER_ID; 
INFO  Mar 18 23:01:15 net.sf.persism.BaseTest - CREATE TABLE CUSTOMERS (   CUSTOMER_ID VARCHAR(10) NOT NULL,   COMPANY_NAME VARCHAR(30) NOT NULL,   CONTACT_NAME VARCHAR(30),   CONTACT_TITLE VARCHAR(10),   ADDRESS VARCHAR(40),   CITY VARCHAR(30),   REGION VARCHAR(10),   POSTAL_CODE VARCHAR(20),   COUNTRY VARCHAR(2),   PHONE VARCHAR(30),   FAX VARCHAR(30),   STATUS CHAR(1),   DATE_REGISTERED TIMESTAMP,   DATE_OF_LAST_ORDER DATE,  TestLocalDate DATE,  TestLocalDateTime TIMESTAMP,   CONSTRAINT PK_CUSTOMER PRIMARY KEY (CUSTOMER_ID) ); 
INFO  Mar 18 23:01:16 net.sf.persism.BaseTest - DROP TABLE Contacts
INFO  Mar 18 23:01:16 net.sf.persism.BaseTest - CREATE TABLE Contacts(    identity varchar(40) NOT NULL PRIMARY KEY, 
   PartnerID varchar(36) NOT NULL, 
   Type char(2) NOT NULL, 
   Firstname varchar(50) NOT NULL, 
   Lastname varchar(50) NOT NULL, 
   ContactName varchar(50) NOT NULL, 
   Company varchar(50) NOT NULL, 
   Division varchar(50), 
   Email varchar(50), 
   Address1 varchar(50), 
   Address2 varchar(50), 
   City varchar(50), 
   StateProvince varchar(50), 
   ZipPostalCode varchar(10), 
   Country varchar(50), 
   Status SMALLINT, 
   DateAdded Date, 
   LastModified TIMESTAMP, 
   Notes BLOB SUB_TYPE TEXT, 
   AmountOwed REAL, 
   "BigInt" DECIMAL(18), 
   SomeDate TIMESTAMP, 
   TestInstant TIMESTAMP, 
   TestInstant2 TIMESTAMP, 
   WhatMiteIsIt TIME, 
     WhatTimeIsIt TIME ) 
INFO  Mar 18 23:01:16 net.sf.persism.BaseTest - DROP TABLE DateTestLocalTypes
INFO  Mar 18 23:01:16 net.sf.persism.BaseTest - CREATE TABLE DateTestLocalTypes (  ID INT,  Description VARCHAR(100),  DateOnly DATE,  TimeOnly TIME, DateAndTime TIMESTAMP) 
INFO  Mar 18 23:01:16 net.sf.persism.BaseTest - DROP TABLE DateTestSQLTypes
INFO  Mar 18 23:01:16 net.sf.persism.BaseTest - CREATE TABLE DateTestSQLTypes (  ID INT,  Description VARCHAR(100),  DateOnly DATE,  TimeOnly TIME, UtilDateAndTime TIMESTAMP, DateAndTime TIMESTAMP) 
INFO  Mar 18 23:01:16 net.sf.persism.BaseTest - testRefreshObject with : jdbc:firebirdsql://localhost:49396/test
INFO  Mar 18 23:01:16 net.sf.persism.BaseTest - 2021-03-18 = ? 2021-03-18
]]></system-out>
    <system-err><![CDATA[Mar 18, 2021 11:01:15 PM org.firebirdsql.logging.JulLogger warn
WARNING: WARNING: No connection character set specified (property lc_ctype, encoding, charSet or localEncoding), defaulting to character set NONE
]]></system-err>
  </testcase>
  <testcase name="testGetDbMetaData" classname="net.sf.persism.TestFirebird" time="1.121">
    <system-out><![CDATA[INFO  Mar 18 23:01:16 net.sf.persism.TestFirebird - Firebird 3.0
INFO  Mar 18 23:01:16 net.sf.persism.BaseTest - DROP TABLE ORDERS;
INFO  Mar 18 23:01:16 net.sf.persism.BaseTest - CREATE TABLE ORDERS ( id integer generated by default as identity primary key,  NAME VARCHAR(30),  PAID BOOLEAN,  CUSTOMER_ID VARCHAR(10),  CREATED TIMESTAMP DEFAULT 'NOW',  DATE_PAID TIMESTAMP,  DATE_SOMETHING TIMESTAMP ); 
INFO  Mar 18 23:01:17 net.sf.persism.BaseTest - DROP TABLE CUSTOMERS;
INFO  Mar 18 23:01:17 net.sf.persism.BaseTest - DROP GENERATOR GEN_CUSTOMER_ID;
INFO  Mar 18 23:01:17 net.sf.persism.BaseTest - CREATE GENERATOR GEN_CUSTOMER_ID; 
INFO  Mar 18 23:01:17 net.sf.persism.BaseTest - CREATE TABLE CUSTOMERS (   CUSTOMER_ID VARCHAR(10) NOT NULL,   COMPANY_NAME VARCHAR(30) NOT NULL,   CONTACT_NAME VARCHAR(30),   CONTACT_TITLE VARCHAR(10),   ADDRESS VARCHAR(40),   CITY VARCHAR(30),   REGION VARCHAR(10),   POSTAL_CODE VARCHAR(20),   COUNTRY VARCHAR(2),   PHONE VARCHAR(30),   FAX VARCHAR(30),   STATUS CHAR(1),   DATE_REGISTERED TIMESTAMP,   DATE_OF_LAST_ORDER DATE,  TestLocalDate DATE,  TestLocalDateTime TIMESTAMP,   CONSTRAINT PK_CUSTOMER PRIMARY KEY (CUSTOMER_ID) ); 
INFO  Mar 18 23:01:17 net.sf.persism.BaseTest - DROP TABLE Contacts
INFO  Mar 18 23:01:17 net.sf.persism.BaseTest - CREATE TABLE Contacts(    identity varchar(40) NOT NULL PRIMARY KEY, 
   PartnerID varchar(36) NOT NULL, 
   Type char(2) NOT NULL, 
   Firstname varchar(50) NOT NULL, 
   Lastname varchar(50) NOT NULL, 
   ContactName varchar(50) NOT NULL, 
   Company varchar(50) NOT NULL, 
   Division varchar(50), 
   Email varchar(50), 
   Address1 varchar(50), 
   Address2 varchar(50), 
   City varchar(50), 
   StateProvince varchar(50), 
   ZipPostalCode varchar(10), 
   Country varchar(50), 
   Status SMALLINT, 
   DateAdded Date, 
   LastModified TIMESTAMP, 
   Notes BLOB SUB_TYPE TEXT, 
   AmountOwed REAL, 
   "BigInt" DECIMAL(18), 
   SomeDate TIMESTAMP, 
   TestInstant TIMESTAMP, 
   TestInstant2 TIMESTAMP, 
   WhatMiteIsIt TIME, 
     WhatTimeIsIt TIME ) 
INFO  Mar 18 23:01:17 net.sf.persism.BaseTest - DROP TABLE DateTestLocalTypes
INFO  Mar 18 23:01:17 net.sf.persism.BaseTest - CREATE TABLE DateTestLocalTypes (  ID INT,  Description VARCHAR(100),  DateOnly DATE,  TimeOnly TIME, DateAndTime TIMESTAMP) 
INFO  Mar 18 23:01:17 net.sf.persism.BaseTest - DROP TABLE DateTestSQLTypes
INFO  Mar 18 23:01:17 net.sf.persism.BaseTest - CREATE TABLE DateTestSQLTypes (  ID INT,  Description VARCHAR(100),  DateOnly DATE,  TimeOnly TIME, UtilDateAndTime TIMESTAMP, DateAndTime TIMESTAMP) 
]]></system-out>
    <system-err><![CDATA[Mar 18, 2021 11:01:16 PM org.firebirdsql.logging.JulLogger warn
WARNING: WARNING: No connection character set specified (property lc_ctype, encoding, charSet or localEncoding), defaulting to character set NONE
]]></system-err>
  </testcase>
</testsuite>