<?xml version="1.0" encoding="UTF-8"?>
<testsuite xmlns:xsi="http://www.w3.org/2001/XMLSchema-instance" xsi:noNamespaceSchemaLocation="https://maven.apache.org/surefire/maven-surefire-plugin/xsd/surefire-test-report-3.0.xsd" version="3.0" name="net.sf.persism.TestMSSQL" time="19.316" tests="24" errors="0" skipped="0" failures="0">
  <properties>
[...]
</properties>
  <testcase name="testContactTable" classname="net.sf.persism.TestMSSQL" time="14.577">
    <system-out><![CDATA[INFO  Mar 18 23:01:47 docker[mcr.microsoft.com/mssql/server:2017-latest] - Creating container for image: mcr.microsoft.com/mssql/server:2017-latest
INFO  Mar 18 23:01:47 docker[mcr.microsoft.com/mssql/server:2017-latest] - Starting container with ID: 913af89efd7828bc8d7858209fefc05858c2cb7b7ad7321784aa07146dd01109
INFO  Mar 18 23:01:47 docker[mcr.microsoft.com/mssql/server:2017-latest] - Container mcr.microsoft.com/mssql/server:2017-latest is starting: 913af89efd7828bc8d7858209fefc05858c2cb7b7ad7321784aa07146dd01109
INFO  Mar 18 23:01:47 docker[mcr.microsoft.com/mssql/server:2017-latest] - Waiting for database connection to become available at jdbc:sqlserver://localhost:49398 using query 'SELECT 1'
INFO  Mar 18 23:02:04 docker[mcr.microsoft.com/mssql/server:2017-latest] - Container is started (JDBC URL: jdbc:sqlserver://localhost:49398)
INFO  Mar 18 23:02:04 docker[mcr.microsoft.com/mssql/server:2017-latest] - Container mcr.microsoft.com/mssql/server:2017-latest started in PT17.048S
INFO  Mar 18 23:02:04 net.sf.persism.TestMSSQL - SQLMODE? true
INFO  Mar 18 23:02:04 net.sf.persism.TestMSSQL - dbContainer.getJdbcUrl(): jdbc:sqlserver://localhost:49398
INFO  Mar 18 23:02:04 net.sf.persism.TestMSSQL - PRODUCT? Microsoft JDBC Driver 9.2 for SQL Server - 9.2.0.0
INFO  Mar 18 23:02:04 net.sf.persism.TestMSSQL - createTables
INFO  Mar 18 23:02:04 net.sf.persism.BaseTest - CREATE TABLE Orders (  [ID] [int] IDENTITY(1,1) NOT NULL,  NAME VARCHAR(30) NULL,  ROW_ID VARCHAR(30) NULL,  Customer_ID VARCHAR(10) NULL,  PAID BIT NULL,  STATUS CHAR(1) NULL,  CREATED datetime,  DATE_PAID datetime,  DATESOMETHING datetime ) 
INFO  Mar 18 23:02:04 net.sf.persism.BaseTest - ALTER TABLE [dbo].[Orders] ADD  CONSTRAINT [DF_Orders_CREATED]  DEFAULT (getdate()) FOR [CREATED]
INFO  Mar 18 23:02:04 net.sf.persism.BaseTest - CREATE TABLE Customers (  Customer_ID varchar(10) PRIMARY KEY NOT NULL,  Company_Name VARCHAR(30) NULL,  Contact_Name VARCHAR(30) NULL,  Contact_Title VARCHAR(10) NULL,  Address VARCHAR(40) NULL,  City VARCHAR(30) NULL,  Region VARCHAR(10) NULL,  Postal_Code VARCHAR(10) NULL,  Country VARCHAR(2) NULL,  Phone VARCHAR(30) NULL,  Fax VARCHAR(30) NULL,  STATUS CHAR(1) NULL,  Date_Registered datetime  default current_timestamp,  Date_Of_Last_Order DATE,  TestLocalDate datetime,  TestLocalDateTime datetime ) 
INFO  Mar 18 23:02:04 net.sf.persism.BaseTest - CREATE TABLE TABLENOPRIMARY (  ID INT,  Name VARCHAR(30),  Field4 VARCHAR(30),  Field5 DATETIME ) 
INFO  Mar 18 23:02:04 net.sf.persism.BaseTest - CREATE TABLE DumbTableStringAutoInc (  ID VARCHAR(10), Description VARCHAR(60) )
INFO  Mar 18 23:02:04 net.sf.persism.BaseTest - CREATE TABLE [dbo].[Contacts](    [identity] [uniqueidentifier] NOT NULL,    [PartnerID] [uniqueidentifier] NULL,    [Type] [char](2) NOT NULL,    [Firstname] [nvarchar](50) NULL,    [Lastname] [nvarchar](50) NULL,    [ContactName] [nvarchar](50) NULL,    [Company] [nvarchar](50) NULL,    [Division] [nvarchar](50) NULL,    [Email] [nvarchar](50) NULL,    [Address1] [nvarchar](50) NULL,    [Address2] [nvarchar](50) NULL,    [City] [nvarchar](50) NULL,    [StateProvince] [nvarchar](50) NULL,    [ZipPostalCode] [varchar](10) NULL,    [Country] [nvarchar](50) NULL,    [DateAdded] [smalldatetime] NULL,    [LastModified] [datetime] NULL,    [Notes] [text] NULL,    [Status] [tinyint],    [AmountOwed] [float] NULL,    [BigInt] [DECIMAL](20) NULL,    [SomeDate] [datetime2] NULL,    [TestInstant] [datetime2] NULL,    [TestInstant2] [datetime] NULL,    [WhatMiteIsIt] [time](7) NULL,    [WhatTimeIsIt] [time](7) NULL,  CONSTRAINT [PK_Contacts] PRIMARY KEY CLUSTERED  (    [identity] ASC )WITH (PAD_INDEX = OFF, STATISTICS_NORECOMPUTE = OFF, IGNORE_DUP_KEY = OFF, ALLOW_ROW_LOCKS = ON, ALLOW_PAGE_LOCKS = ON) ON [PRIMARY] ) ON [PRIMARY] TEXTIMAGE_ON [PRIMARY] 
INFO  Mar 18 23:02:04 net.sf.persism.BaseTest - ALTER TABLE [dbo].[Contacts] ADD  CONSTRAINT [DF_Contacts_identity]  DEFAULT (newid()) FOR [identity]
INFO  Mar 18 23:02:04 net.sf.persism.BaseTest - CREATE TABLE [dbo].[EXAMCODE](    [ExamCode_no] [int] IDENTITY(1,1) NOT NULL,    [ExamType_No] [int] NULL,    [Desc_e] [varchar](60) NULL,    [Desc_f] [varchar](60) NULL,    [ExamSubType] [varchar](20) NULL,    [Points] [numeric](10, 3) NULL,    [ActCodeForInjection] [varchar](5) NULL,    [AbdomenSpineOrOther] [varchar](1) NULL,    [AccompanyingExamCode_No] [int] NULL,    [AcExamCode_No2] [int] NULL,    [AcExamCode_No3] [int] NULL,    [SideRequired] [bit] NULL,    [StatCode] [char](20) NULL,    [SuppressRole7ForUltrasound] [bit] NULL,    [BodyPartNo] [int] NULL,    [PreferredAptDuration] [numeric](3, 0) NULL,    [PrepInstructions] [text] NULL,    [AllowInRooms] [varchar](60) NULL,    [ReservationType] [int] NULL,    [ProfessionalFeeCode] [varchar](10) NULL,    [ProfessionalFeeCode1] [varchar](10) NULL,    [ProfessionalFeeCode2] [varchar](10) NULL,    [ProfessionalFeeCode3] [varchar](10) NULL,    [ProfessionalFeeCode4] [varchar](10) NULL,    [TechnicalFeeCode] [varchar](11) NULL,    [TechnicalFeeCode1] [varchar](11) NULL,    [TechnicalFeeCode2] [varchar](11) NULL,    [TechnicalFeeCode3] [varchar](11) NULL,    [TechnicalFeeCode4] [varchar](11) NULL,    [ICD9RequiredForBilling] [varchar](1) NULL,    [ProFeeUnits] [numeric](2, 0) NULL,    [ProFeeUnits1] [numeric](2, 0) NULL,    [ProFeeUnits2] [numeric](2, 0) NULL,    [ProFeeUnits3] [numeric](2, 0) NULL,    [ProFeeUnits4] [numeric](2, 0) NULL,    [TechFeeUnits] [numeric](2, 0) NULL,    [TechFeeUnits1] [numeric](2, 0) NULL,    [TechFeeUnits2] [numeric](2, 0) NULL,    [TechFeeUnits3] [numeric](2, 0) NULL,    [TechFeeUnits4] [numeric](2, 0) NULL,    [NumberOfUnitsToBill] [numeric](2, 0) NULL,    [QuickNormalText] [text] NULL,    [CIHIGroupCode] [varchar](2) NULL,    [ProfessionalFeeCode5] [varchar](10) NULL,    [ProfessionalFeeCode6] [varchar](10) NULL,    [TechnicalFeeCode5] [varchar](10) NULL,    [TechnicalFeeCode6] [varchar](10) NULL,    [ProFeeUnits5] [numeric](2, 0) NULL,    [ProFeeUnits6] [numeric](2, 0) NULL,    [TechFeeUnits5] [numeric](2, 0) NULL,    [TechFeeUnits6] [numeric](2, 0) NULL,    [EnableBirads] [bit] NULL,    [PrintPatientLetter] [bit] NULL,    [InstructionsForStaff] [text] NULL,    [Retired] [bit] NULL,    [ExternalID1] [varchar](32) NULL,    [ExternalID2] [varchar](32) NULL,    [ExternalID3] [varchar](32) NULL,    [MaxDaysAgoForSameProcedure] [int] NULL,    [RepeatWarningThresholdDays] [char](5) NULL,    [MammoType] [varchar](1) NULL,    [ProximityWarningHours] [int] NULL,    [ProximityWarningMessage] [text] NULL,    [ScheduleWithPhases] [bit] NULL,    [AllowRefMdsAndNursesToSchedule] [bit] NULL,    [NumberOfPhases] [int] NULL,    [ExamCount] [int] NULL,    [M1] [int] NULL,    [M2] [int] NULL,    [M3] [int] NULL,    [M4] [int] NULL,    [M5] [int] NULL,    [InstructionsForStaffVisibility] [varchar](8) NULL,    [DefaultImpression] [varchar](60) NULL,    [ExcludeFromOtherPriors] [bit] NULL,    [ExcludeFromGroupable] [bit] NULL,    [DefaultModifiers] [varchar](15) NULL,    [AlwaysPrintDoNotFaxReport] [bit] NULL,    [RequiresProtocol] [bit] NULL,    [NeverRequiresInterpretation] [bit] NULL,    [ProfFeeDescrip] [varchar](200) NULL,    [ProfFeeDescrip1] [varchar](200) NULL,    [ProfFeeDescrip2] [varchar](200) NULL,    [ProfFeeDescrip3] [varchar](200) NULL,    [ProfFeeDescrip4] [varchar](200) NULL,    [ProfFeeDescrip5] [varchar](200) NULL,    [ProfFeeDescrip6] [varchar](200) NULL,    [TechFeeDescrip] [varchar](200) NULL,    [TechFeeDescrip1] [varchar](200) NULL,    [TechFeeDescrip2] [varchar](200) NULL,    [TechFeeDescrip3] [varchar](200) NULL,    [TechFeeDescrip4] [varchar](200) NULL,    [TechFeeDescrip5] [varchar](200) NULL,    [TechFeeDescrip6] [varchar](200) NULL,    [PromptTech4Supplies] [bit] NULL,    [SCMUniqueID] [varchar](50) NULL,  CONSTRAINT [PK_EXAMCODE] PRIMARY KEY CLUSTERED  (    [ExamCode_no] ASC )WITH (PAD_INDEX = OFF, STATISTICS_NORECOMPUTE = OFF, IGNORE_DUP_KEY = OFF, ALLOW_ROW_LOCKS = ON, ALLOW_PAGE_LOCKS = ON, FILLFACTOR = 90) ON [PRIMARY] ) ON [PRIMARY] TEXTIMAGE_ON [PRIMARY] 
INFO  Mar 18 23:02:04 net.sf.persism.BaseTest - CREATE TABLE [dbo].[EXAMS](    [ExamID] [int] IDENTITY(1,1) NOT NULL,    [Accession_no] [varchar](20) NULL,    [Patient_no] [int] NULL,    [RequestedBy] [int] NULL,    [DateRequested] [datetime] NULL,    [TimeRequested] [varchar](4) NULL,    [ExamType_No] [int] NULL,    [ExamStatus_No] [int] NULL,    [MasterStatus] [varchar](10) NULL,    [CancelReason] [int] NULL,    [Room_No] [int] NULL,    [ExamDate] [datetime] NULL,    [StartTime] [varchar](4) NULL,    [EndTime] [varchar](4) NULL,    [BookHist_No] [int] NULL,    [Technician] [int] NULL,    [SourceOfReferral] [int] NULL,    [PatientLocation] [int] NULL,    [BillStatus] [varchar](10) NULL,    [DiagnosisCodes] [varchar](254) NULL,    [EnteredBy] [int] NULL,    [Abnormality] [char](1) NULL,    [TransferredInFrom] [int] NULL,    [ExamCode_no] [int] NULL,    [ViewOrTarget] [int] NULL,    [SuspectedDiagnosis] [int] NULL,    [SignOrSymptom] [int] NULL,    [BodyStructureNo] [int] NULL,    [Radiologist] [int] NULL,    [AppointmentNote] [varchar](1024) NULL,    [ClinicalNotes] [text] NULL,    [TechNotes] [text] NULL,    [PriorityNo] [int] NULL,    [Pregnant] [char](1) NULL,    [FacilityNo] [int] NULL,    [AccountingNumber] [varchar](12) NULL,    [RecommendedExam] [int] NULL,    [PathologyResultsCategoryNo] [int] NULL,    [PathologyResultsText] [text] NULL,    [BiradsNo] [int] NULL,    [LockDateAndTime] [datetime] NULL,    [LockedBy] [int] NULL,    [BillMethodNo] [int] NULL,    [ReferralDate] [datetime] NULL,    [ImpressionNo] [int] NULL,    [ExternalID] [varchar](32) NULL,    [Iris] [int] NULL,    [sideOrLevelNo] [int] NULL,    [RecommendedExamCreated] [int] NULL,    [NodalStatusNo] [int] NULL,    [TumorSizeNo] [int] NULL,    [BiopsyTypeNo] [int] NULL,    [FilmLocation] [int] NULL,    [FilmHomeLocation] [int] NULL,    [FilmFolderNo] [int] NULL,    [DefaultFilmLocation] [int] NULL,    [trackingNote] [text] NULL,    [ExternalID2] [varchar](32) NULL,    [Transportation] [varchar](1) NULL,    [ImagesTransferredToStorage] [bit] NULL,    [LMP] [datetime] NULL,    [BillTechnicalFeesOnly] [bit] NULL,    [AppointmentConfirmed] [bit] NULL,    [ReportChangeDateTime] [datetime] NULL,    [ProtocoledDate] [datetime] NULL,    [Previous_ExamStatus_No] [int] NULL,    [Field1] [numeric](9, 2) NULL,    [Field2] [numeric](12, 2) NULL,    [Field4] [varchar](80) NULL,    [Field5] [varchar](40) NULL,    [Field6] [bit] NULL,    [Field7] [datetime] NULL,    [Field8] [text] NULL,    [Field9] [numeric](9, 2) NULL,    [Field15] [text] NULL,    [Field16] [text] NULL,    [Field17] [datetime] NULL,    [Field19] [varchar](40) NULL,    [Field20] [varchar](40) NULL,    [Field21] [varchar](40) NULL,    [Field18] [varchar](40) NULL,    [Field24] [varchar](40) NULL,    [Field34] [text] NULL,    [SurgicalPathologyNo] [int] NULL,    [ProtocoledBy] [int] NULL,    [Biohazard] [text] NULL,    [PrimaryPolicyNo] [int] NULL,    [SecondaryPolicyNo] [int] NULL,    [PrimaryAuthorization] [varchar](20) NULL,    [SecondaryAuthorization] [varchar](20) NULL,    [Field42] [varchar](40) NULL,    [Modifiers] [varchar](15) NULL ) ON [PRIMARY] TEXTIMAGE_ON [PRIMARY] 
INFO  Mar 18 23:02:04 net.sf.persism.BaseTest - CREATE TABLE [dbo].[ROOMS](    [Room_No] [int] IDENTITY(1,1) NOT NULL,    [Desc_e] [varchar](20) NULL,    [Desc_f] [varchar](20) NULL,    [StartTime1] [varchar](4) NULL,    [EndTime1] [varchar](4) NULL,    [StartTime2] [varchar](4) NULL,    [EndTime2] [varchar](4) NULL,    [StartTime3] [varchar](4) NULL,    [EndTime3] [varchar](4) NULL,    [StartTime4] [varchar](4) NULL,    [EndTime4] [varchar](4) NULL,    [StartTime5] [varchar](4) NULL,    [EndTime5] [varchar](4) NULL,    [StartTime6] [varchar](4) NULL,    [EndTime6] [varchar](4) NULL,    [StartTime7] [varchar](4) NULL,    [EndTime7] [varchar](4) NULL,    [Intervals] [numeric](2, 0) NULL,    [ExamType_No] [int] NULL,    [ExternalID] [varchar](16) NULL,    [FacilityNo] [int] NULL,    [ProcsAllowed] [varchar](1) NULL,    [ppn_room] [varchar](25) NULL,    [DefaultCostcenterNo] [int] NULL,    [EnableFilmTracking] [bit] NULL,    [Retired] [bit] NULL,    [DefaultFilmLocation] [int] NULL,    [FilmHomeLocation] [int] NULL,    [DigitalImaging] [bit] NULL,    [Weird$#@] [nchar](10) NULL,  CONSTRAINT [PK_ROOMS] PRIMARY KEY CLUSTERED  (    [Room_No] ASC )WITH (PAD_INDEX = OFF, STATISTICS_NORECOMPUTE = OFF, IGNORE_DUP_KEY = OFF, ALLOW_ROW_LOCKS = ON, ALLOW_PAGE_LOCKS = ON, FILLFACTOR = 90) ON [PRIMARY] ) ON [PRIMARY]
INFO  Mar 18 23:02:04 net.sf.persism.BaseTest - CREATE TABLE [dbo].[USERS](    [User_No] [int] IDENTITY(1,1) NOT NULL,    [UserCode] [varchar](23) NULL,    [UserPass] [varchar](32) NULL,    [Name] [varchar](50) NULL,    [PasswordLastChg] [datetime] NULL,    [Status] [varchar](1) NULL,    [LastLogin] [datetime] NULL,    [TypeOfUser] [varchar](1) NULL,    [License_No] [varchar](20) NULL,    [BillingGroup] [varchar](30) NULL,    [Department] [int] NULL,    [Phone] [text] NULL,    [Street1] [varchar](50) NULL,    [Street2] [varchar](50) NULL,    [City] [varchar](30) NULL,    [State] [varchar](2) NULL,    [Zip] [varchar](10) NULL,    [Country] [varchar](30) NULL,    [PreferredLanguage] [varchar](1) NULL,    [IpAddress] [varchar](15) NULL,    [LastWebActivity] [varchar](15) NULL,    [PasswordViolation] [int] NULL,    [PaLayout_no] [int] NULL,    [LastURL] [varchar](254) NULL,    [EmailAddress] [varchar](100) NULL,    [FaxNumber] [varchar](20) NULL,    [PasswordReminder] [varchar](60) NULL,    [currentMachineLoggedInto] [varchar](20) NULL,    [FacilityNO] [int] NULL,    [License_No2] [varchar](20) NULL,    [Title] [varchar](10) NULL,    [Suffix] [varchar](50) NULL,    [AmountOwed] [money] NULL,    [AmountOwedAfterHeadRemoval] [smallmoney] NULL,    [SpecialityNo] [int] NULL,    [AlertWhenRadSendsNoteToPhys] [text] NULL,    [OldUserNo] [int] NULL,    [TypeOfRadiologist] [varchar](1) NULL,    [npi] [varchar](10) NULL,    [PermissionTemplate_ID] [int] NULL,    [forceUserToChangePwd] [bit] NULL,    [defaultState] [varchar](2) NULL,    [defaultCity] [varchar](30) NULL,    [defaultCountry] [varchar](30) NULL,    [clearUserCode] [bit] NULL,    [residentsLevelOfExperience] [varchar](1) NULL,    [SomeDate] [datetimeoffset](7) NULL ) ON [PRIMARY] TEXTIMAGE_ON [PRIMARY] 
INFO  Mar 18 23:02:04 net.sf.persism.BaseTest - CREATE TABLE DateTestLocalTypes (  ID INT,  Description VARCHAR(100),  DateOnly DATE,  TimeOnly TIME, DateAndTime DATETIME) 
INFO  Mar 18 23:02:04 net.sf.persism.BaseTest - CREATE TABLE DateTestSQLTypes (  ID INT,  Description VARCHAR(100),  DateOnly DATE,  TimeOnly TIME, UtilDateAndTime DATETIME, DateAndTime DATETIME) 
INFO  Mar 18 23:02:04 net.sf.persism.BaseTest - Local Date: 1994-02-17T10:23:43.997 INSTANT: 1994-02-17T10:23:43.997Z
INFO  Mar 18 23:02:04 net.sf.persism.BaseTest - Local Date: 2021-03-18T23:02:04.802 INSTANT: 2021-03-19T02:02:04.802Z
WARN  Mar 18 23:02:04 net.sf.persism.MetaData - Property not found for column: TestInstant class: class net.sf.persism.dao.Contact
WARN  Mar 18 23:02:04 net.sf.persism.MetaData - Property not found for column: TestInstant2 class: class net.sf.persism.dao.Contact
WARN  Mar 18 23:02:05 net.sf.persism.Session - Possible overflow column AmountOwed - Target type is FLOAT and Value type is DOUBLE net.sf.persism.Session.readColumn(Session.java:780)
INFO  Mar 18 23:02:05 net.sf.persism.Session - No properties changed. No update required for Object: Contact{identity=d316ad81-946d-416b-98e3-3f3b03aa73db, partnerId=a0d00c5a-3de6-4ae8-ba11-e3e02c2b3a83, type='X', firstname='Fred', lastname='Flintstone', contactName='Fred Flintstone', company='Grouch Inc', division='Y', email='null', address1='123 Sesame Street', address2='Appt #0 (garbage can)', city='Philly?', stateProvince='null', zipPostalCode='null', country='US', dateAdded=1998-02-17, lastModified=1997-02-17 10:23:43.123, amountOwed=100.23, notes='B:AH B:AH VBLAH
 BLAH BLAY!', whatTimeIsIt=10:23:52} class: net.sf.persism.dao.Contact
INFO  Mar 18 23:02:05 net.sf.persism.BaseTest - CONTACT: Contact{identity=d316ad81-946d-416b-98e3-3f3b03aa73db, partnerId=a0d00c5a-3de6-4ae8-ba11-e3e02c2b3a83, type='X ', firstname='Fred', lastname='Flintstone', contactName='Fred Flintstone', company='Grouch Inc', division='Y', email='null', address1='123 Sesame Street', address2='Appt #0 (garbage can)', city='Philly?', stateProvince='null', zipPostalCode='null', country='US', dateAdded=1998-02-17, lastModified=1997-02-17 10:23:43.123, amountOwed=100.23, notes='B:AH B:AH VBLAH
 BLAH BLAY!', whatTimeIsIt=10:23:52}
INFO  Mar 18 23:02:05 net.sf.persism.BaseTest - contact after insert/update before commit/rollback: Contact{identity=10e10a1b-e82c-40a4-afff-b19f7f4ca8b4, partnerId=a0d00c5a-3de6-4ae8-ba11-e3e02c2b3a83, type='X ', firstname='Fred', lastname='Flintstone', contactName='HELLO?!', company='Grouch Inc', division='DIVISION X', email='null', address1='123 Sesame Street', address2='Appt #0 (garbage can)', city='Philly?', stateProvince='null', zipPostalCode='null', country='US', dateAdded=1998-02-17, lastModified=1997-02-17 10:23:43.123, amountOwed=100.23, notes='B:AH B:AH VBLAH
 BLAH BLAY!', whatTimeIsIt=10:23:52}
INFO  Mar 18 23:02:05 net.sf.persism.BaseTest - FAILS?: net.sf.persism.PersismException: Invalid object name 'MISSING'.
INFO  Mar 18 23:02:05 net.sf.persism.TestMSSQL - [Contact{identity=d316ad81-946d-416b-98e3-3f3b03aa73db, partnerId=a0d00c5a-3de6-4ae8-ba11-e3e02c2b3a83, type='X ', firstname='Fred', lastname='Flintstone', contactName='Fred Flintstone', company='Grouch Inc', division='DIVISION X', email='null', address1='123 Sesame Street', address2='Appt #0 (garbage can)', city='Philly?', stateProvince='null', zipPostalCode='null', country='US', dateAdded=1998-02-17, lastModified=1997-02-17 10:23:43.123, amountOwed=100.23, notes='B:AH B:AH VBLAH
 BLAH BLAY!', whatTimeIsIt=10:23:52}]
]]></system-out>
    <system-err><![CDATA[Mar 18, 2021 11:01:47 PM com.microsoft.sqlserver.jdbc.SQLServerConnection Prelogin
WARNING: ConnectionID:11 ClientConnectionId: 971c959e-a43a-4b8a-9b11-67cfec314a25 Prelogin error: host localhost port 49398 Unexpected end of prelogin response after 0 bytes read
Mar 18, 2021 11:01:47 PM com.microsoft.sqlserver.jdbc.SQLServerConnection Prelogin
WARNING: ConnectionID:11 ClientConnectionId: 9bb94a52-8186-4c03-8399-326a8d30e856 Prelogin error: host localhost port 49398 Unexpected end of prelogin response after 0 bytes read
Mar 18, 2021 11:01:48 PM com.microsoft.sqlserver.jdbc.SQLServerConnection Prelogin
WARNING: ConnectionID:11 ClientConnectionId: 3abcaf3e-23b2-4c44-ba11-ff21094c3906 Prelogin error: host localhost port 49398 Unexpected end of prelogin response after 0 bytes read
Mar 18, 2021 11:01:48 PM com.microsoft.sqlserver.jdbc.SQLServerConnection Prelogin
WARNING: ConnectionID:11 ClientConnectionId: e08b0aa3-2c41-44f5-a8ca-7537f4a8f0a9 Prelogin error: host localhost port 49398 Unexpected end of prelogin response after 0 bytes read
Mar 18, 2021 11:01:49 PM com.microsoft.sqlserver.jdbc.SQLServerConnection Prelogin
WARNING: ConnectionID:11 ClientConnectionId: 06fbea9e-34c0-487c-8fed-f2ad70bd2c51 Prelogin error: host localhost port 49398 Unexpected end of prelogin response after 0 bytes read
Mar 18, 2021 11:01:50 PM com.microsoft.sqlserver.jdbc.SQLServerConnection Prelogin
WARNING: ConnectionID:11 ClientConnectionId: 05ee0e89-65af-4328-8697-c8085dcf1a57 Prelogin error: host localhost port 49398 Unexpected end of prelogin response after 0 bytes read
Mar 18, 2021 11:01:51 PM com.microsoft.sqlserver.jdbc.SQLServerConnection Prelogin
WARNING: ConnectionID:11 ClientConnectionId: 15a5b823-9574-495a-aa59-d7c6428892d2 Prelogin error: host localhost port 49398 Unexpected end of prelogin response after 0 bytes read
Mar 18, 2021 11:01:52 PM com.microsoft.sqlserver.jdbc.SQLServerConnection Prelogin
WARNING: ConnectionID:11 ClientConnectionId: 92c0a301-6e6f-401d-8b64-56f28909eff7 Prelogin error: host localhost port 49398 Unexpected end of prelogin response after 0 bytes read
Mar 18, 2021 11:01:53 PM com.microsoft.sqlserver.jdbc.SQLServerConnection Prelogin
WARNING: ConnectionID:11 ClientConnectionId: 5523eb83-9a91-4666-b2f8-4e183ac2b73b Prelogin error: host localhost port 49398 Unexpected end of prelogin response after 0 bytes read
Mar 18, 2021 11:01:54 PM com.microsoft.sqlserver.jdbc.SQLServerConnection Prelogin
WARNING: ConnectionID:11 ClientConnectionId: 6b25b414-1eba-4711-be01-9cb0462a2161 Prelogin error: host localhost port 49398 Unexpected end of prelogin response after 0 bytes read
Mar 18, 2021 11:01:55 PM com.microsoft.sqlserver.jdbc.SQLServerConnection Prelogin
WARNING: ConnectionID:11 ClientConnectionId: 91e88a9f-7964-4f0e-9c58-94a4f3a74e3c Prelogin error: host localhost port 49398 Unexpected end of prelogin response after 0 bytes read
Mar 18, 2021 11:01:56 PM com.microsoft.sqlserver.jdbc.SQLServerConnection Prelogin
WARNING: ConnectionID:11 ClientConnectionId: cc481fd5-bfd9-4b46-9013-ffc40b1932d2 Prelogin error: host localhost port 49398 Unexpected end of prelogin response after 0 bytes read
Mar 18, 2021 11:01:57 PM com.microsoft.sqlserver.jdbc.SQLServerConnection Prelogin
WARNING: ConnectionID:11 ClientConnectionId: d57f5ae0-f2e0-49ec-ad32-ac5fd5a04931 Prelogin error: host localhost port 49398 Unexpected end of prelogin response after 0 bytes read
Mar 18, 2021 11:01:58 PM com.microsoft.sqlserver.jdbc.SQLServerConnection Prelogin
WARNING: ConnectionID:11 ClientConnectionId: 2c08d798-330f-400a-a02f-eb418ecd43bb Prelogin error: host localhost port 49398 Unexpected end of prelogin response after 0 bytes read
Mar 18, 2021 11:01:59 PM com.microsoft.sqlserver.jdbc.SQLServerConnection Prelogin
WARNING: ConnectionID:11 ClientConnectionId: 4bbf329a-a281-4cbe-858c-4b563affc12b Prelogin error: host localhost port 49398 Unexpected end of prelogin response after 0 bytes read
Mar 18, 2021 11:02:00 PM com.microsoft.sqlserver.jdbc.SQLServerConnection Prelogin
WARNING: ConnectionID:11 ClientConnectionId: 4275eaaf-506d-44ee-b353-0a7e5ae2fc24 Prelogin error: host localhost port 49398 Unexpected end of prelogin response after 0 bytes read
Mar 18, 2021 11:02:01 PM com.microsoft.sqlserver.jdbc.SQLServerConnection Prelogin
WARNING: ConnectionID:11 ClientConnectionId: 65c93f43-3483-4828-91a4-3d91864af79d Prelogin error: host localhost port 49398 Unexpected end of prelogin response after 0 bytes read
]]></system-err>
  </testcase>
  <testcase name="testAllDates" classname="net.sf.persism.TestMSSQL" time="0.09">
    <system-out><![CDATA[INFO  Mar 18 23:02:05 net.sf.persism.TestMSSQL - SQLMODE? true
INFO  Mar 18 23:02:05 net.sf.persism.TestMSSQL - dbContainer.getJdbcUrl(): jdbc:sqlserver://localhost:49398
INFO  Mar 18 23:02:05 net.sf.persism.TestMSSQL - PRODUCT? Microsoft JDBC Driver 9.2 for SQL Server - 9.2.0.0
INFO  Mar 18 23:02:05 net.sf.persism.BaseTest - udate: Mon Feb 17 22:23:41 ARST 1992 698372621107
INFO  Mar 18 23:02:05 net.sf.persism.BaseTest - sdate: 1992-02-17 698372621107
INFO  Mar 18 23:02:05 net.sf.persism.BaseTest - ts: 1992-02-17 22:23:41.107
INFO  Mar 18 23:02:05 net.sf.persism.BaseTest - time: 22:23:41
INFO  Mar 18 23:02:05 net.sf.persism.BaseTest - BEFORE: DateTestSQLTypes{id=1, description='test 1', dateOnly=1992-02-17, timeOnly=22:23:41, dateAndTime=1992-02-17 22:23:41.107, utilDateAndTime=Mon Feb 17 22:23:41 ARST 1992}
INFO  Mar 18 23:02:05 net.sf.persism.BaseTest - AFTER:  DateTestSQLTypes{id=1, description='test 1', dateOnly=1992-02-17, timeOnly=22:23:41, dateAndTime=1992-02-17 22:23:41.107, utilDateAndTime=Mon Feb 17 22:23:41 ARST 1992}
INFO  Mar 18 23:02:05 net.sf.persism.BaseTest - [DateTestSQLTypes{id=1, description='test 1', dateOnly=1992-02-17, timeOnly=22:23:41, dateAndTime=1992-02-17 22:23:41.107, utilDateAndTime=Mon Feb 17 22:23:41 ARST 1992}]
INFO  Mar 18 23:02:05 net.sf.persism.BaseTest - ldt: 1998-02-17T10:23:43.567
INFO  Mar 18 23:02:05 net.sf.persism.BaseTest - ld : 1997-02-17
INFO  Mar 18 23:02:05 net.sf.persism.BaseTest - lt : 10:23:43.567
INFO  Mar 18 23:02:05 net.sf.persism.BaseTest - BEFORE: DateTestLocalTypes{id=1, description='test 1', dateOnly=1997-02-17, timeOnly=10:23:43.567, dateAndTime=1998-02-17T10:23:43.567}
INFO  Mar 18 23:02:06 net.sf.persism.BaseTest - AFTER:  DateTestLocalTypes{id=1, description='test 1', dateOnly=1997-02-17, timeOnly=10:23:43, dateAndTime=1998-02-17T10:23:43.567}
INFO  Mar 18 23:02:06 net.sf.persism.BaseTest - [DateTestLocalTypes{id=1, description='test 1', dateOnly=1997-02-17, timeOnly=10:23:43, dateAndTime=1998-02-17T10:23:43.567}, DateTestLocalTypes{id=2, description='time later in the day to test awfulness of SQLite', dateOnly=null, timeOnly=22:23:41, dateAndTime=null}]
]]></system-out>
  </testcase>
  <testcase name="testCountQuery" classname="net.sf.persism.TestMSSQL" time="0.397">
    <system-out><![CDATA[INFO  Mar 18 23:02:06 net.sf.persism.TestMSSQL - SQLMODE? true
INFO  Mar 18 23:02:06 net.sf.persism.TestMSSQL - dbContainer.getJdbcUrl(): jdbc:sqlserver://localhost:49398
INFO  Mar 18 23:02:06 net.sf.persism.TestMSSQL - PRODUCT? Microsoft JDBC Driver 9.2 for SQL Server - 9.2.0.0
WARN  Mar 18 23:02:06 net.sf.persism.MetaData - Property not found for column: RequestedBy class: class net.sf.persism.dao.Exam
WARN  Mar 18 23:02:06 net.sf.persism.MetaData - Property not found for column: TimeRequested class: class net.sf.persism.dao.Exam
WARN  Mar 18 23:02:06 net.sf.persism.MetaData - Property not found for column: ExamType_No class: class net.sf.persism.dao.Exam
WARN  Mar 18 23:02:06 net.sf.persism.MetaData - Property not found for column: ExamStatus_No class: class net.sf.persism.dao.Exam
WARN  Mar 18 23:02:06 net.sf.persism.MetaData - Property not found for column: CancelReason class: class net.sf.persism.dao.Exam
WARN  Mar 18 23:02:06 net.sf.persism.MetaData - Property not found for column: StartTime class: class net.sf.persism.dao.Exam
WARN  Mar 18 23:02:06 net.sf.persism.MetaData - Property not found for column: EndTime class: class net.sf.persism.dao.Exam
WARN  Mar 18 23:02:06 net.sf.persism.MetaData - Property not found for column: BookHist_No class: class net.sf.persism.dao.Exam
WARN  Mar 18 23:02:06 net.sf.persism.MetaData - Property not found for column: Technician class: class net.sf.persism.dao.Exam
WARN  Mar 18 23:02:06 net.sf.persism.MetaData - Property not found for column: SourceOfReferral class: class net.sf.persism.dao.Exam
WARN  Mar 18 23:02:06 net.sf.persism.MetaData - Property not found for column: PatientLocation class: class net.sf.persism.dao.Exam
WARN  Mar 18 23:02:06 net.sf.persism.MetaData - Property not found for column: BillStatus class: class net.sf.persism.dao.Exam
WARN  Mar 18 23:02:06 net.sf.persism.MetaData - Property not found for column: DiagnosisCodes class: class net.sf.persism.dao.Exam
WARN  Mar 18 23:02:06 net.sf.persism.MetaData - Property not found for column: EnteredBy class: class net.sf.persism.dao.Exam
WARN  Mar 18 23:02:06 net.sf.persism.MetaData - Property not found for column: Abnormality class: class net.sf.persism.dao.Exam
WARN  Mar 18 23:02:06 net.sf.persism.MetaData - Property not found for column: TransferredInFrom class: class net.sf.persism.dao.Exam
WARN  Mar 18 23:02:06 net.sf.persism.MetaData - Property not found for column: ViewOrTarget class: class net.sf.persism.dao.Exam
WARN  Mar 18 23:02:06 net.sf.persism.MetaData - Property not found for column: SuspectedDiagnosis class: class net.sf.persism.dao.Exam
WARN  Mar 18 23:02:06 net.sf.persism.MetaData - Property not found for column: SignOrSymptom class: class net.sf.persism.dao.Exam
WARN  Mar 18 23:02:06 net.sf.persism.MetaData - Property not found for column: BodyStructureNo class: class net.sf.persism.dao.Exam
WARN  Mar 18 23:02:06 net.sf.persism.MetaData - Property not found for column: Radiologist class: class net.sf.persism.dao.Exam
WARN  Mar 18 23:02:06 net.sf.persism.MetaData - Property not found for column: AppointmentNote class: class net.sf.persism.dao.Exam
WARN  Mar 18 23:02:06 net.sf.persism.MetaData - Property not found for column: ClinicalNotes class: class net.sf.persism.dao.Exam
WARN  Mar 18 23:02:06 net.sf.persism.MetaData - Property not found for column: TechNotes class: class net.sf.persism.dao.Exam
WARN  Mar 18 23:02:06 net.sf.persism.MetaData - Property not found for column: PriorityNo class: class net.sf.persism.dao.Exam
WARN  Mar 18 23:02:06 net.sf.persism.MetaData - Property not found for column: Pregnant class: class net.sf.persism.dao.Exam
WARN  Mar 18 23:02:06 net.sf.persism.MetaData - Property not found for column: FacilityNo class: class net.sf.persism.dao.Exam
WARN  Mar 18 23:02:06 net.sf.persism.MetaData - Property not found for column: AccountingNumber class: class net.sf.persism.dao.Exam
WARN  Mar 18 23:02:06 net.sf.persism.MetaData - Property not found for column: RecommendedExam class: class net.sf.persism.dao.Exam
WARN  Mar 18 23:02:06 net.sf.persism.MetaData - Property not found for column: PathologyResultsCategoryNo class: class net.sf.persism.dao.Exam
WARN  Mar 18 23:02:06 net.sf.persism.MetaData - Property not found for column: PathologyResultsText class: class net.sf.persism.dao.Exam
WARN  Mar 18 23:02:06 net.sf.persism.MetaData - Property not found for column: BiradsNo class: class net.sf.persism.dao.Exam
WARN  Mar 18 23:02:06 net.sf.persism.MetaData - Property not found for column: LockDateAndTime class: class net.sf.persism.dao.Exam
WARN  Mar 18 23:02:06 net.sf.persism.MetaData - Property not found for column: LockedBy class: class net.sf.persism.dao.Exam
WARN  Mar 18 23:02:06 net.sf.persism.MetaData - Property not found for column: BillMethodNo class: class net.sf.persism.dao.Exam
WARN  Mar 18 23:02:06 net.sf.persism.MetaData - Property not found for column: ReferralDate class: class net.sf.persism.dao.Exam
WARN  Mar 18 23:02:06 net.sf.persism.MetaData - Property not found for column: ImpressionNo class: class net.sf.persism.dao.Exam
WARN  Mar 18 23:02:06 net.sf.persism.MetaData - Property not found for column: ExternalID class: class net.sf.persism.dao.Exam
WARN  Mar 18 23:02:06 net.sf.persism.MetaData - Property not found for column: Iris class: class net.sf.persism.dao.Exam
WARN  Mar 18 23:02:06 net.sf.persism.MetaData - Property not found for column: sideOrLevelNo class: class net.sf.persism.dao.Exam
WARN  Mar 18 23:02:06 net.sf.persism.MetaData - Property not found for column: RecommendedExamCreated class: class net.sf.persism.dao.Exam
WARN  Mar 18 23:02:06 net.sf.persism.MetaData - Property not found for column: NodalStatusNo class: class net.sf.persism.dao.Exam
WARN  Mar 18 23:02:06 net.sf.persism.MetaData - Property not found for column: TumorSizeNo class: class net.sf.persism.dao.Exam
WARN  Mar 18 23:02:06 net.sf.persism.MetaData - Property not found for column: BiopsyTypeNo class: class net.sf.persism.dao.Exam
WARN  Mar 18 23:02:06 net.sf.persism.MetaData - Property not found for column: FilmLocation class: class net.sf.persism.dao.Exam
WARN  Mar 18 23:02:06 net.sf.persism.MetaData - Property not found for column: FilmHomeLocation class: class net.sf.persism.dao.Exam
WARN  Mar 18 23:02:06 net.sf.persism.MetaData - Property not found for column: FilmFolderNo class: class net.sf.persism.dao.Exam
WARN  Mar 18 23:02:06 net.sf.persism.MetaData - Property not found for column: DefaultFilmLocation class: class net.sf.persism.dao.Exam
WARN  Mar 18 23:02:06 net.sf.persism.MetaData - Property not found for column: trackingNote class: class net.sf.persism.dao.Exam
WARN  Mar 18 23:02:06 net.sf.persism.MetaData - Property not found for column: ExternalID2 class: class net.sf.persism.dao.Exam
WARN  Mar 18 23:02:06 net.sf.persism.MetaData - Property not found for column: Transportation class: class net.sf.persism.dao.Exam
WARN  Mar 18 23:02:06 net.sf.persism.MetaData - Property not found for column: ImagesTransferredToStorage class: class net.sf.persism.dao.Exam
WARN  Mar 18 23:02:06 net.sf.persism.MetaData - Property not found for column: LMP class: class net.sf.persism.dao.Exam
WARN  Mar 18 23:02:06 net.sf.persism.MetaData - Property not found for column: BillTechnicalFeesOnly class: class net.sf.persism.dao.Exam
WARN  Mar 18 23:02:06 net.sf.persism.MetaData - Property not found for column: AppointmentConfirmed class: class net.sf.persism.dao.Exam
WARN  Mar 18 23:02:06 net.sf.persism.MetaData - Property not found for column: ReportChangeDateTime class: class net.sf.persism.dao.Exam
WARN  Mar 18 23:02:06 net.sf.persism.MetaData - Property not found for column: ProtocoledDate class: class net.sf.persism.dao.Exam
WARN  Mar 18 23:02:06 net.sf.persism.MetaData - Property not found for column: Previous_ExamStatus_No class: class net.sf.persism.dao.Exam
WARN  Mar 18 23:02:06 net.sf.persism.MetaData - Property not found for column: Field1 class: class net.sf.persism.dao.Exam
WARN  Mar 18 23:02:06 net.sf.persism.MetaData - Property not found for column: Field2 class: class net.sf.persism.dao.Exam
WARN  Mar 18 23:02:06 net.sf.persism.MetaData - Property not found for column: Field4 class: class net.sf.persism.dao.Exam
WARN  Mar 18 23:02:06 net.sf.persism.MetaData - Property not found for column: Field5 class: class net.sf.persism.dao.Exam
WARN  Mar 18 23:02:06 net.sf.persism.MetaData - Property not found for column: Field6 class: class net.sf.persism.dao.Exam
WARN  Mar 18 23:02:06 net.sf.persism.MetaData - Property not found for column: Field7 class: class net.sf.persism.dao.Exam
WARN  Mar 18 23:02:06 net.sf.persism.MetaData - Property not found for column: Field8 class: class net.sf.persism.dao.Exam
WARN  Mar 18 23:02:06 net.sf.persism.MetaData - Property not found for column: Field9 class: class net.sf.persism.dao.Exam
WARN  Mar 18 23:02:06 net.sf.persism.MetaData - Property not found for column: Field15 class: class net.sf.persism.dao.Exam
WARN  Mar 18 23:02:06 net.sf.persism.MetaData - Property not found for column: Field16 class: class net.sf.persism.dao.Exam
WARN  Mar 18 23:02:06 net.sf.persism.MetaData - Property not found for column: Field17 class: class net.sf.persism.dao.Exam
WARN  Mar 18 23:02:06 net.sf.persism.MetaData - Property not found for column: Field19 class: class net.sf.persism.dao.Exam
WARN  Mar 18 23:02:06 net.sf.persism.MetaData - Property not found for column: Field20 class: class net.sf.persism.dao.Exam
WARN  Mar 18 23:02:06 net.sf.persism.MetaData - Property not found for column: Field21 class: class net.sf.persism.dao.Exam
WARN  Mar 18 23:02:06 net.sf.persism.MetaData - Property not found for column: Field18 class: class net.sf.persism.dao.Exam
WARN  Mar 18 23:02:06 net.sf.persism.MetaData - Property not found for column: Field24 class: class net.sf.persism.dao.Exam
WARN  Mar 18 23:02:06 net.sf.persism.MetaData - Property not found for column: Field34 class: class net.sf.persism.dao.Exam
WARN  Mar 18 23:02:06 net.sf.persism.MetaData - Property not found for column: SurgicalPathologyNo class: class net.sf.persism.dao.Exam
WARN  Mar 18 23:02:06 net.sf.persism.MetaData - Property not found for column: ProtocoledBy class: class net.sf.persism.dao.Exam
WARN  Mar 18 23:02:06 net.sf.persism.MetaData - Property not found for column: Biohazard class: class net.sf.persism.dao.Exam
WARN  Mar 18 23:02:06 net.sf.persism.MetaData - Property not found for column: PrimaryPolicyNo class: class net.sf.persism.dao.Exam
WARN  Mar 18 23:02:06 net.sf.persism.MetaData - Property not found for column: SecondaryPolicyNo class: class net.sf.persism.dao.Exam
WARN  Mar 18 23:02:06 net.sf.persism.MetaData - Property not found for column: PrimaryAuthorization class: class net.sf.persism.dao.Exam
WARN  Mar 18 23:02:06 net.sf.persism.MetaData - Property not found for column: SecondaryAuthorization class: class net.sf.persism.dao.Exam
WARN  Mar 18 23:02:06 net.sf.persism.MetaData - Property not found for column: Field42 class: class net.sf.persism.dao.Exam
WARN  Mar 18 23:02:06 net.sf.persism.MetaData - Property not found for column: Modifiers class: class net.sf.persism.dao.Exam
INFO  Mar 18 23:02:06 net.sf.persism.TestMSSQL - DATE? Thu Mar 18 23:02:06 ART 2021
INFO  Mar 18 23:02:06 net.sf.persism.TestMSSQL - 1
INFO  Mar 18 23:02:06 net.sf.persism.TestMSSQL - 1997-03-04
INFO  Mar 18 23:02:06 net.sf.persism.TestMSSQL - 1
]]></system-out>
  </testcase>
  <testcase name="testTryUDDI" classname="net.sf.persism.TestMSSQL" time="0.038">
    <system-out><![CDATA[INFO  Mar 18 23:02:06 net.sf.persism.TestMSSQL - SQLMODE? true
INFO  Mar 18 23:02:06 net.sf.persism.TestMSSQL - dbContainer.getJdbcUrl(): jdbc:sqlserver://localhost:49398
INFO  Mar 18 23:02:06 net.sf.persism.TestMSSQL - PRODUCT? Microsoft JDBC Driver 9.2 for SQL Server - 9.2.0.0
INFO  Mar 18 23:02:06 net.sf.persism.TestMSSQL - [Contact{identity=d316ad81-946d-416b-98e3-3f3b03aa73db, partnerId=a0d00c5a-3de6-4ae8-ba11-e3e02c2b3a83, type='X ', firstname='Fred', lastname='Flintstone', contactName='Fred Flintstone', company='Grouch Inc', division='DIVISION X', email='null', address1='123 Sesame Street', address2='Appt #0 (garbage can)', city='Philly?', stateProvince='null', zipPostalCode='null', country='US', dateAdded=1998-02-17, lastModified=1997-02-17 10:23:43.123, amountOwed=100.23, notes='B:AH B:AH VBLAH
 BLAH BLAY!', whatTimeIsIt=10:23:52}]
INFO  Mar 18 23:02:06 net.sf.persism.TestMSSQL - rows insetred 1
INFO  Mar 18 23:02:06 net.sf.persism.TestMSSQL - resultset? SQLServerResultSet:54
INFO  Mar 18 23:02:06 net.sf.persism.TestMSSQL - 1 GENERATED_KEYS numeric null
]]></system-out>
  </testcase>
  <testcase name="testQuery" classname="net.sf.persism.TestMSSQL" time="1.045">
    <system-out><![CDATA[INFO  Mar 18 23:02:06 net.sf.persism.TestMSSQL - SQLMODE? true
INFO  Mar 18 23:02:06 net.sf.persism.TestMSSQL - dbContainer.getJdbcUrl(): jdbc:sqlserver://localhost:49398
INFO  Mar 18 23:02:06 net.sf.persism.TestMSSQL - PRODUCT? Microsoft JDBC Driver 9.2 for SQL Server - 9.2.0.0
WARN  Mar 18 23:02:06 net.sf.persism.MetaData - Property not found for column: Desc_f class: class net.sf.persism.dao.Procedure
WARN  Mar 18 23:02:06 net.sf.persism.MetaData - Property not found for column: ExamSubType class: class net.sf.persism.dao.Procedure
WARN  Mar 18 23:02:06 net.sf.persism.MetaData - Property not found for column: ActCodeForInjection class: class net.sf.persism.dao.Procedure
WARN  Mar 18 23:02:06 net.sf.persism.MetaData - Property not found for column: AbdomenSpineOrOther class: class net.sf.persism.dao.Procedure
WARN  Mar 18 23:02:06 net.sf.persism.MetaData - Property not found for column: AcExamCode_No2 class: class net.sf.persism.dao.Procedure
WARN  Mar 18 23:02:06 net.sf.persism.MetaData - Property not found for column: AcExamCode_No3 class: class net.sf.persism.dao.Procedure
WARN  Mar 18 23:02:06 net.sf.persism.MetaData - Property not found for column: StatCode class: class net.sf.persism.dao.Procedure
WARN  Mar 18 23:02:06 net.sf.persism.MetaData - Property not found for column: SuppressRole7ForUltrasound class: class net.sf.persism.dao.Procedure
WARN  Mar 18 23:02:06 net.sf.persism.MetaData - Property not found for column: PreferredAptDuration class: class net.sf.persism.dao.Procedure
WARN  Mar 18 23:02:06 net.sf.persism.MetaData - Property not found for column: ProfessionalFeeCode1 class: class net.sf.persism.dao.Procedure
WARN  Mar 18 23:02:06 net.sf.persism.MetaData - Property not found for column: ProfessionalFeeCode2 class: class net.sf.persism.dao.Procedure
WARN  Mar 18 23:02:06 net.sf.persism.MetaData - Property not found for column: ProfessionalFeeCode3 class: class net.sf.persism.dao.Procedure
WARN  Mar 18 23:02:06 net.sf.persism.MetaData - Property not found for column: ProfessionalFeeCode4 class: class net.sf.persism.dao.Procedure
WARN  Mar 18 23:02:06 net.sf.persism.MetaData - Property not found for column: TechnicalFeeCode1 class: class net.sf.persism.dao.Procedure
WARN  Mar 18 23:02:06 net.sf.persism.MetaData - Property not found for column: TechnicalFeeCode2 class: class net.sf.persism.dao.Procedure
WARN  Mar 18 23:02:06 net.sf.persism.MetaData - Property not found for column: TechnicalFeeCode3 class: class net.sf.persism.dao.Procedure
WARN  Mar 18 23:02:06 net.sf.persism.MetaData - Property not found for column: TechnicalFeeCode4 class: class net.sf.persism.dao.Procedure
WARN  Mar 18 23:02:06 net.sf.persism.MetaData - Property not found for column: ICD9RequiredForBilling class: class net.sf.persism.dao.Procedure
WARN  Mar 18 23:02:06 net.sf.persism.MetaData - Property not found for column: ProFeeUnits class: class net.sf.persism.dao.Procedure
WARN  Mar 18 23:02:06 net.sf.persism.MetaData - Property not found for column: ProFeeUnits1 class: class net.sf.persism.dao.Procedure
WARN  Mar 18 23:02:06 net.sf.persism.MetaData - Property not found for column: ProFeeUnits2 class: class net.sf.persism.dao.Procedure
WARN  Mar 18 23:02:06 net.sf.persism.MetaData - Property not found for column: ProFeeUnits3 class: class net.sf.persism.dao.Procedure
WARN  Mar 18 23:02:06 net.sf.persism.MetaData - Property not found for column: ProFeeUnits4 class: class net.sf.persism.dao.Procedure
WARN  Mar 18 23:02:06 net.sf.persism.MetaData - Property not found for column: TechFeeUnits class: class net.sf.persism.dao.Procedure
WARN  Mar 18 23:02:06 net.sf.persism.MetaData - Property not found for column: TechFeeUnits1 class: class net.sf.persism.dao.Procedure
WARN  Mar 18 23:02:06 net.sf.persism.MetaData - Property not found for column: TechFeeUnits2 class: class net.sf.persism.dao.Procedure
WARN  Mar 18 23:02:06 net.sf.persism.MetaData - Property not found for column: TechFeeUnits3 class: class net.sf.persism.dao.Procedure
WARN  Mar 18 23:02:06 net.sf.persism.MetaData - Property not found for column: TechFeeUnits4 class: class net.sf.persism.dao.Procedure
WARN  Mar 18 23:02:06 net.sf.persism.MetaData - Property not found for column: NumberOfUnitsToBill class: class net.sf.persism.dao.Procedure
WARN  Mar 18 23:02:06 net.sf.persism.MetaData - Property not found for column: QuickNormalText class: class net.sf.persism.dao.Procedure
WARN  Mar 18 23:02:06 net.sf.persism.MetaData - Property not found for column: CIHIGroupCode class: class net.sf.persism.dao.Procedure
WARN  Mar 18 23:02:06 net.sf.persism.MetaData - Property not found for column: ProfessionalFeeCode5 class: class net.sf.persism.dao.Procedure
WARN  Mar 18 23:02:06 net.sf.persism.MetaData - Property not found for column: ProfessionalFeeCode6 class: class net.sf.persism.dao.Procedure
WARN  Mar 18 23:02:06 net.sf.persism.MetaData - Property not found for column: TechnicalFeeCode5 class: class net.sf.persism.dao.Procedure
WARN  Mar 18 23:02:06 net.sf.persism.MetaData - Property not found for column: TechnicalFeeCode6 class: class net.sf.persism.dao.Procedure
WARN  Mar 18 23:02:06 net.sf.persism.MetaData - Property not found for column: ProFeeUnits5 class: class net.sf.persism.dao.Procedure
WARN  Mar 18 23:02:06 net.sf.persism.MetaData - Property not found for column: ProFeeUnits6 class: class net.sf.persism.dao.Procedure
WARN  Mar 18 23:02:06 net.sf.persism.MetaData - Property not found for column: TechFeeUnits5 class: class net.sf.persism.dao.Procedure
WARN  Mar 18 23:02:06 net.sf.persism.MetaData - Property not found for column: TechFeeUnits6 class: class net.sf.persism.dao.Procedure
WARN  Mar 18 23:02:06 net.sf.persism.MetaData - Property not found for column: EnableBirads class: class net.sf.persism.dao.Procedure
WARN  Mar 18 23:02:06 net.sf.persism.MetaData - Property not found for column: PrintPatientLetter class: class net.sf.persism.dao.Procedure
WARN  Mar 18 23:02:06 net.sf.persism.MetaData - Property not found for column: InstructionsForStaff class: class net.sf.persism.dao.Procedure
WARN  Mar 18 23:02:06 net.sf.persism.MetaData - Property not found for column: Retired class: class net.sf.persism.dao.Procedure
WARN  Mar 18 23:02:06 net.sf.persism.MetaData - Property not found for column: ExternalID1 class: class net.sf.persism.dao.Procedure
WARN  Mar 18 23:02:06 net.sf.persism.MetaData - Property not found for column: ExternalID2 class: class net.sf.persism.dao.Procedure
WARN  Mar 18 23:02:06 net.sf.persism.MetaData - Property not found for column: ExternalID3 class: class net.sf.persism.dao.Procedure
WARN  Mar 18 23:02:06 net.sf.persism.MetaData - Property not found for column: MaxDaysAgoForSameProcedure class: class net.sf.persism.dao.Procedure
WARN  Mar 18 23:02:06 net.sf.persism.MetaData - Property not found for column: RepeatWarningThresholdDays class: class net.sf.persism.dao.Procedure
WARN  Mar 18 23:02:06 net.sf.persism.MetaData - Property not found for column: MammoType class: class net.sf.persism.dao.Procedure
WARN  Mar 18 23:02:06 net.sf.persism.MetaData - Property not found for column: ProximityWarningHours class: class net.sf.persism.dao.Procedure
WARN  Mar 18 23:02:06 net.sf.persism.MetaData - Property not found for column: ProximityWarningMessage class: class net.sf.persism.dao.Procedure
WARN  Mar 18 23:02:06 net.sf.persism.MetaData - Property not found for column: ScheduleWithPhases class: class net.sf.persism.dao.Procedure
WARN  Mar 18 23:02:06 net.sf.persism.MetaData - Property not found for column: AllowRefMdsAndNursesToSchedule class: class net.sf.persism.dao.Procedure
WARN  Mar 18 23:02:06 net.sf.persism.MetaData - Property not found for column: NumberOfPhases class: class net.sf.persism.dao.Procedure
WARN  Mar 18 23:02:06 net.sf.persism.MetaData - Property not found for column: ExamCount class: class net.sf.persism.dao.Procedure
WARN  Mar 18 23:02:06 net.sf.persism.MetaData - Property not found for column: M1 class: class net.sf.persism.dao.Procedure
WARN  Mar 18 23:02:06 net.sf.persism.MetaData - Property not found for column: M2 class: class net.sf.persism.dao.Procedure
WARN  Mar 18 23:02:06 net.sf.persism.MetaData - Property not found for column: M3 class: class net.sf.persism.dao.Procedure
WARN  Mar 18 23:02:06 net.sf.persism.MetaData - Property not found for column: M4 class: class net.sf.persism.dao.Procedure
WARN  Mar 18 23:02:06 net.sf.persism.MetaData - Property not found for column: M5 class: class net.sf.persism.dao.Procedure
WARN  Mar 18 23:02:06 net.sf.persism.MetaData - Property not found for column: InstructionsForStaffVisibility class: class net.sf.persism.dao.Procedure
WARN  Mar 18 23:02:06 net.sf.persism.MetaData - Property not found for column: DefaultImpression class: class net.sf.persism.dao.Procedure
WARN  Mar 18 23:02:06 net.sf.persism.MetaData - Property not found for column: ExcludeFromOtherPriors class: class net.sf.persism.dao.Procedure
WARN  Mar 18 23:02:06 net.sf.persism.MetaData - Property not found for column: ExcludeFromGroupable class: class net.sf.persism.dao.Procedure
WARN  Mar 18 23:02:06 net.sf.persism.MetaData - Property not found for column: DefaultModifiers class: class net.sf.persism.dao.Procedure
WARN  Mar 18 23:02:06 net.sf.persism.MetaData - Property not found for column: AlwaysPrintDoNotFaxReport class: class net.sf.persism.dao.Procedure
WARN  Mar 18 23:02:06 net.sf.persism.MetaData - Property not found for column: RequiresProtocol class: class net.sf.persism.dao.Procedure
WARN  Mar 18 23:02:06 net.sf.persism.MetaData - Property not found for column: NeverRequiresInterpretation class: class net.sf.persism.dao.Procedure
WARN  Mar 18 23:02:06 net.sf.persism.MetaData - Property not found for column: ProfFeeDescrip class: class net.sf.persism.dao.Procedure
WARN  Mar 18 23:02:06 net.sf.persism.MetaData - Property not found for column: ProfFeeDescrip1 class: class net.sf.persism.dao.Procedure
WARN  Mar 18 23:02:06 net.sf.persism.MetaData - Property not found for column: ProfFeeDescrip2 class: class net.sf.persism.dao.Procedure
WARN  Mar 18 23:02:06 net.sf.persism.MetaData - Property not found for column: ProfFeeDescrip3 class: class net.sf.persism.dao.Procedure
WARN  Mar 18 23:02:06 net.sf.persism.MetaData - Property not found for column: ProfFeeDescrip4 class: class net.sf.persism.dao.Procedure
WARN  Mar 18 23:02:06 net.sf.persism.MetaData - Property not found for column: ProfFeeDescrip5 class: class net.sf.persism.dao.Procedure
WARN  Mar 18 23:02:06 net.sf.persism.MetaData - Property not found for column: ProfFeeDescrip6 class: class net.sf.persism.dao.Procedure
WARN  Mar 18 23:02:06 net.sf.persism.MetaData - Property not found for column: TechFeeDescrip class: class net.sf.persism.dao.Procedure
WARN  Mar 18 23:02:06 net.sf.persism.MetaData - Property not found for column: TechFeeDescrip1 class: class net.sf.persism.dao.Procedure
WARN  Mar 18 23:02:06 net.sf.persism.MetaData - Property not found for column: TechFeeDescrip2 class: class net.sf.persism.dao.Procedure
WARN  Mar 18 23:02:06 net.sf.persism.MetaData - Property not found for column: TechFeeDescrip3 class: class net.sf.persism.dao.Procedure
WARN  Mar 18 23:02:06 net.sf.persism.MetaData - Property not found for column: TechFeeDescrip4 class: class net.sf.persism.dao.Procedure
WARN  Mar 18 23:02:06 net.sf.persism.MetaData - Property not found for column: TechFeeDescrip5 class: class net.sf.persism.dao.Procedure
WARN  Mar 18 23:02:06 net.sf.persism.MetaData - Property not found for column: TechFeeDescrip6 class: class net.sf.persism.dao.Procedure
WARN  Mar 18 23:02:06 net.sf.persism.MetaData - Property not found for column: PromptTech4Supplies class: class net.sf.persism.dao.Procedure
WARN  Mar 18 23:02:06 net.sf.persism.MetaData - Property not found for column: SCMUniqueID class: class net.sf.persism.dao.Procedure
WARN  Mar 18 23:02:07 net.sf.persism.MetaData - Property not found for column: Desc_f class: class net.sf.persism.dao.Room
WARN  Mar 18 23:02:07 net.sf.persism.MetaData - Property not found for column: StartTime1 class: class net.sf.persism.dao.Room
WARN  Mar 18 23:02:07 net.sf.persism.MetaData - Property not found for column: EndTime1 class: class net.sf.persism.dao.Room
WARN  Mar 18 23:02:07 net.sf.persism.MetaData - Property not found for column: StartTime2 class: class net.sf.persism.dao.Room
WARN  Mar 18 23:02:07 net.sf.persism.MetaData - Property not found for column: EndTime2 class: class net.sf.persism.dao.Room
WARN  Mar 18 23:02:07 net.sf.persism.MetaData - Property not found for column: StartTime3 class: class net.sf.persism.dao.Room
WARN  Mar 18 23:02:07 net.sf.persism.MetaData - Property not found for column: EndTime3 class: class net.sf.persism.dao.Room
WARN  Mar 18 23:02:07 net.sf.persism.MetaData - Property not found for column: StartTime4 class: class net.sf.persism.dao.Room
WARN  Mar 18 23:02:07 net.sf.persism.MetaData - Property not found for column: EndTime4 class: class net.sf.persism.dao.Room
WARN  Mar 18 23:02:07 net.sf.persism.MetaData - Property not found for column: StartTime5 class: class net.sf.persism.dao.Room
WARN  Mar 18 23:02:07 net.sf.persism.MetaData - Property not found for column: EndTime5 class: class net.sf.persism.dao.Room
WARN  Mar 18 23:02:07 net.sf.persism.MetaData - Property not found for column: StartTime6 class: class net.sf.persism.dao.Room
WARN  Mar 18 23:02:07 net.sf.persism.MetaData - Property not found for column: EndTime6 class: class net.sf.persism.dao.Room
WARN  Mar 18 23:02:07 net.sf.persism.MetaData - Property not found for column: StartTime7 class: class net.sf.persism.dao.Room
WARN  Mar 18 23:02:07 net.sf.persism.MetaData - Property not found for column: EndTime7 class: class net.sf.persism.dao.Room
WARN  Mar 18 23:02:07 net.sf.persism.MetaData - Property not found for column: ExamType_No class: class net.sf.persism.dao.Room
WARN  Mar 18 23:02:07 net.sf.persism.MetaData - Property not found for column: ExternalID class: class net.sf.persism.dao.Room
WARN  Mar 18 23:02:07 net.sf.persism.MetaData - Property not found for column: FacilityNo class: class net.sf.persism.dao.Room
WARN  Mar 18 23:02:07 net.sf.persism.MetaData - Property not found for column: ProcsAllowed class: class net.sf.persism.dao.Room
WARN  Mar 18 23:02:07 net.sf.persism.MetaData - Property not found for column: ppn_room class: class net.sf.persism.dao.Room
WARN  Mar 18 23:02:07 net.sf.persism.MetaData - Property not found for column: DefaultCostcenterNo class: class net.sf.persism.dao.Room
WARN  Mar 18 23:02:07 net.sf.persism.MetaData - Property not found for column: EnableFilmTracking class: class net.sf.persism.dao.Room
WARN  Mar 18 23:02:07 net.sf.persism.MetaData - Property not found for column: Retired class: class net.sf.persism.dao.Room
WARN  Mar 18 23:02:07 net.sf.persism.MetaData - Property not found for column: DefaultFilmLocation class: class net.sf.persism.dao.Room
WARN  Mar 18 23:02:07 net.sf.persism.MetaData - Property not found for column: FilmHomeLocation class: class net.sf.persism.dao.Room
WARN  Mar 18 23:02:07 net.sf.persism.MetaData - Property not found for column: DigitalImaging class: class net.sf.persism.dao.Room
INFO  Mar 18 23:02:07 net.sf.persism.TestMSSQL - [QueryResult{examId=1, procedureDescription='null', modalityDescription='null', examDate=Thu Mar 18 23:02:06 ART 2021}, QueryResult{examId=2, procedureDescription='proc 1', modalityDescription='room 1', examDate=Thu Mar 18 23:02:07 ART 2021}]
INFO  Mar 18 23:02:07 net.sf.persism.TestMSSQL - [QueryResult{examId=1, procedureDescription='null', modalityDescription='null', examDate=Thu Mar 18 23:02:06 ART 2021}, QueryResult{examId=2, procedureDescription='proc 1', modalityDescription='room 1', examDate=Thu Mar 18 23:02:07 ART 2021}]
INFO  Mar 18 23:02:07 net.sf.persism.TestMSSQL - [1, 2]
]]></system-out>
  </testcase>
  <testcase name="testJunk" classname="net.sf.persism.TestMSSQL" time="0.036">
    <system-out><![CDATA[INFO  Mar 18 23:02:07 net.sf.persism.TestMSSQL - SQLMODE? true
INFO  Mar 18 23:02:07 net.sf.persism.TestMSSQL - dbContainer.getJdbcUrl(): jdbc:sqlserver://localhost:49398
INFO  Mar 18 23:02:07 net.sf.persism.TestMSSQL - PRODUCT? Microsoft JDBC Driver 9.2 for SQL Server - 9.2.0.0
INFO  Mar 18 23:02:07 net.sf.persism.TestMSSQL - |TestMSSQL| ---- net.sf.persism.TestMSSQL
INFO  Mar 18 23:02:07 net.sf.persism.TestMSSQL - Array of Object has length 3
INFO  Mar 18 23:02:07 net.sf.persism.TestMSSQL - Array of String has length 3 [Blobbo, Cracked, Dumbo]
]]></system-out>
  </testcase>
  <testcase name="testRoom" classname="net.sf.persism.TestMSSQL" time="0.031">
    <system-out><![CDATA[INFO  Mar 18 23:02:07 net.sf.persism.TestMSSQL - SQLMODE? true
INFO  Mar 18 23:02:07 net.sf.persism.TestMSSQL - dbContainer.getJdbcUrl(): jdbc:sqlserver://localhost:49398
INFO  Mar 18 23:02:07 net.sf.persism.TestMSSQL - PRODUCT? Microsoft JDBC Driver 9.2 for SQL Server - 9.2.0.0
INFO  Mar 18 23:02:07 net.sf.persism.TestMSSQL - time to read rooms: 8 size: 2
INFO  Mar 18 23:02:07 net.sf.persism.TestMSSQL - time to read rooms again: 5
INFO  Mar 18 23:02:07 net.sf.persism.TestMSSQL - 1 room 1
INFO  Mar 18 23:02:07 net.sf.persism.TestMSSQL - 2 room 1
INFO  Mar 18 23:02:07 net.sf.persism.TestMSSQL - time to display rooms : 0
]]></system-out>
  </testcase>
  <testcase name="testAdditionalPropertyNotMappedException" classname="net.sf.persism.TestMSSQL" time="0.195">
    <system-out><![CDATA[INFO  Mar 18 23:02:07 net.sf.persism.TestMSSQL - SQLMODE? true
INFO  Mar 18 23:02:07 net.sf.persism.TestMSSQL - dbContainer.getJdbcUrl(): jdbc:sqlserver://localhost:49398
INFO  Mar 18 23:02:07 net.sf.persism.TestMSSQL - PRODUCT? Microsoft JDBC Driver 9.2 for SQL Server - 9.2.0.0
WARN  Mar 18 23:02:07 net.sf.persism.MetaData - Property not found for column: Notes class: class net.sf.persism.dao.ContactFail
WARN  Mar 18 23:02:07 net.sf.persism.MetaData - Property not found for column: Status class: class net.sf.persism.dao.ContactFail
WARN  Mar 18 23:02:07 net.sf.persism.MetaData - Property not found for column: AmountOwed class: class net.sf.persism.dao.ContactFail
WARN  Mar 18 23:02:07 net.sf.persism.MetaData - Property not found for column: BigInt class: class net.sf.persism.dao.ContactFail
WARN  Mar 18 23:02:07 net.sf.persism.MetaData - Property not found for column: SomeDate class: class net.sf.persism.dao.ContactFail
WARN  Mar 18 23:02:07 net.sf.persism.MetaData - Property not found for column: TestInstant class: class net.sf.persism.dao.ContactFail
WARN  Mar 18 23:02:07 net.sf.persism.MetaData - Property not found for column: TestInstant2 class: class net.sf.persism.dao.ContactFail
WARN  Mar 18 23:02:07 net.sf.persism.MetaData - Property not found for column: WhatMiteIsIt class: class net.sf.persism.dao.ContactFail
WARN  Mar 18 23:02:07 net.sf.persism.MetaData - Property not found for column: WhatTimeIsIt class: class net.sf.persism.dao.ContactFail
WARN  Mar 18 23:02:07 net.sf.persism.TestMSSQL - Object class net.sf.persism.dao.ContactFail was not properly initialized. Some properties not initialized in the queried columns (fail).
net.sf.persism.PersismException: Object class net.sf.persism.dao.ContactFail was not properly initialized. Some properties not initialized in the queried columns (fail).
	at net.sf.persism.Session.fetch(Session.java:538)
	at net.sf.persism.TestMSSQL.testAdditionalPropertyNotMappedException(TestMSSQL.java:885)
	at sun.reflect.NativeMethodAccessorImpl.invoke0(Native Method)
	at sun.reflect.NativeMethodAccessorImpl.invoke(NativeMethodAccessorImpl.java:62)
	at sun.reflect.DelegatingMethodAccessorImpl.invoke(DelegatingMethodAccessorImpl.java:43)
	at java.lang.reflect.Method.invoke(Method.java:498)
	at junit.framework.TestCase.runTest(TestCase.java:177)
	at junit.framework.TestCase.runBare(TestCase.java:142)
	at junit.framework.TestResult$1.protect(TestResult.java:122)
	at junit.framework.TestResult.runProtected(TestResult.java:142)
	at junit.framework.TestResult.run(TestResult.java:125)
	at junit.framework.TestCase.run(TestCase.java:130)
	at junit.framework.TestSuite.runTest(TestSuite.java:241)
	at junit.framework.TestSuite.run(TestSuite.java:236)
	at org.junit.internal.runners.JUnit38ClassRunner.run(JUnit38ClassRunner.java:90)
	at org.junit.runners.Suite.runChild(Suite.java:128)
	at org.junit.runners.Suite.runChild(Suite.java:27)
	at org.junit.runners.ParentRunner$4.run(ParentRunner.java:331)
	at org.junit.runners.ParentRunner$1.schedule(ParentRunner.java:79)
	at org.junit.runners.ParentRunner.runChildren(ParentRunner.java:329)
	at org.junit.runners.ParentRunner.access$100(ParentRunner.java:66)
	at org.junit.runners.ParentRunner$2.evaluate(ParentRunner.java:293)
	at org.junit.runners.ParentRunner$3.evaluate(ParentRunner.java:306)
	at org.junit.runners.ParentRunner.run(ParentRunner.java:413)
	at org.apache.maven.surefire.junitcore.JUnitCore.run(JUnitCore.java:55)
	at org.apache.maven.surefire.junitcore.JUnitCoreWrapper.createRequestAndRun(JUnitCoreWrapper.java:137)
	at org.apache.maven.surefire.junitcore.JUnitCoreWrapper.executeEager(JUnitCoreWrapper.java:107)
	at org.apache.maven.surefire.junitcore.JUnitCoreWrapper.execute(JUnitCoreWrapper.java:83)
	at org.apache.maven.surefire.junitcore.JUnitCoreWrapper.execute(JUnitCoreWrapper.java:75)
	at org.apache.maven.surefire.junitcore.JUnitCoreProvider.invoke(JUnitCoreProvider.java:157)
	at org.apache.maven.surefire.booter.ForkedBooter.runSuitesInProcess(ForkedBooter.java:428)
	at org.apache.maven.surefire.booter.ForkedBooter.execute(ForkedBooter.java:162)
	at org.apache.maven.surefire.booter.ForkedBooter.run(ForkedBooter.java:562)
	at org.apache.maven.surefire.booter.ForkedBooter.main(ForkedBooter.java:548)
Caused by: net.sf.persism.PersismException: Object class net.sf.persism.dao.ContactFail was not properly initialized. Some properties not initialized in the queried columns (fail).
	at net.sf.persism.Session.readObject(Session.java:602)
	at net.sf.persism.Session.fetch(Session.java:527)
	... 33 common frames omitted
Caused by: java.lang.Throwable: Object class net.sf.persism.dao.ContactFail was not properly initialized. Some properties not initialized in the queried columns (fail).
	at net.sf.persism.PersismException.<init>(PersismException.java:18)
	... 35 common frames omitted
]]></system-out>
  </testcase>
  <testcase name="testAllColumnsMappedException" classname="net.sf.persism.TestMSSQL" time="0.157">
    <system-out><![CDATA[INFO  Mar 18 23:02:07 net.sf.persism.TestMSSQL - SQLMODE? true
INFO  Mar 18 23:02:07 net.sf.persism.TestMSSQL - dbContainer.getJdbcUrl(): jdbc:sqlserver://localhost:49398
INFO  Mar 18 23:02:07 net.sf.persism.TestMSSQL - PRODUCT? Microsoft JDBC Driver 9.2 for SQL Server - 9.2.0.0
WARN  Mar 18 23:02:07 net.sf.persism.TestMSSQL - Object class net.sf.persism.dao.Contact was not properly initialized. Some properties not initialized by the queried columns: [identity] Missing:[Status, Company, Email, StateProvince, SomeDate, WhatTimeIsIt, Address2, Lastname, PartnerID, Address1, City, WhatMiteIsIt, Firstname, LastModified, Type, ZipPostalCode, BigInt, Country, Division, DateAdded, ContactName, AmountOwed, Notes]
net.sf.persism.PersismException: Object class net.sf.persism.dao.Contact was not properly initialized. Some properties not initialized by the queried columns: [identity] Missing:[Status, Company, Email, StateProvince, SomeDate, WhatTimeIsIt, Address2, Lastname, PartnerID, Address1, City, WhatMiteIsIt, Firstname, LastModified, Type, ZipPostalCode, BigInt, Country, Division, DateAdded, ContactName, AmountOwed, Notes]
	at net.sf.persism.Session.fetch(Session.java:538)
	at net.sf.persism.TestMSSQL.testAllColumnsMappedException(TestMSSQL.java:863)
	at sun.reflect.NativeMethodAccessorImpl.invoke0(Native Method)
	at sun.reflect.NativeMethodAccessorImpl.invoke(NativeMethodAccessorImpl.java:62)
	at sun.reflect.DelegatingMethodAccessorImpl.invoke(DelegatingMethodAccessorImpl.java:43)
	at java.lang.reflect.Method.invoke(Method.java:498)
	at junit.framework.TestCase.runTest(TestCase.java:177)
	at junit.framework.TestCase.runBare(TestCase.java:142)
	at junit.framework.TestResult$1.protect(TestResult.java:122)
	at junit.framework.TestResult.runProtected(TestResult.java:142)
	at junit.framework.TestResult.run(TestResult.java:125)
	at junit.framework.TestCase.run(TestCase.java:130)
	at junit.framework.TestSuite.runTest(TestSuite.java:241)
	at junit.framework.TestSuite.run(TestSuite.java:236)
	at org.junit.internal.runners.JUnit38ClassRunner.run(JUnit38ClassRunner.java:90)
	at org.junit.runners.Suite.runChild(Suite.java:128)
	at org.junit.runners.Suite.runChild(Suite.java:27)
	at org.junit.runners.ParentRunner$4.run(ParentRunner.java:331)
	at org.junit.runners.ParentRunner$1.schedule(ParentRunner.java:79)
	at org.junit.runners.ParentRunner.runChildren(ParentRunner.java:329)
	at org.junit.runners.ParentRunner.access$100(ParentRunner.java:66)
	at org.junit.runners.ParentRunner$2.evaluate(ParentRunner.java:293)
	at org.junit.runners.ParentRunner$3.evaluate(ParentRunner.java:306)
	at org.junit.runners.ParentRunner.run(ParentRunner.java:413)
	at org.apache.maven.surefire.junitcore.JUnitCore.run(JUnitCore.java:55)
	at org.apache.maven.surefire.junitcore.JUnitCoreWrapper.createRequestAndRun(JUnitCoreWrapper.java:137)
	at org.apache.maven.surefire.junitcore.JUnitCoreWrapper.executeEager(JUnitCoreWrapper.java:107)
	at org.apache.maven.surefire.junitcore.JUnitCoreWrapper.execute(JUnitCoreWrapper.java:83)
	at org.apache.maven.surefire.junitcore.JUnitCoreWrapper.execute(JUnitCoreWrapper.java:75)
	at org.apache.maven.surefire.junitcore.JUnitCoreProvider.invoke(JUnitCoreProvider.java:157)
	at org.apache.maven.surefire.booter.ForkedBooter.runSuitesInProcess(ForkedBooter.java:428)
	at org.apache.maven.surefire.booter.ForkedBooter.execute(ForkedBooter.java:162)
	at org.apache.maven.surefire.booter.ForkedBooter.run(ForkedBooter.java:562)
	at org.apache.maven.surefire.booter.ForkedBooter.main(ForkedBooter.java:548)
Caused by: net.sf.persism.PersismException: Object class net.sf.persism.dao.Contact was not properly initialized. Some properties not initialized by the queried columns: [identity] Missing:[Status, Company, Email, StateProvince, SomeDate, WhatTimeIsIt, Address2, Lastname, PartnerID, Address1, City, WhatMiteIsIt, Firstname, LastModified, Type, ZipPostalCode, BigInt, Country, Division, DateAdded, ContactName, AmountOwed, Notes]
	at net.sf.persism.Session.readObject(Session.java:641)
	at net.sf.persism.Session.fetch(Session.java:527)
	... 33 common frames omitted
Caused by: java.lang.Throwable: Object class net.sf.persism.dao.Contact was not properly initialized. Some properties not initialized by the queried columns: [identity] Missing:[Status, Company, Email, StateProvince, SomeDate, WhatTimeIsIt, Address2, Lastname, PartnerID, Address1, City, WhatMiteIsIt, Firstname, LastModified, Type, ZipPostalCode, BigInt, Country, Division, DateAdded, ContactName, AmountOwed, Notes]
	at net.sf.persism.PersismException.<init>(PersismException.java:18)
	... 35 common frames omitted
]]></system-out>
  </testcase>
  <testcase name="testUserDAO" classname="net.sf.persism.TestMSSQL" time="0.226">
    <system-out><![CDATA[INFO  Mar 18 23:02:07 net.sf.persism.TestMSSQL - SQLMODE? true
INFO  Mar 18 23:02:07 net.sf.persism.TestMSSQL - dbContainer.getJdbcUrl(): jdbc:sqlserver://localhost:49398
INFO  Mar 18 23:02:07 net.sf.persism.TestMSSQL - PRODUCT? Microsoft JDBC Driver 9.2 for SQL Server - 9.2.0.0
WARN  Mar 18 23:02:07 net.sf.persism.MetaData - Property not found for column: UserPass class: class net.sf.persism.dao.User
WARN  Mar 18 23:02:07 net.sf.persism.MetaData - Property not found for column: PasswordLastChg class: class net.sf.persism.dao.User
WARN  Mar 18 23:02:07 net.sf.persism.MetaData - Property not found for column: License_No class: class net.sf.persism.dao.User
WARN  Mar 18 23:02:07 net.sf.persism.MetaData - Property not found for column: BillingGroup class: class net.sf.persism.dao.User
WARN  Mar 18 23:02:07 net.sf.persism.MetaData - Property not found for column: Phone class: class net.sf.persism.dao.User
WARN  Mar 18 23:02:07 net.sf.persism.MetaData - Property not found for column: Street1 class: class net.sf.persism.dao.User
WARN  Mar 18 23:02:07 net.sf.persism.MetaData - Property not found for column: Street2 class: class net.sf.persism.dao.User
WARN  Mar 18 23:02:07 net.sf.persism.MetaData - Property not found for column: City class: class net.sf.persism.dao.User
WARN  Mar 18 23:02:07 net.sf.persism.MetaData - Property not found for column: State class: class net.sf.persism.dao.User
WARN  Mar 18 23:02:07 net.sf.persism.MetaData - Property not found for column: Zip class: class net.sf.persism.dao.User
WARN  Mar 18 23:02:07 net.sf.persism.MetaData - Property not found for column: Country class: class net.sf.persism.dao.User
WARN  Mar 18 23:02:07 net.sf.persism.MetaData - Property not found for column: PreferredLanguage class: class net.sf.persism.dao.User
WARN  Mar 18 23:02:07 net.sf.persism.MetaData - Property not found for column: IpAddress class: class net.sf.persism.dao.User
WARN  Mar 18 23:02:07 net.sf.persism.MetaData - Property not found for column: LastWebActivity class: class net.sf.persism.dao.User
WARN  Mar 18 23:02:07 net.sf.persism.MetaData - Property not found for column: PasswordViolation class: class net.sf.persism.dao.User
WARN  Mar 18 23:02:07 net.sf.persism.MetaData - Property not found for column: PaLayout_no class: class net.sf.persism.dao.User
WARN  Mar 18 23:02:07 net.sf.persism.MetaData - Property not found for column: LastURL class: class net.sf.persism.dao.User
WARN  Mar 18 23:02:07 net.sf.persism.MetaData - Property not found for column: EmailAddress class: class net.sf.persism.dao.User
WARN  Mar 18 23:02:07 net.sf.persism.MetaData - Property not found for column: FaxNumber class: class net.sf.persism.dao.User
WARN  Mar 18 23:02:07 net.sf.persism.MetaData - Property not found for column: PasswordReminder class: class net.sf.persism.dao.User
WARN  Mar 18 23:02:07 net.sf.persism.MetaData - Property not found for column: currentMachineLoggedInto class: class net.sf.persism.dao.User
WARN  Mar 18 23:02:08 net.sf.persism.MetaData - Property not found for column: FacilityNO class: class net.sf.persism.dao.User
WARN  Mar 18 23:02:08 net.sf.persism.MetaData - Property not found for column: License_No2 class: class net.sf.persism.dao.User
WARN  Mar 18 23:02:08 net.sf.persism.MetaData - Property not found for column: Title class: class net.sf.persism.dao.User
WARN  Mar 18 23:02:08 net.sf.persism.MetaData - Property not found for column: Suffix class: class net.sf.persism.dao.User
WARN  Mar 18 23:02:08 net.sf.persism.MetaData - Property not found for column: SpecialityNo class: class net.sf.persism.dao.User
WARN  Mar 18 23:02:08 net.sf.persism.MetaData - Property not found for column: AlertWhenRadSendsNoteToPhys class: class net.sf.persism.dao.User
WARN  Mar 18 23:02:08 net.sf.persism.MetaData - Property not found for column: OldUserNo class: class net.sf.persism.dao.User
WARN  Mar 18 23:02:08 net.sf.persism.MetaData - Property not found for column: TypeOfRadiologist class: class net.sf.persism.dao.User
WARN  Mar 18 23:02:08 net.sf.persism.MetaData - Property not found for column: npi class: class net.sf.persism.dao.User
WARN  Mar 18 23:02:08 net.sf.persism.MetaData - Property not found for column: PermissionTemplate_ID class: class net.sf.persism.dao.User
WARN  Mar 18 23:02:08 net.sf.persism.MetaData - Property not found for column: forceUserToChangePwd class: class net.sf.persism.dao.User
WARN  Mar 18 23:02:08 net.sf.persism.MetaData - Property not found for column: defaultState class: class net.sf.persism.dao.User
WARN  Mar 18 23:02:08 net.sf.persism.MetaData - Property not found for column: defaultCity class: class net.sf.persism.dao.User
WARN  Mar 18 23:02:08 net.sf.persism.MetaData - Property not found for column: defaultCountry class: class net.sf.persism.dao.User
WARN  Mar 18 23:02:08 net.sf.persism.MetaData - Property not found for column: clearUserCode class: class net.sf.persism.dao.User
WARN  Mar 18 23:02:08 net.sf.persism.MetaData - Property not found for column: residentsLevelOfExperience class: class net.sf.persism.dao.User
INFO  Mar 18 23:02:08 net.sf.persism.TestMSSQL - User{id=1, userName='ABC', name='test 1', status='Z', typeOfUser='X', department=2, lastLogin=null, someDate=null, amountOwed=123.567, amountOwedAfterHeadRemoval=4.73}
WARN  Mar 18 23:02:08 net.sf.persism.Session - Possible overflow column User_No - Target type is INT and Value type is LONG net.sf.persism.Session.fetch(Session.java:463)
WARN  Mar 18 23:02:08 net.sf.persism.Session - Possible overflow column AmountOwedAfterHeadRemoval - Target type is Float and Value type is BigDecimal net.sf.persism.Session.readColumn(Session.java:780)
INFO  Mar 18 23:02:08 net.sf.persism.TestMSSQL - User{id=1, userName='ABC', name='test 1', status='Z', typeOfUser='X', department=2, lastLogin=null, someDate=null, amountOwed=123.5670, amountOwedAfterHeadRemoval=4.73}
]]></system-out>
  </testcase>
  <testcase name="testProcedure" classname="net.sf.persism.TestMSSQL" time="0.035">
    <system-out><![CDATA[INFO  Mar 18 23:02:08 net.sf.persism.TestMSSQL - SQLMODE? true
INFO  Mar 18 23:02:08 net.sf.persism.TestMSSQL - dbContainer.getJdbcUrl(): jdbc:sqlserver://localhost:49398
INFO  Mar 18 23:02:08 net.sf.persism.TestMSSQL - PRODUCT? Microsoft JDBC Driver 9.2 for SQL Server - 9.2.0.0
INFO  Mar 18 23:02:08 net.sf.persism.TestMSSQL - time to read procs 1: 6
INFO  Mar 18 23:02:08 net.sf.persism.TestMSSQL - [Procedure{examCodeNo=1, description='COW2'}]
INFO  Mar 18 23:02:08 net.sf.persism.TestMSSQL - time to read procs 2: 4
INFO  Mar 18 23:02:08 net.sf.persism.TestMSSQL - 1 COW2 0
INFO  Mar 18 23:02:08 net.sf.persism.TestMSSQL - time to display procs: 4
WARN  Mar 18 23:02:08 net.sf.persism.TestMSSQL - NULL? null
INFO  Mar 18 23:02:08 net.sf.persism.TestMSSQL - time to read procs 3: 4
]]></system-out>
  </testcase>
  <testcase name="testStoredProc" classname="net.sf.persism.TestMSSQL" time="0.415">
    <system-out><![CDATA[INFO  Mar 18 23:02:08 net.sf.persism.TestMSSQL - SQLMODE? true
INFO  Mar 18 23:02:08 net.sf.persism.TestMSSQL - dbContainer.getJdbcUrl(): jdbc:sqlserver://localhost:49398
INFO  Mar 18 23:02:08 net.sf.persism.TestMSSQL - PRODUCT? Microsoft JDBC Driver 9.2 for SQL Server - 9.2.0.0
INFO  Mar 18 23:02:08 net.sf.persism.BaseTest - CREATE PROCEDURE [dbo].[spCustomerOrders]
   @custId varchar(10)
AS
BEGIN
   -- SET NOCOUNT ON added to prevent extra result sets from
   -- interfering with SELECT statements.
   SET NOCOUNT ON;

    -- Insert statements for procedure here
   SELECT c.Customer_ID, c.Company_Name, o.ID Order_ID, 
      o.Name AS Description, o.Date_Paid, o.Created AS DateCreated, o.PAID 
        FROM ORDERS o
        JOIN Customers c ON o.Customer_ID = c.Customer_ID
   WHERE c.Customer_ID = @custId        
END
WARN  Mar 18 23:02:09 net.sf.persism.MetaData - Property not found for column: ROW_ID class: class net.sf.persism.dao.Order
WARN  Mar 18 23:02:09 net.sf.persism.MetaData - Property not found for column: STATUS class: class net.sf.persism.dao.Order
INFO  Mar 18 23:02:09 net.sf.persism.TestMSSQL - [CustomerOrder{customerId='123', companyName='ABC INC', description='ORDER 1', orderId=1, dateCreated=Thu Mar 18 00:00:00 ART 2021, datePaid=null, paid=true}, CustomerOrder{customerId='123', companyName='ABC INC', description='ORDER 2', orderId=2, dateCreated=Thu Mar 18 00:00:00 ART 2021, datePaid=null, paid=false}]
INFO  Mar 18 23:02:09 net.sf.persism.TestMSSQL - [CustomerOrder{customerId='123', companyName='ABC INC', description='ORDER 1', orderId=1, dateCreated=Thu Mar 18 00:00:00 ART 2021, datePaid=null, paid=true}, CustomerOrder{customerId='123', companyName='ABC INC', description='ORDER 2', orderId=2, dateCreated=Thu Mar 18 00:00:00 ART 2021, datePaid=null, paid=false}]
INFO  Mar 18 23:02:09 net.sf.persism.TestMSSQL - ORDERS?  []
INFO  Mar 18 23:02:09 net.sf.persism.TestMSSQL - ORDERS AGAIN?  [Order{id=1, name='ORDER 1', created=2021-03-18, paidDate=null, customerId='123', paid=true}, Order{id=2, name='ORDER 2', created=2021-03-18, paidDate=null, customerId='123', paid=false}]
]]></system-out>
  </testcase>
  <testcase name="testDetectAutoInc" classname="net.sf.persism.TestMSSQL" time="0.185">
    <system-out><![CDATA[INFO  Mar 18 23:02:09 net.sf.persism.TestMSSQL - SQLMODE? true
INFO  Mar 18 23:02:09 net.sf.persism.TestMSSQL - dbContainer.getJdbcUrl(): jdbc:sqlserver://localhost:49398
INFO  Mar 18 23:02:09 net.sf.persism.TestMSSQL - PRODUCT? Microsoft JDBC Driver 9.2 for SQL Server - 9.2.0.0
WARN  Mar 18 23:02:09 net.sf.persism.MetaData - Column ID is annotated as auto-increment but it is not a number type (StringType).
INFO  Mar 18 23:02:09 net.sf.persism.TestMSSQL - net.sf.persism.dao.DumbTableStringAutoInc@5b066c33
INFO  Mar 18 23:02:09 net.sf.persism.TestMSSQL - ID
INFO  Mar 18 23:02:09 net.sf.persism.TestMSSQL - true
INFO  Mar 18 23:02:09 net.sf.persism.TestMSSQL - NAME
INFO  Mar 18 23:02:09 net.sf.persism.TestMSSQL - false
INFO  Mar 18 23:02:09 net.sf.persism.TestMSSQL - ROW_ID
INFO  Mar 18 23:02:09 net.sf.persism.TestMSSQL - false
INFO  Mar 18 23:02:09 net.sf.persism.TestMSSQL - Customer_ID
INFO  Mar 18 23:02:09 net.sf.persism.TestMSSQL - false
INFO  Mar 18 23:02:09 net.sf.persism.TestMSSQL - PAID
INFO  Mar 18 23:02:09 net.sf.persism.TestMSSQL - false
INFO  Mar 18 23:02:09 net.sf.persism.TestMSSQL - STATUS
INFO  Mar 18 23:02:09 net.sf.persism.TestMSSQL - false
INFO  Mar 18 23:02:09 net.sf.persism.TestMSSQL - CREATED
INFO  Mar 18 23:02:09 net.sf.persism.TestMSSQL - false
INFO  Mar 18 23:02:09 net.sf.persism.TestMSSQL - DATE_PAID
INFO  Mar 18 23:02:09 net.sf.persism.TestMSSQL - false
INFO  Mar 18 23:02:09 net.sf.persism.TestMSSQL - DATESOMETHING
INFO  Mar 18 23:02:09 net.sf.persism.TestMSSQL - false
]]></system-out>
  </testcase>
  <testcase name="testNullPointerWithTableTypes" classname="net.sf.persism.TestMSSQL" time="0.127">
    <system-out><![CDATA[INFO  Mar 18 23:02:09 net.sf.persism.TestMSSQL - SQLMODE? true
INFO  Mar 18 23:02:09 net.sf.persism.TestMSSQL - dbContainer.getJdbcUrl(): jdbc:sqlserver://localhost:49398
INFO  Mar 18 23:02:09 net.sf.persism.TestMSSQL - PRODUCT? Microsoft JDBC Driver 9.2 for SQL Server - 9.2.0.0
INFO  Mar 18 23:02:09 net.sf.persism.TestMSSQL - Contacts
INFO  Mar 18 23:02:09 net.sf.persism.TestMSSQL - Customers
INFO  Mar 18 23:02:09 net.sf.persism.TestMSSQL - DateTestLocalTypes
INFO  Mar 18 23:02:09 net.sf.persism.TestMSSQL - DateTestSQLTypes
INFO  Mar 18 23:02:09 net.sf.persism.TestMSSQL - DumbTableStringAutoInc
INFO  Mar 18 23:02:09 net.sf.persism.TestMSSQL - EXAMCODE
INFO  Mar 18 23:02:09 net.sf.persism.TestMSSQL - EXAMS
INFO  Mar 18 23:02:09 net.sf.persism.TestMSSQL - MSreplication_options
INFO  Mar 18 23:02:09 net.sf.persism.TestMSSQL - Orders
INFO  Mar 18 23:02:09 net.sf.persism.TestMSSQL - ROOMS
INFO  Mar 18 23:02:09 net.sf.persism.TestMSSQL - spt_fallback_db
INFO  Mar 18 23:02:09 net.sf.persism.TestMSSQL - spt_fallback_dev
INFO  Mar 18 23:02:09 net.sf.persism.TestMSSQL - spt_fallback_usg
INFO  Mar 18 23:02:09 net.sf.persism.TestMSSQL - spt_monitor
INFO  Mar 18 23:02:09 net.sf.persism.TestMSSQL - TABLENOPRIMARY
INFO  Mar 18 23:02:09 net.sf.persism.TestMSSQL - USERS
INFO  Mar 18 23:02:09 net.sf.persism.TestMSSQL - trace_xe_action_map
INFO  Mar 18 23:02:09 net.sf.persism.TestMSSQL - trace_xe_event_map
]]></system-out>
  </testcase>
  <testcase name="testOutsideEnum" classname="net.sf.persism.TestMSSQL" time="0.36">
    <system-out><![CDATA[INFO  Mar 18 23:02:09 net.sf.persism.TestMSSQL - SQLMODE? true
INFO  Mar 18 23:02:09 net.sf.persism.TestMSSQL - dbContainer.getJdbcUrl(): jdbc:sqlserver://localhost:49398
INFO  Mar 18 23:02:09 net.sf.persism.TestMSSQL - PRODUCT? Microsoft JDBC Driver 9.2 for SQL Server - 9.2.0.0
ERROR Mar 18 23:02:09 net.sf.persism.TestMSSQL - Object class net.sf.persism.dao.Customer. Column: Region Type of property: class net.sf.persism.dao.Regions - Type read: class java.lang.String VALUE: NOTAREGION
net.sf.persism.PersismException: Object class net.sf.persism.dao.Customer. Column: Region Type of property: class net.sf.persism.dao.Regions - Type read: class java.lang.String VALUE: NOTAREGION
	at net.sf.persism.Session.fetch(Session.java:476)
	at net.sf.persism.TestMSSQL.testOutsideEnum(TestMSSQL.java:716)
	at sun.reflect.NativeMethodAccessorImpl.invoke0(Native Method)
	at sun.reflect.NativeMethodAccessorImpl.invoke(NativeMethodAccessorImpl.java:62)
	at sun.reflect.DelegatingMethodAccessorImpl.invoke(DelegatingMethodAccessorImpl.java:43)
	at java.lang.reflect.Method.invoke(Method.java:498)
	at junit.framework.TestCase.runTest(TestCase.java:177)
	at junit.framework.TestCase.runBare(TestCase.java:142)
	at junit.framework.TestResult$1.protect(TestResult.java:122)
	at junit.framework.TestResult.runProtected(TestResult.java:142)
	at junit.framework.TestResult.run(TestResult.java:125)
	at junit.framework.TestCase.run(TestCase.java:130)
	at junit.framework.TestSuite.runTest(TestSuite.java:241)
	at junit.framework.TestSuite.run(TestSuite.java:236)
	at org.junit.internal.runners.JUnit38ClassRunner.run(JUnit38ClassRunner.java:90)
	at org.junit.runners.Suite.runChild(Suite.java:128)
	at org.junit.runners.Suite.runChild(Suite.java:27)
	at org.junit.runners.ParentRunner$4.run(ParentRunner.java:331)
	at org.junit.runners.ParentRunner$1.schedule(ParentRunner.java:79)
	at org.junit.runners.ParentRunner.runChildren(ParentRunner.java:329)
	at org.junit.runners.ParentRunner.access$100(ParentRunner.java:66)
	at org.junit.runners.ParentRunner$2.evaluate(ParentRunner.java:293)
	at org.junit.runners.ParentRunner$3.evaluate(ParentRunner.java:306)
	at org.junit.runners.ParentRunner.run(ParentRunner.java:413)
	at org.apache.maven.surefire.junitcore.JUnitCore.run(JUnitCore.java:55)
	at org.apache.maven.surefire.junitcore.JUnitCoreWrapper.createRequestAndRun(JUnitCoreWrapper.java:137)
	at org.apache.maven.surefire.junitcore.JUnitCoreWrapper.executeEager(JUnitCoreWrapper.java:107)
	at org.apache.maven.surefire.junitcore.JUnitCoreWrapper.execute(JUnitCoreWrapper.java:83)
	at org.apache.maven.surefire.junitcore.JUnitCoreWrapper.execute(JUnitCoreWrapper.java:75)
	at org.apache.maven.surefire.junitcore.JUnitCoreProvider.invoke(JUnitCoreProvider.java:157)
	at org.apache.maven.surefire.booter.ForkedBooter.runSuitesInProcess(ForkedBooter.java:428)
	at org.apache.maven.surefire.booter.ForkedBooter.execute(ForkedBooter.java:162)
	at org.apache.maven.surefire.booter.ForkedBooter.run(ForkedBooter.java:562)
	at org.apache.maven.surefire.booter.ForkedBooter.main(ForkedBooter.java:548)
Caused by: net.sf.persism.PersismException: Object class net.sf.persism.dao.Customer. Column: Region Type of property: class net.sf.persism.dao.Regions - Type read: class java.lang.String VALUE: NOTAREGION
	at net.sf.persism.Session.readObject(Session.java:626)
	at net.sf.persism.Session.fetch(Session.java:469)
	... 33 common frames omitted
Caused by: java.lang.IllegalArgumentException: argument type mismatch
	at sun.reflect.NativeMethodAccessorImpl.invoke0(Native Method)
	at sun.reflect.NativeMethodAccessorImpl.invoke(NativeMethodAccessorImpl.java:62)
	at sun.reflect.DelegatingMethodAccessorImpl.invoke(DelegatingMethodAccessorImpl.java:43)
	at java.lang.reflect.Method.invoke(Method.java:498)
	at net.sf.persism.Session.readObject(Session.java:623)
	... 34 common frames omitted
]]></system-out>
  </testcase>
  <testcase name="testInsert" classname="net.sf.persism.TestMSSQL" time="0.033">
    <system-out><![CDATA[INFO  Mar 18 23:02:09 net.sf.persism.TestMSSQL - SQLMODE? true
INFO  Mar 18 23:02:09 net.sf.persism.TestMSSQL - dbContainer.getJdbcUrl(): jdbc:sqlserver://localhost:49398
INFO  Mar 18 23:02:09 net.sf.persism.TestMSSQL - PRODUCT? Microsoft JDBC Driver 9.2 for SQL Server - 9.2.0.0
INFO  Mar 18 23:02:09 net.sf.persism.TestMSSQL - Procedure{examCodeNo=1, description='TEST 99 LKJHDSLKJSDH'}
]]></system-out>
  </testcase>
  <testcase name="testUpdate" classname="net.sf.persism.TestMSSQL" time="0.045">
    <system-out><![CDATA[INFO  Mar 18 23:02:09 net.sf.persism.TestMSSQL - SQLMODE? true
INFO  Mar 18 23:02:09 net.sf.persism.TestMSSQL - dbContainer.getJdbcUrl(): jdbc:sqlserver://localhost:49398
INFO  Mar 18 23:02:09 net.sf.persism.TestMSSQL - PRODUCT? Microsoft JDBC Driver 9.2 for SQL Server - 9.2.0.0
WARN  Mar 18 23:02:09 net.sf.persism.Session - Possible overflow column ID - Target type is INT and Value type is LONG net.sf.persism.Session.update(Session.java:148)
]]></system-out>
  </testcase>
  <testcase name="testStoredProcs" classname="net.sf.persism.TestMSSQL" time="0.027">
    <system-out><![CDATA[INFO  Mar 18 23:02:10 net.sf.persism.TestMSSQL - SQLMODE? true
INFO  Mar 18 23:02:10 net.sf.persism.TestMSSQL - dbContainer.getJdbcUrl(): jdbc:sqlserver://localhost:49398
INFO  Mar 18 23:02:10 net.sf.persism.TestMSSQL - PRODUCT? Microsoft JDBC Driver 9.2 for SQL Server - 9.2.0.0
]]></system-out>
  </testcase>
  <testcase name="testQueryResult" classname="net.sf.persism.TestMSSQL" time="0.332">
    <system-out><![CDATA[INFO  Mar 18 23:02:10 net.sf.persism.TestMSSQL - SQLMODE? true
INFO  Mar 18 23:02:10 net.sf.persism.TestMSSQL - dbContainer.getJdbcUrl(): jdbc:sqlserver://localhost:49398
INFO  Mar 18 23:02:10 net.sf.persism.TestMSSQL - PRODUCT? Microsoft JDBC Driver 9.2 for SQL Server - 9.2.0.0
INFO  Mar 18 23:02:10 net.sf.persism.BaseTest - SELECT c.Customer_ID, c.Company_Name, o.ID Order_ID, o.Name AS Description, o.Date_Paid, o.Created AS DateCreated, o.PAID  FROM Orders o JOIN Customers c ON o.Customer_ID = c.Customer_ID
INFO  Mar 18 23:02:10 net.sf.persism.BaseTest - [CustomerOrder{customerId='123', companyName='ABC INC', description='ORDER 1', orderId=1, dateCreated=Thu Mar 18 00:00:00 ART 2021, datePaid=Thu Mar 18 23:02:10 ART 2021, paid=true}, CustomerOrder{customerId='123', companyName='ABC INC', description='ORDER 2', orderId=2, dateCreated=Thu Mar 18 00:00:00 ART 2021, datePaid=null, paid=false}, CustomerOrder{customerId='456', companyName='XYZ INC', description='ORDER 3', orderId=3, dateCreated=Thu Mar 18 00:00:00 ART 2021, datePaid=null, paid=false}, CustomerOrder{customerId='456', companyName='XYZ INC', description='ORDER 4', orderId=4, dateCreated=Thu Mar 18 00:00:00 ART 2021, datePaid=null, paid=false}]
INFO  Mar 18 23:02:10 net.sf.persism.BaseTest - date created? Thu Mar 18 00:00:00 ART 2021
INFO  Mar 18 23:02:10 net.sf.persism.BaseTest - date paid? Thu Mar 18 23:02:10 ART 2021
INFO  Mar 18 23:02:10 net.sf.persism.BaseTest - date created? Thu Mar 18 00:00:00 ART 2021
INFO  Mar 18 23:02:10 net.sf.persism.BaseTest - date paid? null
INFO  Mar 18 23:02:10 net.sf.persism.BaseTest - date created? Thu Mar 18 00:00:00 ART 2021
INFO  Mar 18 23:02:10 net.sf.persism.BaseTest - date paid? null
INFO  Mar 18 23:02:10 net.sf.persism.BaseTest - date created? Thu Mar 18 00:00:00 ART 2021
INFO  Mar 18 23:02:10 net.sf.persism.BaseTest - date paid? null
]]></system-out>
  </testcase>
  <testcase name="testReadPrimitive" classname="net.sf.persism.TestMSSQL" time="0.065">
    <system-out><![CDATA[INFO  Mar 18 23:02:10 net.sf.persism.TestMSSQL - SQLMODE? true
INFO  Mar 18 23:02:10 net.sf.persism.TestMSSQL - dbContainer.getJdbcUrl(): jdbc:sqlserver://localhost:49398
INFO  Mar 18 23:02:10 net.sf.persism.TestMSSQL - PRODUCT? Microsoft JDBC Driver 9.2 for SQL Server - 9.2.0.0
INFO  Mar 18 23:02:10 net.sf.persism.BaseTest - [2021-03-18]
INFO  Mar 18 23:02:10 net.sf.persism.BaseTest - 2021-03-18
INFO  Mar 18 23:02:10 net.sf.persism.BaseTest - [2021-03-18]
INFO  Mar 18 23:02:10 net.sf.persism.BaseTest - 2021-03-18
]]></system-out>
  </testcase>
  <testcase name="testDates" classname="net.sf.persism.TestMSSQL" time="0.131">
    <system-out><![CDATA[INFO  Mar 18 23:02:10 net.sf.persism.TestMSSQL - SQLMODE? true
INFO  Mar 18 23:02:10 net.sf.persism.TestMSSQL - dbContainer.getJdbcUrl(): jdbc:sqlserver://localhost:49398
INFO  Mar 18 23:02:10 net.sf.persism.TestMSSQL - PRODUCT? Microsoft JDBC Driver 9.2 for SQL Server - 9.2.0.0
INFO  Mar 18 23:02:10 net.sf.persism.BaseTest - []
INFO  Mar 18 23:02:10 net.sf.persism.BaseTest - 2012-05-28T01:01:01
INFO  Mar 18 23:02:10 net.sf.persism.BaseTest - 2011-06-12 18:52:25.0
]]></system-out>
  </testcase>
  <testcase name="testQueryWithSpecificColumnsWhereCaseDoesNotMatch" classname="net.sf.persism.TestMSSQL" time="0.667">
    <system-out><![CDATA[INFO  Mar 18 23:02:10 net.sf.persism.TestMSSQL - SQLMODE? true
INFO  Mar 18 23:02:10 net.sf.persism.TestMSSQL - dbContainer.getJdbcUrl(): jdbc:sqlserver://localhost:49398
INFO  Mar 18 23:02:10 net.sf.persism.TestMSSQL - PRODUCT? Microsoft JDBC Driver 9.2 for SQL Server - 9.2.0.0
INFO  Mar 18 23:02:10 net.sf.persism.BaseTest - testQueryWithSpecificColumnsWhereCaseDoesNotMatch with : jdbc:sqlserver://localhost:49398;maxResultBuffer=-1;sendTemporalDataTypesAsStringForBulkCopy=true;delayLoadingLobs=true;useFmtOnly=false;useBulkCopyForBatchInsert=false;cancelQueryTimeout=-1;sslProtocol=TLS;jaasConfigurationName=SQLJDBCDriver;statementPoolingCacheSize=0;serverPreparedStatementDiscardThreshold=10;enablePrepareOnFirstPreparedStatementCall=false;fips=false;socketTimeout=0;authentication=NotSpecified;authenticationScheme=nativeAuthentication;xopenStates=false;sendTimeAsDatetime=true;trustStoreType=JKS;trustServerCertificate=false;TransparentNetworkIPResolution=true;serverNameAsACE=false;sendStringParametersAsUnicode=true;selectMethod=direct;responseBuffering=adaptive;queryTimeout=-1;packetSize=8000;multiSubnetFailover=false;loginTimeout=15;lockTimeout=-1;lastUpdateCount=true;encrypt=false;disableStatementPooling=true;columnEncryptionSetting=Disabled;applicationName=Microsoft JDBC Driver for SQL Server;applicationIntent=readwrite;
ERROR Mar 18 23:02:10 net.sf.persism.BaseTest - Object class net.sf.persism.dao.Customer was not properly initialized. Some properties not initialized by the queried columns: [Country, PHONE] Missing:[Address, City, TestLocalDate, TestLocalDateTime, Contact_Name, Date_Registered, STATUS, Customer_ID, Date_Of_Last_Order, Phone, Contact_Title, Postal_Code, Region, Company_Name, Fax]
net.sf.persism.PersismException: Object class net.sf.persism.dao.Customer was not properly initialized. Some properties not initialized by the queried columns: [Country, PHONE] Missing:[Address, City, TestLocalDate, TestLocalDateTime, Contact_Name, Date_Registered, STATUS, Customer_ID, Date_Of_Last_Order, Phone, Contact_Title, Postal_Code, Region, Company_Name, Fax]
	at net.sf.persism.Session.query(Session.java:412)
	at net.sf.persism.BaseTest.testQueryWithSpecificColumnsWhereCaseDoesNotMatch(BaseTest.java:189)
	at sun.reflect.NativeMethodAccessorImpl.invoke0(Native Method)
	at sun.reflect.NativeMethodAccessorImpl.invoke(NativeMethodAccessorImpl.java:62)
	at sun.reflect.DelegatingMethodAccessorImpl.invoke(DelegatingMethodAccessorImpl.java:43)
	at java.lang.reflect.Method.invoke(Method.java:498)
	at junit.framework.TestCase.runTest(TestCase.java:177)
	at junit.framework.TestCase.runBare(TestCase.java:142)
	at junit.framework.TestResult$1.protect(TestResult.java:122)
	at junit.framework.TestResult.runProtected(TestResult.java:142)
	at junit.framework.TestResult.run(TestResult.java:125)
	at junit.framework.TestCase.run(TestCase.java:130)
	at junit.framework.TestSuite.runTest(TestSuite.java:241)
	at junit.framework.TestSuite.run(TestSuite.java:236)
	at org.junit.internal.runners.JUnit38ClassRunner.run(JUnit38ClassRunner.java:90)
	at org.junit.runners.Suite.runChild(Suite.java:128)
	at org.junit.runners.Suite.runChild(Suite.java:27)
	at org.junit.runners.ParentRunner$4.run(ParentRunner.java:331)
	at org.junit.runners.ParentRunner$1.schedule(ParentRunner.java:79)
	at org.junit.runners.ParentRunner.runChildren(ParentRunner.java:329)
	at org.junit.runners.ParentRunner.access$100(ParentRunner.java:66)
	at org.junit.runners.ParentRunner$2.evaluate(ParentRunner.java:293)
	at org.junit.runners.ParentRunner$3.evaluate(ParentRunner.java:306)
	at org.junit.runners.ParentRunner.run(ParentRunner.java:413)
	at org.apache.maven.surefire.junitcore.JUnitCore.run(JUnitCore.java:55)
	at org.apache.maven.surefire.junitcore.JUnitCoreWrapper.createRequestAndRun(JUnitCoreWrapper.java:137)
	at org.apache.maven.surefire.junitcore.JUnitCoreWrapper.executeEager(JUnitCoreWrapper.java:107)
	at org.apache.maven.surefire.junitcore.JUnitCoreWrapper.execute(JUnitCoreWrapper.java:83)
	at org.apache.maven.surefire.junitcore.JUnitCoreWrapper.execute(JUnitCoreWrapper.java:75)
	at org.apache.maven.surefire.junitcore.JUnitCoreProvider.invoke(JUnitCoreProvider.java:157)
	at org.apache.maven.surefire.booter.ForkedBooter.runSuitesInProcess(ForkedBooter.java:428)
	at org.apache.maven.surefire.booter.ForkedBooter.execute(ForkedBooter.java:162)
	at org.apache.maven.surefire.booter.ForkedBooter.run(ForkedBooter.java:562)
	at org.apache.maven.surefire.booter.ForkedBooter.main(ForkedBooter.java:548)
Caused by: net.sf.persism.PersismException: Object class net.sf.persism.dao.Customer was not properly initialized. Some properties not initialized by the queried columns: [Country, PHONE] Missing:[Address, City, TestLocalDate, TestLocalDateTime, Contact_Name, Date_Registered, STATUS, Customer_ID, Date_Of_Last_Order, Phone, Contact_Title, Postal_Code, Region, Company_Name, Fax]
	at net.sf.persism.Session.readObject(Session.java:641)
	at net.sf.persism.Session.query(Session.java:404)
	... 33 common frames omitted
Caused by: java.lang.Throwable: Object class net.sf.persism.dao.Customer was not properly initialized. Some properties not initialized by the queried columns: [Country, PHONE] Missing:[Address, City, TestLocalDate, TestLocalDateTime, Contact_Name, Date_Registered, STATUS, Customer_ID, Date_Of_Last_Order, Phone, Contact_Title, Postal_Code, Region, Company_Name, Fax]
	at net.sf.persism.PersismException.<init>(PersismException.java:18)
	... 35 common frames omitted
INFO  Mar 18 23:02:10 net.sf.persism.BaseTest - [Customer{customerId='MOO', companyName='TEST', contactName='fred flintstone', contactTitle='Lord', address='123 sesame street', city='city', region=North, postalCode='54321', country='US', phone='456-678-1234', fax='123-456-7890', dateRegistered=2021-03-18 23:02:10.737, dateOfLastOrder=null}]
]]></system-out>
  </testcase>
  <testcase name="testRefreshObject" classname="net.sf.persism.TestMSSQL" time="0.085">
    <system-out><![CDATA[INFO  Mar 18 23:02:10 net.sf.persism.TestMSSQL - SQLMODE? true
INFO  Mar 18 23:02:10 net.sf.persism.TestMSSQL - dbContainer.getJdbcUrl(): jdbc:sqlserver://localhost:49398
INFO  Mar 18 23:02:10 net.sf.persism.TestMSSQL - PRODUCT? Microsoft JDBC Driver 9.2 for SQL Server - 9.2.0.0
INFO  Mar 18 23:02:10 net.sf.persism.BaseTest - testRefreshObject with : jdbc:sqlserver://localhost:49398;maxResultBuffer=-1;sendTemporalDataTypesAsStringForBulkCopy=true;delayLoadingLobs=true;useFmtOnly=false;useBulkCopyForBatchInsert=false;cancelQueryTimeout=-1;sslProtocol=TLS;jaasConfigurationName=SQLJDBCDriver;statementPoolingCacheSize=0;serverPreparedStatementDiscardThreshold=10;enablePrepareOnFirstPreparedStatementCall=false;fips=false;socketTimeout=0;authentication=NotSpecified;authenticationScheme=nativeAuthentication;xopenStates=false;sendTimeAsDatetime=true;trustStoreType=JKS;trustServerCertificate=false;TransparentNetworkIPResolution=true;serverNameAsACE=false;sendStringParametersAsUnicode=true;selectMethod=direct;responseBuffering=adaptive;queryTimeout=-1;packetSize=8000;multiSubnetFailover=false;loginTimeout=15;lockTimeout=-1;lastUpdateCount=true;encrypt=false;disableStatementPooling=true;columnEncryptionSetting=Disabled;applicationName=Microsoft JDBC Driver for SQL Server;applicationIntent=readwrite;
INFO  Mar 18 23:02:10 net.sf.persism.BaseTest - 2021-03-18 = ? 2021-03-18
]]></system-out>
  </testcase>
  <testcase name="testGetDbMetaData" classname="net.sf.persism.TestMSSQL" time="0.017">
    <system-out><![CDATA[INFO  Mar 18 23:02:10 net.sf.persism.TestMSSQL - SQLMODE? true
INFO  Mar 18 23:02:10 net.sf.persism.TestMSSQL - dbContainer.getJdbcUrl(): jdbc:sqlserver://localhost:49398
INFO  Mar 18 23:02:11 net.sf.persism.TestMSSQL - PRODUCT? Microsoft JDBC Driver 9.2 for SQL Server - 9.2.0.0
]]></system-out>
  </testcase>
</testsuite>